[0.023s] Invoking command in '/workspaces/depthai-ros/build/depthai_bridge': AMENT_PREFIX_PATH=/workspaces/depthai-ros/install/depthai_ros_msgs:${AMENT_PREFIX_PATH} CMAKE_PREFIX_PATH=/workspaces/depthai-ros/install/depthai_ros_msgs:/ws/install:/opt/ros/humble LD_LIBRARY_PATH=/workspaces/depthai-ros/install/depthai_ros_msgs/lib:${LD_LIBRARY_PATH} PYTHONPATH=/workspaces/depthai-ros/install/depthai_ros_msgs/local/lib/python3.10/dist-packages:${PYTHONPATH} /usr/bin/cmake --build /workspaces/depthai-ros/build/depthai_bridge -- -j6 -l6
[0.216s] [100%] Built target depthai_bridge
[0.244s] Invoked command in '/workspaces/depthai-ros/build/depthai_bridge' returned '0': AMENT_PREFIX_PATH=/workspaces/depthai-ros/install/depthai_ros_msgs:${AMENT_PREFIX_PATH} CMAKE_PREFIX_PATH=/workspaces/depthai-ros/install/depthai_ros_msgs:/ws/install:/opt/ros/humble LD_LIBRARY_PATH=/workspaces/depthai-ros/install/depthai_ros_msgs/lib:${LD_LIBRARY_PATH} PYTHONPATH=/workspaces/depthai-ros/install/depthai_ros_msgs/local/lib/python3.10/dist-packages:${PYTHONPATH} /usr/bin/cmake --build /workspaces/depthai-ros/build/depthai_bridge -- -j6 -l6
[0.322s] Invoking command in '/workspaces/depthai-ros/build/depthai_bridge': AMENT_PREFIX_PATH=/workspaces/depthai-ros/install/depthai_ros_msgs:${AMENT_PREFIX_PATH} CMAKE_PREFIX_PATH=/workspaces/depthai-ros/install/depthai_ros_msgs:/ws/install:/opt/ros/humble LD_LIBRARY_PATH=/workspaces/depthai-ros/install/depthai_ros_msgs/lib:${LD_LIBRARY_PATH} PYTHONPATH=/workspaces/depthai-ros/install/depthai_ros_msgs/local/lib/python3.10/dist-packages:${PYTHONPATH} /usr/bin/cmake --install /workspaces/depthai-ros/build/depthai_bridge
[0.344s] -- Install configuration: ""
[0.345s] -- Up-to-date: /workspaces/depthai-ros/install/depthai_bridge/share/depthai_bridge/environment/library_path.sh
[0.346s] -- Up-to-date: /workspaces/depthai-ros/install/depthai_bridge/share/depthai_bridge/environment/library_path.dsv
[0.346s] -- Up-to-date: /workspaces/depthai-ros/install/depthai_bridge/include/
[0.346s] -- Up-to-date: /workspaces/depthai-ros/install/depthai_bridge/include//depthai_bridge
[0.346s] -- Up-to-date: /workspaces/depthai-ros/install/depthai_bridge/include//depthai_bridge/ImageConverter.hpp
[0.346s] -- Up-to-date: /workspaces/depthai-ros/install/depthai_bridge/include//depthai_bridge/ImgDetectionConverter.hpp
[0.347s] -- Up-to-date: /workspaces/depthai-ros/install/depthai_bridge/include//depthai_bridge/TrackSpatialDetectionConverter.hpp
[0.347s] -- Up-to-date: /workspaces/depthai-ros/install/depthai_bridge/include//depthai_bridge/TFPublisher.hpp
[0.347s] -- Up-to-date: /workspaces/depthai-ros/install/depthai_bridge/include//depthai_bridge/DisparityConverter.hpp
[0.347s] -- Up-to-date: /workspaces/depthai-ros/install/depthai_bridge/include//depthai_bridge/BridgePublisher.hpp
[0.347s] -- Up-to-date: /workspaces/depthai-ros/install/depthai_bridge/include//depthai_bridge/TrackedFeaturesConverter.hpp
[0.347s] -- Up-to-date: /workspaces/depthai-ros/install/depthai_bridge/include//depthai_bridge/ImuConverter.hpp
[0.348s] -- Up-to-date: /workspaces/depthai-ros/install/depthai_bridge/include//depthai_bridge/SpatialDetectionConverter.hpp
[0.348s] -- Up-to-date: /workspaces/depthai-ros/install/depthai_bridge/include//depthai_bridge/TrackDetectionConverter.hpp
[0.348s] -- Up-to-date: /workspaces/depthai-ros/install/depthai_bridge/include//depthai_bridge/depthaiUtility.hpp
[0.348s] -- Up-to-date: /workspaces/depthai-ros/install/depthai_bridge/lib/libdepthai_bridge.so
[0.348s] -- Up-to-date: /workspaces/depthai-ros/install/depthai_bridge/share/depthai_bridge/cmake/depthai_bridgeTargets.cmake
[0.348s] -- Up-to-date: /workspaces/depthai-ros/install/depthai_bridge/share/depthai_bridge/cmake/depthai_bridgeTargets-noconfig.cmake
[0.348s] -- Up-to-date: /workspaces/depthai-ros/install/depthai_bridge/share/depthai_bridge/rviz
[0.349s] -- Up-to-date: /workspaces/depthai-ros/install/depthai_bridge/share/depthai_bridge/rviz/pointCloud.rviz
[0.349s] -- Up-to-date: /workspaces/depthai-ros/install/depthai_bridge/share/ament_index/resource_index/package_run_dependencies/depthai_bridge
[0.349s] -- Up-to-date: /workspaces/depthai-ros/install/depthai_bridge/share/ament_index/resource_index/parent_prefix_path/depthai_bridge
[0.349s] -- Up-to-date: /workspaces/depthai-ros/install/depthai_bridge/share/depthai_bridge/environment/ament_prefix_path.sh
[0.349s] -- Up-to-date: /workspaces/depthai-ros/install/depthai_bridge/share/depthai_bridge/environment/ament_prefix_path.dsv
[0.349s] -- Up-to-date: /workspaces/depthai-ros/install/depthai_bridge/share/depthai_bridge/environment/path.sh
[0.350s] -- Up-to-date: /workspaces/depthai-ros/install/depthai_bridge/share/depthai_bridge/environment/path.dsv
[0.350s] -- Up-to-date: /workspaces/depthai-ros/install/depthai_bridge/share/depthai_bridge/local_setup.bash
[0.350s] -- Up-to-date: /workspaces/depthai-ros/install/depthai_bridge/share/depthai_bridge/local_setup.sh
[0.350s] -- Up-to-date: /workspaces/depthai-ros/install/depthai_bridge/share/depthai_bridge/local_setup.zsh
[0.350s] -- Up-to-date: /workspaces/depthai-ros/install/depthai_bridge/share/depthai_bridge/local_setup.dsv
[0.350s] -- Installing: /workspaces/depthai-ros/install/depthai_bridge/share/depthai_bridge/package.dsv
[0.351s] -- Up-to-date: /workspaces/depthai-ros/install/depthai_bridge/share/ament_index/resource_index/packages/depthai_bridge
[0.351s] -- Up-to-date: /workspaces/depthai-ros/install/depthai_bridge/share/depthai_bridge/cmake/depthai_bridgeTargetsExport.cmake
[0.351s] -- Up-to-date: /workspaces/depthai-ros/install/depthai_bridge/share/depthai_bridge/cmake/depthai_bridgeTargetsExport-noconfig.cmake
[0.351s] -- Up-to-date: /workspaces/depthai-ros/install/depthai_bridge/share/depthai_bridge/cmake/ament_cmake_export_targets-extras.cmake
[0.351s] -- Up-to-date: /workspaces/depthai-ros/install/depthai_bridge/share/depthai_bridge/cmake/ament_cmake_export_include_directories-extras.cmake
[0.351s] -- Up-to-date: /workspaces/depthai-ros/install/depthai_bridge/share/depthai_bridge/cmake/ament_cmake_export_libraries-extras.cmake
[0.352s] -- Up-to-date: /workspaces/depthai-ros/install/depthai_bridge/share/depthai_bridge/cmake/ament_cmake_export_dependencies-extras.cmake
[0.352s] -- Up-to-date: /workspaces/depthai-ros/install/depthai_bridge/share/depthai_bridge/cmake/depthai_bridgeConfig.cmake
[0.352s] -- Up-to-date: /workspaces/depthai-ros/install/depthai_bridge/share/depthai_bridge/cmake/depthai_bridgeConfig-version.cmake
[0.352s] -- Up-to-date: /workspaces/depthai-ros/install/depthai_bridge/share/depthai_bridge/package.xml
[0.363s] Invoked command in '/workspaces/depthai-ros/build/depthai_bridge' returned '0': AMENT_PREFIX_PATH=/workspaces/depthai-ros/install/depthai_ros_msgs:${AMENT_PREFIX_PATH} CMAKE_PREFIX_PATH=/workspaces/depthai-ros/install/depthai_ros_msgs:/ws/install:/opt/ros/humble LD_LIBRARY_PATH=/workspaces/depthai-ros/install/depthai_ros_msgs/lib:${LD_LIBRARY_PATH} PYTHONPATH=/workspaces/depthai-ros/install/depthai_ros_msgs/local/lib/python3.10/dist-packages:${PYTHONPATH} /usr/bin/cmake --install /workspaces/depthai-ros/build/depthai_bridge
