[0.040s] Invoking command in '/workspaces/depthai-ros/build/depthai_ros_msgs': CMAKE_PREFIX_PATH=${CMAKE_PREFIX_PATH}:/opt/ros/humble /usr/bin/cmake --build /workspaces/depthai-ros/build/depthai_ros_msgs -- -j6 -l6
[0.170s] [35m[1mConsolidate compiler generated dependencies of target depthai_ros_msgs__rosidl_generator_c[0m
[0.201s] [  0%] Built target ament_cmake_python_copy_depthai_ros_msgs
[0.207s] [  2%] Built target depthai_ros_msgs__cpp
[0.208s] [ 12%] Built target depthai_ros_msgs__rosidl_generator_c
[0.241s] [35m[1mConsolidate compiler generated dependencies of target depthai_ros_msgs__rosidl_typesupport_introspection_c[0m
[0.241s] [35m[1mConsolidate compiler generated dependencies of target depthai_ros_msgs__rosidl_typesupport_fastrtps_c[0m
[0.262s] [35m[1mConsolidate compiler generated dependencies of target depthai_ros_msgs__rosidl_typesupport_c[0m
[0.302s] [35m[1mConsolidate compiler generated dependencies of target depthai_ros_msgs__rosidl_typesupport_introspection_cpp[0m
[0.378s] [ 24%] Built target depthai_ros_msgs__rosidl_typesupport_introspection_c
[0.390s] [ 36%] Built target depthai_ros_msgs__rosidl_typesupport_c
[0.470s] [ 48%] Built target depthai_ros_msgs__rosidl_typesupport_introspection_cpp
[0.498s] [ 60%] Built target depthai_ros_msgs__rosidl_typesupport_fastrtps_c
[0.506s] [35m[1mConsolidate compiler generated dependencies of target depthai_ros_msgs__rosidl_typesupport_cpp[0m
[0.527s] [35m[1mConsolidate compiler generated dependencies of target depthai_ros_msgs__rosidl_typesupport_fastrtps_cpp[0m
[0.670s] [ 72%] Built target depthai_ros_msgs__rosidl_typesupport_cpp
[0.708s] [ 83%] Built target depthai_ros_msgs__rosidl_typesupport_fastrtps_cpp
[0.738s] running egg_info
[0.742s] writing depthai_ros_msgs.egg-info/PKG-INFO
[0.742s] writing dependency_links to depthai_ros_msgs.egg-info/dependency_links.txt
[0.743s] writing top-level names to depthai_ros_msgs.egg-info/top_level.txt
[0.747s] reading manifest file 'depthai_ros_msgs.egg-info/SOURCES.txt'
[0.750s] writing manifest file 'depthai_ros_msgs.egg-info/SOURCES.txt'
[0.854s] [ 83%] Built target depthai_ros_msgs
[0.856s] [ 83%] Built target ament_cmake_python_build_depthai_ros_msgs_egg
[0.915s] [ 84%] Built target depthai_ros_msgs__py
[0.946s] [35m[1mConsolidate compiler generated dependencies of target depthai_ros_msgs__rosidl_generator_py[0m
[1.008s] [ 95%] Built target depthai_ros_msgs__rosidl_generator_py
[1.032s] [35m[1mConsolidate compiler generated dependencies of target depthai_ros_msgs__rosidl_typesupport_fastrtps_c__pyext[0m
[1.035s] [35m[1mConsolidate compiler generated dependencies of target depthai_ros_msgs__rosidl_typesupport_introspection_c__pyext[0m
[1.051s] [35m[1mConsolidate compiler generated dependencies of target depthai_ros_msgs__rosidl_typesupport_c__pyext[0m
[1.081s] [ 97%] Built target depthai_ros_msgs__rosidl_typesupport_introspection_c__pyext
[1.131s] [ 99%] Built target depthai_ros_msgs__rosidl_typesupport_fastrtps_c__pyext
[1.134s] [100%] Built target depthai_ros_msgs__rosidl_typesupport_c__pyext
[1.179s] Invoked command in '/workspaces/depthai-ros/build/depthai_ros_msgs' returned '0': CMAKE_PREFIX_PATH=${CMAKE_PREFIX_PATH}:/opt/ros/humble /usr/bin/cmake --build /workspaces/depthai-ros/build/depthai_ros_msgs -- -j6 -l6
[1.760s] Invoking command in '/workspaces/depthai-ros/build/depthai_ros_msgs': CMAKE_PREFIX_PATH=${CMAKE_PREFIX_PATH}:/opt/ros/humble /usr/bin/cmake --install /workspaces/depthai-ros/build/depthai_ros_msgs
[1.779s] -- Install configuration: ""
[1.780s] -- Up-to-date: /workspaces/depthai-ros/install/depthai_ros_msgs/share/ament_index/resource_index/rosidl_interfaces/depthai_ros_msgs
[1.781s] -- Up-to-date: /workspaces/depthai-ros/install/depthai_ros_msgs/include/depthai_ros_msgs/depthai_ros_msgs
[1.781s] -- Up-to-date: /workspaces/depthai-ros/install/depthai_ros_msgs/include/depthai_ros_msgs/depthai_ros_msgs/msg
[1.781s] -- Up-to-date: /workspaces/depthai-ros/install/depthai_ros_msgs/include/depthai_ros_msgs/depthai_ros_msgs/msg/rosidl_generator_c__visibility_control.h
[1.782s] -- Up-to-date: /workspaces/depthai-ros/install/depthai_ros_msgs/include/depthai_ros_msgs/depthai_ros_msgs/msg/spatial_detection_array.h
[1.782s] -- Up-to-date: /workspaces/depthai-ros/install/depthai_ros_msgs/include/depthai_ros_msgs/depthai_ros_msgs/msg/auto_focus_ctrl.h
[1.782s] -- Up-to-date: /workspaces/depthai-ros/install/depthai_ros_msgs/include/depthai_ros_msgs/depthai_ros_msgs/msg/tracked_feature.h
[1.782s] -- Up-to-date: /workspaces/depthai-ros/install/depthai_ros_msgs/include/depthai_ros_msgs/depthai_ros_msgs/msg/hand_landmark.h
[1.783s] -- Up-to-date: /workspaces/depthai-ros/install/depthai_ros_msgs/include/depthai_ros_msgs/depthai_ros_msgs/msg/track_detection2_d.h
[1.783s] -- Up-to-date: /workspaces/depthai-ros/install/depthai_ros_msgs/include/depthai_ros_msgs/depthai_ros_msgs/msg/detail
[1.784s] -- Up-to-date: /workspaces/depthai-ros/install/depthai_ros_msgs/include/depthai_ros_msgs/depthai_ros_msgs/msg/detail/tracked_features__functions.c
[1.784s] -- Up-to-date: /workspaces/depthai-ros/install/depthai_ros_msgs/include/depthai_ros_msgs/depthai_ros_msgs/msg/detail/track_detection2_d_array__functions.h
[1.784s] -- Up-to-date: /workspaces/depthai-ros/install/depthai_ros_msgs/include/depthai_ros_msgs/depthai_ros_msgs/msg/detail/spatial_detection_array__functions.h
[1.784s] -- Up-to-date: /workspaces/depthai-ros/install/depthai_ros_msgs/include/depthai_ros_msgs/depthai_ros_msgs/msg/detail/spatial_detection__functions.c
[1.784s] -- Up-to-date: /workspaces/depthai-ros/install/depthai_ros_msgs/include/depthai_ros_msgs/depthai_ros_msgs/msg/detail/spatial_detection__type_support.h
[1.785s] -- Up-to-date: /workspaces/depthai-ros/install/depthai_ros_msgs/include/depthai_ros_msgs/depthai_ros_msgs/msg/detail/tracked_features__functions.h
[1.785s] -- Up-to-date: /workspaces/depthai-ros/install/depthai_ros_msgs/include/depthai_ros_msgs/depthai_ros_msgs/msg/detail/hand_landmark_array__type_support.h
[1.786s] -- Up-to-date: /workspaces/depthai-ros/install/depthai_ros_msgs/include/depthai_ros_msgs/depthai_ros_msgs/msg/detail/hand_landmark__functions.c
[1.786s] -- Up-to-date: /workspaces/depthai-ros/install/depthai_ros_msgs/include/depthai_ros_msgs/depthai_ros_msgs/msg/detail/spatial_detection_array__functions.c
[1.786s] -- Up-to-date: /workspaces/depthai-ros/install/depthai_ros_msgs/include/depthai_ros_msgs/depthai_ros_msgs/msg/detail/track_detection2_d__struct.h
[1.786s] -- Up-to-date: /workspaces/depthai-ros/install/depthai_ros_msgs/include/depthai_ros_msgs/depthai_ros_msgs/msg/detail/tracked_feature__type_support.h
[1.786s] -- Up-to-date: /workspaces/depthai-ros/install/depthai_ros_msgs/include/depthai_ros_msgs/depthai_ros_msgs/msg/detail/track_detection2_d_array__functions.c
[1.786s] -- Up-to-date: /workspaces/depthai-ros/install/depthai_ros_msgs/include/depthai_ros_msgs/depthai_ros_msgs/msg/detail/auto_focus_ctrl__struct.h
[1.787s] -- Up-to-date: /workspaces/depthai-ros/install/depthai_ros_msgs/include/depthai_ros_msgs/depthai_ros_msgs/msg/detail/auto_focus_ctrl__functions.h
[1.787s] -- Up-to-date: /workspaces/depthai-ros/install/depthai_ros_msgs/include/depthai_ros_msgs/depthai_ros_msgs/msg/detail/tracked_feature__struct.h
[1.787s] -- Up-to-date: /workspaces/depthai-ros/install/depthai_ros_msgs/include/depthai_ros_msgs/depthai_ros_msgs/msg/detail/tracked_features__struct.h
[1.787s] -- Up-to-date: /workspaces/depthai-ros/install/depthai_ros_msgs/include/depthai_ros_msgs/depthai_ros_msgs/msg/detail/track_detection2_d_array__struct.h
[1.787s] -- Up-to-date: /workspaces/depthai-ros/install/depthai_ros_msgs/include/depthai_ros_msgs/depthai_ros_msgs/msg/detail/hand_landmark_array__functions.h
[1.787s] -- Up-to-date: /workspaces/depthai-ros/install/depthai_ros_msgs/include/depthai_ros_msgs/depthai_ros_msgs/msg/detail/hand_landmark__type_support.h
[1.788s] -- Up-to-date: /workspaces/depthai-ros/install/depthai_ros_msgs/include/depthai_ros_msgs/depthai_ros_msgs/msg/detail/tracked_feature__functions.h
[1.788s] -- Up-to-date: /workspaces/depthai-ros/install/depthai_ros_msgs/include/depthai_ros_msgs/depthai_ros_msgs/msg/detail/imu_with_magnetic_field__type_support.h
[1.788s] -- Up-to-date: /workspaces/depthai-ros/install/depthai_ros_msgs/include/depthai_ros_msgs/depthai_ros_msgs/msg/detail/imu_with_magnetic_field__struct.h
[1.788s] -- Up-to-date: /workspaces/depthai-ros/install/depthai_ros_msgs/include/depthai_ros_msgs/depthai_ros_msgs/msg/detail/auto_focus_ctrl__functions.c
[1.788s] -- Up-to-date: /workspaces/depthai-ros/install/depthai_ros_msgs/include/depthai_ros_msgs/depthai_ros_msgs/msg/detail/spatial_detection_array__type_support.h
[1.788s] -- Up-to-date: /workspaces/depthai-ros/install/depthai_ros_msgs/include/depthai_ros_msgs/depthai_ros_msgs/msg/detail/imu_with_magnetic_field__functions.c
[1.788s] -- Up-to-date: /workspaces/depthai-ros/install/depthai_ros_msgs/include/depthai_ros_msgs/depthai_ros_msgs/msg/detail/hand_landmark_array__struct.h
[1.789s] -- Up-to-date: /workspaces/depthai-ros/install/depthai_ros_msgs/include/depthai_ros_msgs/depthai_ros_msgs/msg/detail/auto_focus_ctrl__type_support.h
[1.789s] -- Up-to-date: /workspaces/depthai-ros/install/depthai_ros_msgs/include/depthai_ros_msgs/depthai_ros_msgs/msg/detail/tracked_feature__functions.c
[1.789s] -- Up-to-date: /workspaces/depthai-ros/install/depthai_ros_msgs/include/depthai_ros_msgs/depthai_ros_msgs/msg/detail/track_detection2_d_array__type_support.h
[1.789s] -- Up-to-date: /workspaces/depthai-ros/install/depthai_ros_msgs/include/depthai_ros_msgs/depthai_ros_msgs/msg/detail/track_detection2_d__type_support.h
[1.789s] -- Up-to-date: /workspaces/depthai-ros/install/depthai_ros_msgs/include/depthai_ros_msgs/depthai_ros_msgs/msg/detail/track_detection2_d__functions.h
[1.789s] -- Up-to-date: /workspaces/depthai-ros/install/depthai_ros_msgs/include/depthai_ros_msgs/depthai_ros_msgs/msg/detail/spatial_detection_array__struct.h
[1.790s] -- Up-to-date: /workspaces/depthai-ros/install/depthai_ros_msgs/include/depthai_ros_msgs/depthai_ros_msgs/msg/detail/tracked_features__type_support.h
[1.790s] -- Up-to-date: /workspaces/depthai-ros/install/depthai_ros_msgs/include/depthai_ros_msgs/depthai_ros_msgs/msg/detail/imu_with_magnetic_field__functions.h
[1.790s] -- Up-to-date: /workspaces/depthai-ros/install/depthai_ros_msgs/include/depthai_ros_msgs/depthai_ros_msgs/msg/detail/hand_landmark_array__functions.c
[1.791s] -- Up-to-date: /workspaces/depthai-ros/install/depthai_ros_msgs/include/depthai_ros_msgs/depthai_ros_msgs/msg/detail/spatial_detection__functions.h
[1.791s] -- Up-to-date: /workspaces/depthai-ros/install/depthai_ros_msgs/include/depthai_ros_msgs/depthai_ros_msgs/msg/detail/spatial_detection__struct.h
[1.791s] -- Up-to-date: /workspaces/depthai-ros/install/depthai_ros_msgs/include/depthai_ros_msgs/depthai_ros_msgs/msg/detail/hand_landmark__struct.h
[1.791s] -- Up-to-date: /workspaces/depthai-ros/install/depthai_ros_msgs/include/depthai_ros_msgs/depthai_ros_msgs/msg/detail/track_detection2_d__functions.c
[1.791s] -- Up-to-date: /workspaces/depthai-ros/install/depthai_ros_msgs/include/depthai_ros_msgs/depthai_ros_msgs/msg/detail/hand_landmark__functions.h
[1.792s] -- Up-to-date: /workspaces/depthai-ros/install/depthai_ros_msgs/include/depthai_ros_msgs/depthai_ros_msgs/msg/tracked_features.h
[1.792s] -- Up-to-date: /workspaces/depthai-ros/install/depthai_ros_msgs/include/depthai_ros_msgs/depthai_ros_msgs/msg/imu_with_magnetic_field.h
[1.793s] -- Up-to-date: /workspaces/depthai-ros/install/depthai_ros_msgs/include/depthai_ros_msgs/depthai_ros_msgs/msg/track_detection2_d_array.h
[1.793s] -- Up-to-date: /workspaces/depthai-ros/install/depthai_ros_msgs/include/depthai_ros_msgs/depthai_ros_msgs/msg/spatial_detection.h
[1.793s] -- Up-to-date: /workspaces/depthai-ros/install/depthai_ros_msgs/include/depthai_ros_msgs/depthai_ros_msgs/msg/hand_landmark_array.h
[1.793s] -- Up-to-date: /workspaces/depthai-ros/install/depthai_ros_msgs/include/depthai_ros_msgs/depthai_ros_msgs/srv
[1.794s] -- Up-to-date: /workspaces/depthai-ros/install/depthai_ros_msgs/include/depthai_ros_msgs/depthai_ros_msgs/srv/detail
[1.794s] -- Up-to-date: /workspaces/depthai-ros/install/depthai_ros_msgs/include/depthai_ros_msgs/depthai_ros_msgs/srv/detail/normalized_image_crop__functions.h
[1.794s] -- Up-to-date: /workspaces/depthai-ros/install/depthai_ros_msgs/include/depthai_ros_msgs/depthai_ros_msgs/srv/detail/normalized_image_crop__struct.h
[1.794s] -- Up-to-date: /workspaces/depthai-ros/install/depthai_ros_msgs/include/depthai_ros_msgs/depthai_ros_msgs/srv/detail/normalized_image_crop__type_support.h
[1.795s] -- Up-to-date: /workspaces/depthai-ros/install/depthai_ros_msgs/include/depthai_ros_msgs/depthai_ros_msgs/srv/detail/trigger_named__functions.h
[1.795s] -- Up-to-date: /workspaces/depthai-ros/install/depthai_ros_msgs/include/depthai_ros_msgs/depthai_ros_msgs/srv/detail/normalized_image_crop__functions.c
[1.795s] -- Up-to-date: /workspaces/depthai-ros/install/depthai_ros_msgs/include/depthai_ros_msgs/depthai_ros_msgs/srv/detail/trigger_named__functions.c
[1.795s] -- Up-to-date: /workspaces/depthai-ros/install/depthai_ros_msgs/include/depthai_ros_msgs/depthai_ros_msgs/srv/detail/trigger_named__struct.h
[1.795s] -- Up-to-date: /workspaces/depthai-ros/install/depthai_ros_msgs/include/depthai_ros_msgs/depthai_ros_msgs/srv/detail/trigger_named__type_support.h
[1.795s] -- Up-to-date: /workspaces/depthai-ros/install/depthai_ros_msgs/include/depthai_ros_msgs/depthai_ros_msgs/srv/normalized_image_crop.h
[1.796s] -- Up-to-date: /workspaces/depthai-ros/install/depthai_ros_msgs/include/depthai_ros_msgs/depthai_ros_msgs/srv/trigger_named.h
[1.796s] -- Up-to-date: /workspaces/depthai-ros/install/depthai_ros_msgs/share/depthai_ros_msgs/environment/library_path.sh
[1.796s] -- Up-to-date: /workspaces/depthai-ros/install/depthai_ros_msgs/share/depthai_ros_msgs/environment/library_path.dsv
[1.796s] -- Up-to-date: /workspaces/depthai-ros/install/depthai_ros_msgs/lib/libdepthai_ros_msgs__rosidl_generator_c.so
[1.796s] -- Up-to-date: /workspaces/depthai-ros/install/depthai_ros_msgs/include/depthai_ros_msgs/depthai_ros_msgs
[1.797s] -- Up-to-date: /workspaces/depthai-ros/install/depthai_ros_msgs/include/depthai_ros_msgs/depthai_ros_msgs/msg
[1.797s] -- Up-to-date: /workspaces/depthai-ros/install/depthai_ros_msgs/include/depthai_ros_msgs/depthai_ros_msgs/msg/detail
[1.798s] -- Up-to-date: /workspaces/depthai-ros/install/depthai_ros_msgs/include/depthai_ros_msgs/depthai_ros_msgs/msg/detail/hand_landmark__rosidl_typesupport_fastrtps_c.h
[1.798s] -- Up-to-date: /workspaces/depthai-ros/install/depthai_ros_msgs/include/depthai_ros_msgs/depthai_ros_msgs/msg/detail/hand_landmark_array__rosidl_typesupport_fastrtps_c.h
[1.798s] -- Up-to-date: /workspaces/depthai-ros/install/depthai_ros_msgs/include/depthai_ros_msgs/depthai_ros_msgs/msg/detail/spatial_detection_array__rosidl_typesupport_fastrtps_c.h
[1.799s] -- Up-to-date: /workspaces/depthai-ros/install/depthai_ros_msgs/include/depthai_ros_msgs/depthai_ros_msgs/msg/detail/tracked_features__rosidl_typesupport_fastrtps_c.h
[1.799s] -- Up-to-date: /workspaces/depthai-ros/install/depthai_ros_msgs/include/depthai_ros_msgs/depthai_ros_msgs/msg/detail/track_detection2_d__rosidl_typesupport_fastrtps_c.h
[1.799s] -- Up-to-date: /workspaces/depthai-ros/install/depthai_ros_msgs/include/depthai_ros_msgs/depthai_ros_msgs/msg/detail/track_detection2_d_array__rosidl_typesupport_fastrtps_c.h
[1.799s] -- Up-to-date: /workspaces/depthai-ros/install/depthai_ros_msgs/include/depthai_ros_msgs/depthai_ros_msgs/msg/detail/imu_with_magnetic_field__rosidl_typesupport_fastrtps_c.h
[1.799s] -- Up-to-date: /workspaces/depthai-ros/install/depthai_ros_msgs/include/depthai_ros_msgs/depthai_ros_msgs/msg/detail/spatial_detection__rosidl_typesupport_fastrtps_c.h
[1.799s] -- Up-to-date: /workspaces/depthai-ros/install/depthai_ros_msgs/include/depthai_ros_msgs/depthai_ros_msgs/msg/detail/tracked_feature__rosidl_typesupport_fastrtps_c.h
[1.800s] -- Up-to-date: /workspaces/depthai-ros/install/depthai_ros_msgs/include/depthai_ros_msgs/depthai_ros_msgs/msg/detail/auto_focus_ctrl__rosidl_typesupport_fastrtps_c.h
[1.800s] -- Up-to-date: /workspaces/depthai-ros/install/depthai_ros_msgs/include/depthai_ros_msgs/depthai_ros_msgs/msg/rosidl_typesupport_fastrtps_c__visibility_control.h
[1.800s] -- Up-to-date: /workspaces/depthai-ros/install/depthai_ros_msgs/include/depthai_ros_msgs/depthai_ros_msgs/srv
[1.800s] -- Up-to-date: /workspaces/depthai-ros/install/depthai_ros_msgs/include/depthai_ros_msgs/depthai_ros_msgs/srv/detail
[1.800s] -- Up-to-date: /workspaces/depthai-ros/install/depthai_ros_msgs/include/depthai_ros_msgs/depthai_ros_msgs/srv/detail/normalized_image_crop__rosidl_typesupport_fastrtps_c.h
[1.800s] -- Up-to-date: /workspaces/depthai-ros/install/depthai_ros_msgs/include/depthai_ros_msgs/depthai_ros_msgs/srv/detail/trigger_named__rosidl_typesupport_fastrtps_c.h
[1.801s] -- Up-to-date: /workspaces/depthai-ros/install/depthai_ros_msgs/lib/libdepthai_ros_msgs__rosidl_typesupport_fastrtps_c.so
[1.801s] -- Up-to-date: /workspaces/depthai-ros/install/depthai_ros_msgs/include/depthai_ros_msgs/depthai_ros_msgs
[1.801s] -- Up-to-date: /workspaces/depthai-ros/install/depthai_ros_msgs/include/depthai_ros_msgs/depthai_ros_msgs/msg
[1.801s] -- Up-to-date: /workspaces/depthai-ros/install/depthai_ros_msgs/include/depthai_ros_msgs/depthai_ros_msgs/msg/auto_focus_ctrl.hpp
[1.801s] -- Up-to-date: /workspaces/depthai-ros/install/depthai_ros_msgs/include/depthai_ros_msgs/depthai_ros_msgs/msg/track_detection2_d_array.hpp
[1.801s] -- Up-to-date: /workspaces/depthai-ros/install/depthai_ros_msgs/include/depthai_ros_msgs/depthai_ros_msgs/msg/hand_landmark.hpp
[1.801s] -- Up-to-date: /workspaces/depthai-ros/install/depthai_ros_msgs/include/depthai_ros_msgs/depthai_ros_msgs/msg/tracked_feature.hpp
[1.802s] -- Up-to-date: /workspaces/depthai-ros/install/depthai_ros_msgs/include/depthai_ros_msgs/depthai_ros_msgs/msg/track_detection2_d.hpp
[1.802s] -- Up-to-date: /workspaces/depthai-ros/install/depthai_ros_msgs/include/depthai_ros_msgs/depthai_ros_msgs/msg/detail
[1.802s] -- Up-to-date: /workspaces/depthai-ros/install/depthai_ros_msgs/include/depthai_ros_msgs/depthai_ros_msgs/msg/detail/tracked_feature__struct.hpp
[1.802s] -- Up-to-date: /workspaces/depthai-ros/install/depthai_ros_msgs/include/depthai_ros_msgs/depthai_ros_msgs/msg/detail/spatial_detection__traits.hpp
[1.802s] -- Up-to-date: /workspaces/depthai-ros/install/depthai_ros_msgs/include/depthai_ros_msgs/depthai_ros_msgs/msg/detail/tracked_features__builder.hpp
[1.802s] -- Up-to-date: /workspaces/depthai-ros/install/depthai_ros_msgs/include/depthai_ros_msgs/depthai_ros_msgs/msg/detail/tracked_feature__traits.hpp
[1.803s] -- Up-to-date: /workspaces/depthai-ros/install/depthai_ros_msgs/include/depthai_ros_msgs/depthai_ros_msgs/msg/detail/track_detection2_d_array__struct.hpp
[1.803s] -- Up-to-date: /workspaces/depthai-ros/install/depthai_ros_msgs/include/depthai_ros_msgs/depthai_ros_msgs/msg/detail/tracked_features__struct.hpp
[1.803s] -- Up-to-date: /workspaces/depthai-ros/install/depthai_ros_msgs/include/depthai_ros_msgs/depthai_ros_msgs/msg/detail/imu_with_magnetic_field__builder.hpp
[1.803s] -- Up-to-date: /workspaces/depthai-ros/install/depthai_ros_msgs/include/depthai_ros_msgs/depthai_ros_msgs/msg/detail/hand_landmark_array__struct.hpp
[1.803s] -- Up-to-date: /workspaces/depthai-ros/install/depthai_ros_msgs/include/depthai_ros_msgs/depthai_ros_msgs/msg/detail/auto_focus_ctrl__builder.hpp
[1.803s] -- Up-to-date: /workspaces/depthai-ros/install/depthai_ros_msgs/include/depthai_ros_msgs/depthai_ros_msgs/msg/detail/spatial_detection__builder.hpp
[1.804s] -- Up-to-date: /workspaces/depthai-ros/install/depthai_ros_msgs/include/depthai_ros_msgs/depthai_ros_msgs/msg/detail/hand_landmark__traits.hpp
[1.804s] -- Up-to-date: /workspaces/depthai-ros/install/depthai_ros_msgs/include/depthai_ros_msgs/depthai_ros_msgs/msg/detail/hand_landmark_array__builder.hpp
[1.804s] -- Up-to-date: /workspaces/depthai-ros/install/depthai_ros_msgs/include/depthai_ros_msgs/depthai_ros_msgs/msg/detail/hand_landmark__struct.hpp
[1.804s] -- Up-to-date: /workspaces/depthai-ros/install/depthai_ros_msgs/include/depthai_ros_msgs/depthai_ros_msgs/msg/detail/spatial_detection_array__builder.hpp
[1.804s] -- Up-to-date: /workspaces/depthai-ros/install/depthai_ros_msgs/include/depthai_ros_msgs/depthai_ros_msgs/msg/detail/auto_focus_ctrl__struct.hpp
[1.804s] -- Up-to-date: /workspaces/depthai-ros/install/depthai_ros_msgs/include/depthai_ros_msgs/depthai_ros_msgs/msg/detail/track_detection2_d__builder.hpp
[1.804s] -- Up-to-date: /workspaces/depthai-ros/install/depthai_ros_msgs/include/depthai_ros_msgs/depthai_ros_msgs/msg/detail/track_detection2_d_array__builder.hpp
[1.805s] -- Up-to-date: /workspaces/depthai-ros/install/depthai_ros_msgs/include/depthai_ros_msgs/depthai_ros_msgs/msg/detail/spatial_detection_array__traits.hpp
[1.805s] -- Up-to-date: /workspaces/depthai-ros/install/depthai_ros_msgs/include/depthai_ros_msgs/depthai_ros_msgs/msg/detail/track_detection2_d__traits.hpp
[1.805s] -- Up-to-date: /workspaces/depthai-ros/install/depthai_ros_msgs/include/depthai_ros_msgs/depthai_ros_msgs/msg/detail/spatial_detection_array__struct.hpp
[1.805s] -- Up-to-date: /workspaces/depthai-ros/install/depthai_ros_msgs/include/depthai_ros_msgs/depthai_ros_msgs/msg/detail/tracked_features__traits.hpp
[1.805s] -- Up-to-date: /workspaces/depthai-ros/install/depthai_ros_msgs/include/depthai_ros_msgs/depthai_ros_msgs/msg/detail/imu_with_magnetic_field__struct.hpp
[1.805s] -- Up-to-date: /workspaces/depthai-ros/install/depthai_ros_msgs/include/depthai_ros_msgs/depthai_ros_msgs/msg/detail/track_detection2_d__struct.hpp
[1.805s] -- Up-to-date: /workspaces/depthai-ros/install/depthai_ros_msgs/include/depthai_ros_msgs/depthai_ros_msgs/msg/detail/track_detection2_d_array__traits.hpp
[1.806s] -- Up-to-date: /workspaces/depthai-ros/install/depthai_ros_msgs/include/depthai_ros_msgs/depthai_ros_msgs/msg/detail/hand_landmark__builder.hpp
[1.806s] -- Up-to-date: /workspaces/depthai-ros/install/depthai_ros_msgs/include/depthai_ros_msgs/depthai_ros_msgs/msg/detail/hand_landmark_array__traits.hpp
[1.806s] -- Up-to-date: /workspaces/depthai-ros/install/depthai_ros_msgs/include/depthai_ros_msgs/depthai_ros_msgs/msg/detail/tracked_feature__builder.hpp
[1.806s] -- Up-to-date: /workspaces/depthai-ros/install/depthai_ros_msgs/include/depthai_ros_msgs/depthai_ros_msgs/msg/detail/spatial_detection__struct.hpp
[1.806s] -- Up-to-date: /workspaces/depthai-ros/install/depthai_ros_msgs/include/depthai_ros_msgs/depthai_ros_msgs/msg/detail/auto_focus_ctrl__traits.hpp
[1.806s] -- Up-to-date: /workspaces/depthai-ros/install/depthai_ros_msgs/include/depthai_ros_msgs/depthai_ros_msgs/msg/detail/imu_with_magnetic_field__traits.hpp
[1.807s] -- Up-to-date: /workspaces/depthai-ros/install/depthai_ros_msgs/include/depthai_ros_msgs/depthai_ros_msgs/msg/hand_landmark_array.hpp
[1.807s] -- Up-to-date: /workspaces/depthai-ros/install/depthai_ros_msgs/include/depthai_ros_msgs/depthai_ros_msgs/msg/tracked_features.hpp
[1.807s] -- Up-to-date: /workspaces/depthai-ros/install/depthai_ros_msgs/include/depthai_ros_msgs/depthai_ros_msgs/msg/imu_with_magnetic_field.hpp
[1.807s] -- Up-to-date: /workspaces/depthai-ros/install/depthai_ros_msgs/include/depthai_ros_msgs/depthai_ros_msgs/msg/spatial_detection_array.hpp
[1.807s] -- Up-to-date: /workspaces/depthai-ros/install/depthai_ros_msgs/include/depthai_ros_msgs/depthai_ros_msgs/msg/spatial_detection.hpp
[1.807s] -- Up-to-date: /workspaces/depthai-ros/install/depthai_ros_msgs/include/depthai_ros_msgs/depthai_ros_msgs/srv
[1.808s] -- Up-to-date: /workspaces/depthai-ros/install/depthai_ros_msgs/include/depthai_ros_msgs/depthai_ros_msgs/srv/trigger_named.hpp
[1.808s] -- Up-to-date: /workspaces/depthai-ros/install/depthai_ros_msgs/include/depthai_ros_msgs/depthai_ros_msgs/srv/normalized_image_crop.hpp
[1.808s] -- Up-to-date: /workspaces/depthai-ros/install/depthai_ros_msgs/include/depthai_ros_msgs/depthai_ros_msgs/srv/detail
[1.808s] -- Up-to-date: /workspaces/depthai-ros/install/depthai_ros_msgs/include/depthai_ros_msgs/depthai_ros_msgs/srv/detail/trigger_named__traits.hpp
[1.808s] -- Up-to-date: /workspaces/depthai-ros/install/depthai_ros_msgs/include/depthai_ros_msgs/depthai_ros_msgs/srv/detail/normalized_image_crop__traits.hpp
[1.808s] -- Up-to-date: /workspaces/depthai-ros/install/depthai_ros_msgs/include/depthai_ros_msgs/depthai_ros_msgs/srv/detail/trigger_named__builder.hpp
[1.808s] -- Up-to-date: /workspaces/depthai-ros/install/depthai_ros_msgs/include/depthai_ros_msgs/depthai_ros_msgs/srv/detail/normalized_image_crop__struct.hpp
[1.809s] -- Up-to-date: /workspaces/depthai-ros/install/depthai_ros_msgs/include/depthai_ros_msgs/depthai_ros_msgs/srv/detail/trigger_named__struct.hpp
[1.809s] -- Up-to-date: /workspaces/depthai-ros/install/depthai_ros_msgs/include/depthai_ros_msgs/depthai_ros_msgs/srv/detail/normalized_image_crop__builder.hpp
[1.809s] -- Up-to-date: /workspaces/depthai-ros/install/depthai_ros_msgs/include/depthai_ros_msgs/depthai_ros_msgs
[1.809s] -- Up-to-date: /workspaces/depthai-ros/install/depthai_ros_msgs/include/depthai_ros_msgs/depthai_ros_msgs/msg
[1.809s] -- Up-to-date: /workspaces/depthai-ros/install/depthai_ros_msgs/include/depthai_ros_msgs/depthai_ros_msgs/msg/rosidl_typesupport_fastrtps_cpp__visibility_control.h
[1.809s] -- Up-to-date: /workspaces/depthai-ros/install/depthai_ros_msgs/include/depthai_ros_msgs/depthai_ros_msgs/msg/detail
[1.810s] -- Up-to-date: /workspaces/depthai-ros/install/depthai_ros_msgs/include/depthai_ros_msgs/depthai_ros_msgs/msg/detail/hand_landmark_array__rosidl_typesupport_fastrtps_cpp.hpp
[1.810s] -- Up-to-date: /workspaces/depthai-ros/install/depthai_ros_msgs/include/depthai_ros_msgs/depthai_ros_msgs/msg/detail/tracked_features__rosidl_typesupport_fastrtps_cpp.hpp
[1.810s] -- Up-to-date: /workspaces/depthai-ros/install/depthai_ros_msgs/include/depthai_ros_msgs/depthai_ros_msgs/msg/detail/spatial_detection_array__rosidl_typesupport_fastrtps_cpp.hpp
[1.810s] -- Up-to-date: /workspaces/depthai-ros/install/depthai_ros_msgs/include/depthai_ros_msgs/depthai_ros_msgs/msg/detail/track_detection2_d__rosidl_typesupport_fastrtps_cpp.hpp
[1.810s] -- Up-to-date: /workspaces/depthai-ros/install/depthai_ros_msgs/include/depthai_ros_msgs/depthai_ros_msgs/msg/detail/auto_focus_ctrl__rosidl_typesupport_fastrtps_cpp.hpp
[1.810s] -- Up-to-date: /workspaces/depthai-ros/install/depthai_ros_msgs/include/depthai_ros_msgs/depthai_ros_msgs/msg/detail/hand_landmark__rosidl_typesupport_fastrtps_cpp.hpp
[1.810s] -- Up-to-date: /workspaces/depthai-ros/install/depthai_ros_msgs/include/depthai_ros_msgs/depthai_ros_msgs/msg/detail/imu_with_magnetic_field__rosidl_typesupport_fastrtps_cpp.hpp
[1.811s] -- Up-to-date: /workspaces/depthai-ros/install/depthai_ros_msgs/include/depthai_ros_msgs/depthai_ros_msgs/msg/detail/spatial_detection__rosidl_typesupport_fastrtps_cpp.hpp
[1.811s] -- Up-to-date: /workspaces/depthai-ros/install/depthai_ros_msgs/include/depthai_ros_msgs/depthai_ros_msgs/msg/detail/tracked_feature__rosidl_typesupport_fastrtps_cpp.hpp
[1.811s] -- Up-to-date: /workspaces/depthai-ros/install/depthai_ros_msgs/include/depthai_ros_msgs/depthai_ros_msgs/msg/detail/dds_fastrtps
[1.811s] -- Up-to-date: /workspaces/depthai-ros/install/depthai_ros_msgs/include/depthai_ros_msgs/depthai_ros_msgs/msg/detail/track_detection2_d_array__rosidl_typesupport_fastrtps_cpp.hpp
[1.811s] -- Up-to-date: /workspaces/depthai-ros/install/depthai_ros_msgs/include/depthai_ros_msgs/depthai_ros_msgs/srv
[1.811s] -- Up-to-date: /workspaces/depthai-ros/install/depthai_ros_msgs/include/depthai_ros_msgs/depthai_ros_msgs/srv/detail
[1.812s] -- Up-to-date: /workspaces/depthai-ros/install/depthai_ros_msgs/include/depthai_ros_msgs/depthai_ros_msgs/srv/detail/normalized_image_crop__rosidl_typesupport_fastrtps_cpp.hpp
[1.812s] -- Up-to-date: /workspaces/depthai-ros/install/depthai_ros_msgs/include/depthai_ros_msgs/depthai_ros_msgs/srv/detail/dds_fastrtps
[1.812s] -- Up-to-date: /workspaces/depthai-ros/install/depthai_ros_msgs/include/depthai_ros_msgs/depthai_ros_msgs/srv/detail/trigger_named__rosidl_typesupport_fastrtps_cpp.hpp
[1.812s] -- Up-to-date: /workspaces/depthai-ros/install/depthai_ros_msgs/lib/libdepthai_ros_msgs__rosidl_typesupport_fastrtps_cpp.so
[1.812s] -- Up-to-date: /workspaces/depthai-ros/install/depthai_ros_msgs/include/depthai_ros_msgs/depthai_ros_msgs
[1.812s] -- Up-to-date: /workspaces/depthai-ros/install/depthai_ros_msgs/include/depthai_ros_msgs/depthai_ros_msgs/msg
[1.812s] -- Up-to-date: /workspaces/depthai-ros/install/depthai_ros_msgs/include/depthai_ros_msgs/depthai_ros_msgs/msg/detail
[1.813s] -- Up-to-date: /workspaces/depthai-ros/install/depthai_ros_msgs/include/depthai_ros_msgs/depthai_ros_msgs/msg/detail/spatial_detection__type_support.c
[1.813s] -- Up-to-date: /workspaces/depthai-ros/install/depthai_ros_msgs/include/depthai_ros_msgs/depthai_ros_msgs/msg/detail/spatial_detection__rosidl_typesupport_introspection_c.h
[1.813s] -- Up-to-date: /workspaces/depthai-ros/install/depthai_ros_msgs/include/depthai_ros_msgs/depthai_ros_msgs/msg/detail/tracked_features__type_support.c
[1.813s] -- Up-to-date: /workspaces/depthai-ros/install/depthai_ros_msgs/include/depthai_ros_msgs/depthai_ros_msgs/msg/detail/spatial_detection_array__type_support.c
[1.813s] -- Up-to-date: /workspaces/depthai-ros/install/depthai_ros_msgs/include/depthai_ros_msgs/depthai_ros_msgs/msg/detail/hand_landmark_array__type_support.c
[1.813s] -- Up-to-date: /workspaces/depthai-ros/install/depthai_ros_msgs/include/depthai_ros_msgs/depthai_ros_msgs/msg/detail/imu_with_magnetic_field__rosidl_typesupport_introspection_c.h
[1.814s] -- Up-to-date: /workspaces/depthai-ros/install/depthai_ros_msgs/include/depthai_ros_msgs/depthai_ros_msgs/msg/detail/hand_landmark_array__rosidl_typesupport_introspection_c.h
[1.814s] -- Up-to-date: /workspaces/depthai-ros/install/depthai_ros_msgs/include/depthai_ros_msgs/depthai_ros_msgs/msg/detail/track_detection2_d_array__type_support.c
[1.814s] -- Up-to-date: /workspaces/depthai-ros/install/depthai_ros_msgs/include/depthai_ros_msgs/depthai_ros_msgs/msg/detail/hand_landmark__rosidl_typesupport_introspection_c.h
[1.814s] -- Up-to-date: /workspaces/depthai-ros/install/depthai_ros_msgs/include/depthai_ros_msgs/depthai_ros_msgs/msg/detail/spatial_detection_array__rosidl_typesupport_introspection_c.h
[1.814s] -- Up-to-date: /workspaces/depthai-ros/install/depthai_ros_msgs/include/depthai_ros_msgs/depthai_ros_msgs/msg/detail/track_detection2_d__type_support.c
[1.814s] -- Up-to-date: /workspaces/depthai-ros/install/depthai_ros_msgs/include/depthai_ros_msgs/depthai_ros_msgs/msg/detail/auto_focus_ctrl__type_support.c
[1.814s] -- Up-to-date: /workspaces/depthai-ros/install/depthai_ros_msgs/include/depthai_ros_msgs/depthai_ros_msgs/msg/detail/imu_with_magnetic_field__type_support.c
[1.815s] -- Up-to-date: /workspaces/depthai-ros/install/depthai_ros_msgs/include/depthai_ros_msgs/depthai_ros_msgs/msg/detail/tracked_feature__type_support.c
[1.815s] -- Up-to-date: /workspaces/depthai-ros/install/depthai_ros_msgs/include/depthai_ros_msgs/depthai_ros_msgs/msg/detail/hand_landmark__type_support.c
[1.815s] -- Up-to-date: /workspaces/depthai-ros/install/depthai_ros_msgs/include/depthai_ros_msgs/depthai_ros_msgs/msg/detail/tracked_feature__rosidl_typesupport_introspection_c.h
[1.815s] -- Up-to-date: /workspaces/depthai-ros/install/depthai_ros_msgs/include/depthai_ros_msgs/depthai_ros_msgs/msg/detail/track_detection2_d_array__rosidl_typesupport_introspection_c.h
[1.815s] -- Up-to-date: /workspaces/depthai-ros/install/depthai_ros_msgs/include/depthai_ros_msgs/depthai_ros_msgs/msg/detail/tracked_features__rosidl_typesupport_introspection_c.h
[1.815s] -- Up-to-date: /workspaces/depthai-ros/install/depthai_ros_msgs/include/depthai_ros_msgs/depthai_ros_msgs/msg/detail/track_detection2_d__rosidl_typesupport_introspection_c.h
[1.816s] -- Up-to-date: /workspaces/depthai-ros/install/depthai_ros_msgs/include/depthai_ros_msgs/depthai_ros_msgs/msg/detail/auto_focus_ctrl__rosidl_typesupport_introspection_c.h
[1.816s] -- Up-to-date: /workspaces/depthai-ros/install/depthai_ros_msgs/include/depthai_ros_msgs/depthai_ros_msgs/msg/rosidl_typesupport_introspection_c__visibility_control.h
[1.816s] -- Up-to-date: /workspaces/depthai-ros/install/depthai_ros_msgs/include/depthai_ros_msgs/depthai_ros_msgs/srv
[1.850s] -- Up-to-date: /workspaces/depthai-ros/install/depthai_ros_msgs/include/depthai_ros_msgs/depthai_ros_msgs/srv/detail
[1.851s] -- Up-to-date: /workspaces/depthai-ros/install/depthai_ros_msgs/include/depthai_ros_msgs/depthai_ros_msgs/srv/detail/normalized_image_crop__type_support.c
[1.851s] -- Up-to-date: /workspaces/depthai-ros/install/depthai_ros_msgs/include/depthai_ros_msgs/depthai_ros_msgs/srv/detail/trigger_named__rosidl_typesupport_introspection_c.h
[1.851s] -- Up-to-date: /workspaces/depthai-ros/install/depthai_ros_msgs/include/depthai_ros_msgs/depthai_ros_msgs/srv/detail/trigger_named__type_support.c
[1.851s] -- Up-to-date: /workspaces/depthai-ros/install/depthai_ros_msgs/include/depthai_ros_msgs/depthai_ros_msgs/srv/detail/normalized_image_crop__rosidl_typesupport_introspection_c.h
[1.851s] -- Up-to-date: /workspaces/depthai-ros/install/depthai_ros_msgs/lib/libdepthai_ros_msgs__rosidl_typesupport_introspection_c.so
[1.852s] -- Up-to-date: /workspaces/depthai-ros/install/depthai_ros_msgs/lib/libdepthai_ros_msgs__rosidl_typesupport_c.so
[1.852s] -- Up-to-date: /workspaces/depthai-ros/install/depthai_ros_msgs/include/depthai_ros_msgs/depthai_ros_msgs
[1.852s] -- Up-to-date: /workspaces/depthai-ros/install/depthai_ros_msgs/include/depthai_ros_msgs/depthai_ros_msgs/msg
[1.852s] -- Up-to-date: /workspaces/depthai-ros/install/depthai_ros_msgs/include/depthai_ros_msgs/depthai_ros_msgs/msg/detail
[1.852s] -- Up-to-date: /workspaces/depthai-ros/install/depthai_ros_msgs/include/depthai_ros_msgs/depthai_ros_msgs/msg/detail/track_detection2_d__type_support.cpp
[1.852s] -- Up-to-date: /workspaces/depthai-ros/install/depthai_ros_msgs/include/depthai_ros_msgs/depthai_ros_msgs/msg/detail/hand_landmark__type_support.cpp
[1.853s] -- Up-to-date: /workspaces/depthai-ros/install/depthai_ros_msgs/include/depthai_ros_msgs/depthai_ros_msgs/msg/detail/auto_focus_ctrl__type_support.cpp
[1.853s] -- Up-to-date: /workspaces/depthai-ros/install/depthai_ros_msgs/include/depthai_ros_msgs/depthai_ros_msgs/msg/detail/track_detection2_d_array__rosidl_typesupport_introspection_cpp.hpp
[1.853s] -- Up-to-date: /workspaces/depthai-ros/install/depthai_ros_msgs/include/depthai_ros_msgs/depthai_ros_msgs/msg/detail/auto_focus_ctrl__rosidl_typesupport_introspection_cpp.hpp
[1.853s] -- Up-to-date: /workspaces/depthai-ros/install/depthai_ros_msgs/include/depthai_ros_msgs/depthai_ros_msgs/msg/detail/hand_landmark__rosidl_typesupport_introspection_cpp.hpp
[1.853s] -- Up-to-date: /workspaces/depthai-ros/install/depthai_ros_msgs/include/depthai_ros_msgs/depthai_ros_msgs/msg/detail/hand_landmark_array__type_support.cpp
[1.862s] -- Up-to-date: /workspaces/depthai-ros/install/depthai_ros_msgs/include/depthai_ros_msgs/depthai_ros_msgs/msg/detail/imu_with_magnetic_field__type_support.cpp
[1.863s] -- Up-to-date: /workspaces/depthai-ros/install/depthai_ros_msgs/include/depthai_ros_msgs/depthai_ros_msgs/msg/detail/hand_landmark_array__rosidl_typesupport_introspection_cpp.hpp
[1.863s] -- Up-to-date: /workspaces/depthai-ros/install/depthai_ros_msgs/include/depthai_ros_msgs/depthai_ros_msgs/msg/detail/track_detection2_d__rosidl_typesupport_introspection_cpp.hpp
[1.863s] -- Up-to-date: /workspaces/depthai-ros/install/depthai_ros_msgs/include/depthai_ros_msgs/depthai_ros_msgs/msg/detail/spatial_detection__type_support.cpp
[1.863s] -- Up-to-date: /workspaces/depthai-ros/install/depthai_ros_msgs/include/depthai_ros_msgs/depthai_ros_msgs/msg/detail/track_detection2_d_array__type_support.cpp
[1.863s] -- Up-to-date: /workspaces/depthai-ros/install/depthai_ros_msgs/include/depthai_ros_msgs/depthai_ros_msgs/msg/detail/tracked_features__rosidl_typesupport_introspection_cpp.hpp
[1.864s] -- Up-to-date: /workspaces/depthai-ros/install/depthai_ros_msgs/include/depthai_ros_msgs/depthai_ros_msgs/msg/detail/tracked_feature__rosidl_typesupport_introspection_cpp.hpp
[1.864s] -- Up-to-date: /workspaces/depthai-ros/install/depthai_ros_msgs/include/depthai_ros_msgs/depthai_ros_msgs/msg/detail/spatial_detection_array__rosidl_typesupport_introspection_cpp.hpp
[1.864s] -- Up-to-date: /workspaces/depthai-ros/install/depthai_ros_msgs/include/depthai_ros_msgs/depthai_ros_msgs/msg/detail/tracked_feature__type_support.cpp
[1.864s] -- Up-to-date: /workspaces/depthai-ros/install/depthai_ros_msgs/include/depthai_ros_msgs/depthai_ros_msgs/msg/detail/spatial_detection_array__type_support.cpp
[1.864s] -- Up-to-date: /workspaces/depthai-ros/install/depthai_ros_msgs/include/depthai_ros_msgs/depthai_ros_msgs/msg/detail/imu_with_magnetic_field__rosidl_typesupport_introspection_cpp.hpp
[1.864s] -- Up-to-date: /workspaces/depthai-ros/install/depthai_ros_msgs/include/depthai_ros_msgs/depthai_ros_msgs/msg/detail/tracked_features__type_support.cpp
[1.864s] -- Up-to-date: /workspaces/depthai-ros/install/depthai_ros_msgs/include/depthai_ros_msgs/depthai_ros_msgs/msg/detail/spatial_detection__rosidl_typesupport_introspection_cpp.hpp
[1.865s] -- Up-to-date: /workspaces/depthai-ros/install/depthai_ros_msgs/include/depthai_ros_msgs/depthai_ros_msgs/srv
[1.865s] -- Up-to-date: /workspaces/depthai-ros/install/depthai_ros_msgs/include/depthai_ros_msgs/depthai_ros_msgs/srv/detail
[1.865s] -- Up-to-date: /workspaces/depthai-ros/install/depthai_ros_msgs/include/depthai_ros_msgs/depthai_ros_msgs/srv/detail/normalized_image_crop__type_support.cpp
[1.865s] -- Up-to-date: /workspaces/depthai-ros/install/depthai_ros_msgs/include/depthai_ros_msgs/depthai_ros_msgs/srv/detail/trigger_named__type_support.cpp
[1.865s] -- Up-to-date: /workspaces/depthai-ros/install/depthai_ros_msgs/include/depthai_ros_msgs/depthai_ros_msgs/srv/detail/normalized_image_crop__rosidl_typesupport_introspection_cpp.hpp
[1.865s] -- Up-to-date: /workspaces/depthai-ros/install/depthai_ros_msgs/include/depthai_ros_msgs/depthai_ros_msgs/srv/detail/trigger_named__rosidl_typesupport_introspection_cpp.hpp
[1.866s] -- Up-to-date: /workspaces/depthai-ros/install/depthai_ros_msgs/lib/libdepthai_ros_msgs__rosidl_typesupport_introspection_cpp.so
[1.866s] -- Up-to-date: /workspaces/depthai-ros/install/depthai_ros_msgs/lib/libdepthai_ros_msgs__rosidl_typesupport_cpp.so
[1.866s] -- Up-to-date: /workspaces/depthai-ros/install/depthai_ros_msgs/share/depthai_ros_msgs/environment/pythonpath.sh
[1.866s] -- Up-to-date: /workspaces/depthai-ros/install/depthai_ros_msgs/share/depthai_ros_msgs/environment/pythonpath.dsv
[1.866s] -- Up-to-date: /workspaces/depthai-ros/install/depthai_ros_msgs/local/lib/python3.10/dist-packages/depthai_ros_msgs-2.9.0-py3.10.egg-info
[1.867s] -- Installing: /workspaces/depthai-ros/install/depthai_ros_msgs/local/lib/python3.10/dist-packages/depthai_ros_msgs-2.9.0-py3.10.egg-info/SOURCES.txt
[1.867s] -- Installing: /workspaces/depthai-ros/install/depthai_ros_msgs/local/lib/python3.10/dist-packages/depthai_ros_msgs-2.9.0-py3.10.egg-info/dependency_links.txt
[1.867s] -- Installing: /workspaces/depthai-ros/install/depthai_ros_msgs/local/lib/python3.10/dist-packages/depthai_ros_msgs-2.9.0-py3.10.egg-info/top_level.txt
[1.867s] -- Installing: /workspaces/depthai-ros/install/depthai_ros_msgs/local/lib/python3.10/dist-packages/depthai_ros_msgs-2.9.0-py3.10.egg-info/PKG-INFO
[1.867s] -- Up-to-date: /workspaces/depthai-ros/install/depthai_ros_msgs/local/lib/python3.10/dist-packages/depthai_ros_msgs
[1.867s] -- Up-to-date: /workspaces/depthai-ros/install/depthai_ros_msgs/local/lib/python3.10/dist-packages/depthai_ros_msgs/depthai_ros_msgs_s__rosidl_typesupport_c.cpython-310-aarch64-linux-gnu.so
[1.868s] -- Up-to-date: /workspaces/depthai-ros/install/depthai_ros_msgs/local/lib/python3.10/dist-packages/depthai_ros_msgs/__init__.py
[1.868s] -- Up-to-date: /workspaces/depthai-ros/install/depthai_ros_msgs/local/lib/python3.10/dist-packages/depthai_ros_msgs/msg
[1.868s] -- Up-to-date: /workspaces/depthai-ros/install/depthai_ros_msgs/local/lib/python3.10/dist-packages/depthai_ros_msgs/msg/_hand_landmark_array_s.c
[1.868s] -- Up-to-date: /workspaces/depthai-ros/install/depthai_ros_msgs/local/lib/python3.10/dist-packages/depthai_ros_msgs/msg/_tracked_feature_s.c
[1.868s] -- Up-to-date: /workspaces/depthai-ros/install/depthai_ros_msgs/local/lib/python3.10/dist-packages/depthai_ros_msgs/msg/_hand_landmark_s.c
[1.868s] -- Up-to-date: /workspaces/depthai-ros/install/depthai_ros_msgs/local/lib/python3.10/dist-packages/depthai_ros_msgs/msg/_hand_landmark.py
[1.868s] -- Up-to-date: /workspaces/depthai-ros/install/depthai_ros_msgs/local/lib/python3.10/dist-packages/depthai_ros_msgs/msg/__init__.py
[1.869s] -- Up-to-date: /workspaces/depthai-ros/install/depthai_ros_msgs/local/lib/python3.10/dist-packages/depthai_ros_msgs/msg/_track_detection2_d_s.c
[1.869s] -- Up-to-date: /workspaces/depthai-ros/install/depthai_ros_msgs/local/lib/python3.10/dist-packages/depthai_ros_msgs/msg/_tracked_features.py
[1.869s] -- Up-to-date: /workspaces/depthai-ros/install/depthai_ros_msgs/local/lib/python3.10/dist-packages/depthai_ros_msgs/msg/_track_detection2_d_array.py
[1.869s] -- Up-to-date: /workspaces/depthai-ros/install/depthai_ros_msgs/local/lib/python3.10/dist-packages/depthai_ros_msgs/msg/_tracked_features_s.c
[1.869s] -- Up-to-date: /workspaces/depthai-ros/install/depthai_ros_msgs/local/lib/python3.10/dist-packages/depthai_ros_msgs/msg/_tracked_feature.py
[1.869s] -- Up-to-date: /workspaces/depthai-ros/install/depthai_ros_msgs/local/lib/python3.10/dist-packages/depthai_ros_msgs/msg/_spatial_detection_array_s.c
[1.870s] -- Up-to-date: /workspaces/depthai-ros/install/depthai_ros_msgs/local/lib/python3.10/dist-packages/depthai_ros_msgs/msg/_track_detection2_d.py
[1.870s] -- Up-to-date: /workspaces/depthai-ros/install/depthai_ros_msgs/local/lib/python3.10/dist-packages/depthai_ros_msgs/msg/_track_detection2_d_array_s.c
[1.870s] -- Up-to-date: /workspaces/depthai-ros/install/depthai_ros_msgs/local/lib/python3.10/dist-packages/depthai_ros_msgs/msg/_hand_landmark_array.py
[1.870s] -- Up-to-date: /workspaces/depthai-ros/install/depthai_ros_msgs/local/lib/python3.10/dist-packages/depthai_ros_msgs/msg/_spatial_detection.py
[1.870s] -- Up-to-date: /workspaces/depthai-ros/install/depthai_ros_msgs/local/lib/python3.10/dist-packages/depthai_ros_msgs/msg/_imu_with_magnetic_field_s.c
[1.870s] -- Up-to-date: /workspaces/depthai-ros/install/depthai_ros_msgs/local/lib/python3.10/dist-packages/depthai_ros_msgs/msg/_auto_focus_ctrl_s.c
[1.871s] -- Up-to-date: /workspaces/depthai-ros/install/depthai_ros_msgs/local/lib/python3.10/dist-packages/depthai_ros_msgs/msg/_spatial_detection_s.c
[1.871s] -- Up-to-date: /workspaces/depthai-ros/install/depthai_ros_msgs/local/lib/python3.10/dist-packages/depthai_ros_msgs/msg/_auto_focus_ctrl.py
[1.871s] -- Up-to-date: /workspaces/depthai-ros/install/depthai_ros_msgs/local/lib/python3.10/dist-packages/depthai_ros_msgs/msg/_spatial_detection_array.py
[1.871s] -- Up-to-date: /workspaces/depthai-ros/install/depthai_ros_msgs/local/lib/python3.10/dist-packages/depthai_ros_msgs/msg/_imu_with_magnetic_field.py
[1.871s] -- Up-to-date: /workspaces/depthai-ros/install/depthai_ros_msgs/local/lib/python3.10/dist-packages/depthai_ros_msgs/libdepthai_ros_msgs__rosidl_generator_py.so
[1.871s] -- Up-to-date: /workspaces/depthai-ros/install/depthai_ros_msgs/local/lib/python3.10/dist-packages/depthai_ros_msgs/_depthai_ros_msgs_s.ep.rosidl_typesupport_fastrtps_c.c
[1.871s] -- Up-to-date: /workspaces/depthai-ros/install/depthai_ros_msgs/local/lib/python3.10/dist-packages/depthai_ros_msgs/_depthai_ros_msgs_s.ep.rosidl_typesupport_c.c
[1.872s] -- Up-to-date: /workspaces/depthai-ros/install/depthai_ros_msgs/local/lib/python3.10/dist-packages/depthai_ros_msgs/depthai_ros_msgs_s__rosidl_typesupport_fastrtps_c.cpython-310-aarch64-linux-gnu.so
[1.872s] -- Up-to-date: /workspaces/depthai-ros/install/depthai_ros_msgs/local/lib/python3.10/dist-packages/depthai_ros_msgs/srv
[1.872s] -- Up-to-date: /workspaces/depthai-ros/install/depthai_ros_msgs/local/lib/python3.10/dist-packages/depthai_ros_msgs/srv/__init__.py
[1.872s] -- Up-to-date: /workspaces/depthai-ros/install/depthai_ros_msgs/local/lib/python3.10/dist-packages/depthai_ros_msgs/srv/_trigger_named_s.c
[1.872s] -- Up-to-date: /workspaces/depthai-ros/install/depthai_ros_msgs/local/lib/python3.10/dist-packages/depthai_ros_msgs/srv/_normalized_image_crop_s.c
[1.872s] -- Up-to-date: /workspaces/depthai-ros/install/depthai_ros_msgs/local/lib/python3.10/dist-packages/depthai_ros_msgs/srv/_trigger_named.py
[1.873s] -- Up-to-date: /workspaces/depthai-ros/install/depthai_ros_msgs/local/lib/python3.10/dist-packages/depthai_ros_msgs/srv/_normalized_image_crop.py
[1.873s] -- Up-to-date: /workspaces/depthai-ros/install/depthai_ros_msgs/local/lib/python3.10/dist-packages/depthai_ros_msgs/_depthai_ros_msgs_s.ep.rosidl_typesupport_introspection_c.c
[1.873s] -- Up-to-date: /workspaces/depthai-ros/install/depthai_ros_msgs/local/lib/python3.10/dist-packages/depthai_ros_msgs/depthai_ros_msgs_s__rosidl_typesupport_introspection_c.cpython-310-aarch64-linux-gnu.so
[1.898s] Listing '/workspaces/depthai-ros/install/depthai_ros_msgs/local/lib/python3.10/dist-packages/depthai_ros_msgs'...
[1.899s] Listing '/workspaces/depthai-ros/install/depthai_ros_msgs/local/lib/python3.10/dist-packages/depthai_ros_msgs/msg'...
[1.901s] Listing '/workspaces/depthai-ros/install/depthai_ros_msgs/local/lib/python3.10/dist-packages/depthai_ros_msgs/srv'...
[1.902s] -- Up-to-date: /workspaces/depthai-ros/install/depthai_ros_msgs/local/lib/python3.10/dist-packages/depthai_ros_msgs/depthai_ros_msgs_s__rosidl_typesupport_fastrtps_c.cpython-310-aarch64-linux-gnu.so
[1.902s] -- Up-to-date: /workspaces/depthai-ros/install/depthai_ros_msgs/local/lib/python3.10/dist-packages/depthai_ros_msgs/depthai_ros_msgs_s__rosidl_typesupport_introspection_c.cpython-310-aarch64-linux-gnu.so
[1.903s] -- Up-to-date: /workspaces/depthai-ros/install/depthai_ros_msgs/local/lib/python3.10/dist-packages/depthai_ros_msgs/depthai_ros_msgs_s__rosidl_typesupport_c.cpython-310-aarch64-linux-gnu.so
[1.904s] -- Up-to-date: /workspaces/depthai-ros/install/depthai_ros_msgs/lib/libdepthai_ros_msgs__rosidl_generator_py.so
[1.905s] -- Up-to-date: /workspaces/depthai-ros/install/depthai_ros_msgs/share/depthai_ros_msgs/msg/AutoFocusCtrl.idl
[1.905s] -- Up-to-date: /workspaces/depthai-ros/install/depthai_ros_msgs/share/depthai_ros_msgs/msg/HandLandmark.idl
[1.906s] -- Up-to-date: /workspaces/depthai-ros/install/depthai_ros_msgs/share/depthai_ros_msgs/msg/HandLandmarkArray.idl
[1.906s] -- Up-to-date: /workspaces/depthai-ros/install/depthai_ros_msgs/share/depthai_ros_msgs/msg/ImuWithMagneticField.idl
[1.906s] -- Up-to-date: /workspaces/depthai-ros/install/depthai_ros_msgs/share/depthai_ros_msgs/msg/TrackedFeature.idl
[1.906s] -- Up-to-date: /workspaces/depthai-ros/install/depthai_ros_msgs/share/depthai_ros_msgs/msg/TrackedFeatures.idl
[1.907s] -- Up-to-date: /workspaces/depthai-ros/install/depthai_ros_msgs/share/depthai_ros_msgs/msg/SpatialDetection.idl
[1.907s] -- Up-to-date: /workspaces/depthai-ros/install/depthai_ros_msgs/share/depthai_ros_msgs/msg/SpatialDetectionArray.idl
[1.907s] -- Up-to-date: /workspaces/depthai-ros/install/depthai_ros_msgs/share/depthai_ros_msgs/msg/TrackDetection2D.idl
[1.907s] -- Up-to-date: /workspaces/depthai-ros/install/depthai_ros_msgs/share/depthai_ros_msgs/msg/TrackDetection2DArray.idl
[1.907s] -- Up-to-date: /workspaces/depthai-ros/install/depthai_ros_msgs/share/depthai_ros_msgs/srv/TriggerNamed.idl
[1.907s] -- Up-to-date: /workspaces/depthai-ros/install/depthai_ros_msgs/share/depthai_ros_msgs/srv/NormalizedImageCrop.idl
[1.907s] -- Up-to-date: /workspaces/depthai-ros/install/depthai_ros_msgs/share/depthai_ros_msgs/msg/AutoFocusCtrl.msg
[1.908s] -- Up-to-date: /workspaces/depthai-ros/install/depthai_ros_msgs/share/depthai_ros_msgs/msg/HandLandmark.msg
[1.908s] -- Up-to-date: /workspaces/depthai-ros/install/depthai_ros_msgs/share/depthai_ros_msgs/msg/HandLandmarkArray.msg
[1.908s] -- Up-to-date: /workspaces/depthai-ros/install/depthai_ros_msgs/share/depthai_ros_msgs/msg/ImuWithMagneticField.msg
[1.908s] -- Up-to-date: /workspaces/depthai-ros/install/depthai_ros_msgs/share/depthai_ros_msgs/msg/TrackedFeature.msg
[1.908s] -- Up-to-date: /workspaces/depthai-ros/install/depthai_ros_msgs/share/depthai_ros_msgs/msg/TrackedFeatures.msg
[1.908s] -- Up-to-date: /workspaces/depthai-ros/install/depthai_ros_msgs/share/depthai_ros_msgs/msg/SpatialDetection.msg
[1.909s] -- Up-to-date: /workspaces/depthai-ros/install/depthai_ros_msgs/share/depthai_ros_msgs/msg/SpatialDetectionArray.msg
[1.909s] -- Up-to-date: /workspaces/depthai-ros/install/depthai_ros_msgs/share/depthai_ros_msgs/msg/TrackDetection2D.msg
[1.909s] -- Up-to-date: /workspaces/depthai-ros/install/depthai_ros_msgs/share/depthai_ros_msgs/msg/TrackDetection2DArray.msg
[1.909s] -- Up-to-date: /workspaces/depthai-ros/install/depthai_ros_msgs/share/depthai_ros_msgs/srv/TriggerNamed.srv
[1.909s] -- Up-to-date: /workspaces/depthai-ros/install/depthai_ros_msgs/share/depthai_ros_msgs/srv/TriggerNamed_Request.msg
[1.909s] -- Up-to-date: /workspaces/depthai-ros/install/depthai_ros_msgs/share/depthai_ros_msgs/srv/TriggerNamed_Response.msg
[1.910s] -- Up-to-date: /workspaces/depthai-ros/install/depthai_ros_msgs/share/depthai_ros_msgs/srv/NormalizedImageCrop.srv
[1.910s] -- Up-to-date: /workspaces/depthai-ros/install/depthai_ros_msgs/share/depthai_ros_msgs/srv/NormalizedImageCrop_Request.msg
[1.910s] -- Up-to-date: /workspaces/depthai-ros/install/depthai_ros_msgs/share/depthai_ros_msgs/srv/NormalizedImageCrop_Response.msg
[1.910s] -- Up-to-date: /workspaces/depthai-ros/install/depthai_ros_msgs/share/ament_index/resource_index/package_run_dependencies/depthai_ros_msgs
[1.910s] -- Up-to-date: /workspaces/depthai-ros/install/depthai_ros_msgs/share/ament_index/resource_index/parent_prefix_path/depthai_ros_msgs
[1.911s] -- Up-to-date: /workspaces/depthai-ros/install/depthai_ros_msgs/share/depthai_ros_msgs/environment/ament_prefix_path.sh
[1.911s] -- Up-to-date: /workspaces/depthai-ros/install/depthai_ros_msgs/share/depthai_ros_msgs/environment/ament_prefix_path.dsv
[1.911s] -- Up-to-date: /workspaces/depthai-ros/install/depthai_ros_msgs/share/depthai_ros_msgs/environment/path.sh
[1.911s] -- Up-to-date: /workspaces/depthai-ros/install/depthai_ros_msgs/share/depthai_ros_msgs/environment/path.dsv
[1.911s] -- Up-to-date: /workspaces/depthai-ros/install/depthai_ros_msgs/share/depthai_ros_msgs/local_setup.bash
[1.911s] -- Up-to-date: /workspaces/depthai-ros/install/depthai_ros_msgs/share/depthai_ros_msgs/local_setup.sh
[1.912s] -- Up-to-date: /workspaces/depthai-ros/install/depthai_ros_msgs/share/depthai_ros_msgs/local_setup.zsh
[1.912s] -- Up-to-date: /workspaces/depthai-ros/install/depthai_ros_msgs/share/depthai_ros_msgs/local_setup.dsv
[1.912s] -- Installing: /workspaces/depthai-ros/install/depthai_ros_msgs/share/depthai_ros_msgs/package.dsv
[1.912s] -- Up-to-date: /workspaces/depthai-ros/install/depthai_ros_msgs/share/ament_index/resource_index/packages/depthai_ros_msgs
[1.912s] -- Up-to-date: /workspaces/depthai-ros/install/depthai_ros_msgs/share/depthai_ros_msgs/cmake/export_depthai_ros_msgs__rosidl_generator_cExport.cmake
[1.912s] -- Up-to-date: /workspaces/depthai-ros/install/depthai_ros_msgs/share/depthai_ros_msgs/cmake/export_depthai_ros_msgs__rosidl_generator_cExport-noconfig.cmake
[1.913s] -- Up-to-date: /workspaces/depthai-ros/install/depthai_ros_msgs/share/depthai_ros_msgs/cmake/export_depthai_ros_msgs__rosidl_typesupport_fastrtps_cExport.cmake
[1.913s] -- Up-to-date: /workspaces/depthai-ros/install/depthai_ros_msgs/share/depthai_ros_msgs/cmake/export_depthai_ros_msgs__rosidl_typesupport_fastrtps_cExport-noconfig.cmake
[1.913s] -- Up-to-date: /workspaces/depthai-ros/install/depthai_ros_msgs/share/depthai_ros_msgs/cmake/export_depthai_ros_msgs__rosidl_generator_cppExport.cmake
[1.913s] -- Up-to-date: /workspaces/depthai-ros/install/depthai_ros_msgs/share/depthai_ros_msgs/cmake/export_depthai_ros_msgs__rosidl_typesupport_fastrtps_cppExport.cmake
[1.913s] -- Up-to-date: /workspaces/depthai-ros/install/depthai_ros_msgs/share/depthai_ros_msgs/cmake/export_depthai_ros_msgs__rosidl_typesupport_fastrtps_cppExport-noconfig.cmake
[1.913s] -- Up-to-date: /workspaces/depthai-ros/install/depthai_ros_msgs/share/depthai_ros_msgs/cmake/depthai_ros_msgs__rosidl_typesupport_introspection_cExport.cmake
[1.913s] -- Up-to-date: /workspaces/depthai-ros/install/depthai_ros_msgs/share/depthai_ros_msgs/cmake/depthai_ros_msgs__rosidl_typesupport_introspection_cExport-noconfig.cmake
[1.914s] -- Up-to-date: /workspaces/depthai-ros/install/depthai_ros_msgs/share/depthai_ros_msgs/cmake/depthai_ros_msgs__rosidl_typesupport_cExport.cmake
[1.914s] -- Up-to-date: /workspaces/depthai-ros/install/depthai_ros_msgs/share/depthai_ros_msgs/cmake/depthai_ros_msgs__rosidl_typesupport_cExport-noconfig.cmake
[1.914s] -- Up-to-date: /workspaces/depthai-ros/install/depthai_ros_msgs/share/depthai_ros_msgs/cmake/depthai_ros_msgs__rosidl_typesupport_introspection_cppExport.cmake
[1.914s] -- Up-to-date: /workspaces/depthai-ros/install/depthai_ros_msgs/share/depthai_ros_msgs/cmake/depthai_ros_msgs__rosidl_typesupport_introspection_cppExport-noconfig.cmake
[1.914s] -- Up-to-date: /workspaces/depthai-ros/install/depthai_ros_msgs/share/depthai_ros_msgs/cmake/depthai_ros_msgs__rosidl_typesupport_cppExport.cmake
[1.914s] -- Up-to-date: /workspaces/depthai-ros/install/depthai_ros_msgs/share/depthai_ros_msgs/cmake/depthai_ros_msgs__rosidl_typesupport_cppExport-noconfig.cmake
[1.917s] -- Up-to-date: /workspaces/depthai-ros/install/depthai_ros_msgs/share/depthai_ros_msgs/cmake/export_depthai_ros_msgs__rosidl_generator_pyExport.cmake
[1.918s] -- Up-to-date: /workspaces/depthai-ros/install/depthai_ros_msgs/share/depthai_ros_msgs/cmake/export_depthai_ros_msgs__rosidl_generator_pyExport-noconfig.cmake
[1.919s] -- Up-to-date: /workspaces/depthai-ros/install/depthai_ros_msgs/share/depthai_ros_msgs/cmake/rosidl_cmake-extras.cmake
[1.919s] -- Up-to-date: /workspaces/depthai-ros/install/depthai_ros_msgs/share/depthai_ros_msgs/cmake/ament_cmake_export_dependencies-extras.cmake
[1.921s] -- Up-to-date: /workspaces/depthai-ros/install/depthai_ros_msgs/share/depthai_ros_msgs/cmake/ament_cmake_export_include_directories-extras.cmake
[1.922s] -- Up-to-date: /workspaces/depthai-ros/install/depthai_ros_msgs/share/depthai_ros_msgs/cmake/ament_cmake_export_libraries-extras.cmake
[1.922s] -- Up-to-date: /workspaces/depthai-ros/install/depthai_ros_msgs/share/depthai_ros_msgs/cmake/ament_cmake_export_targets-extras.cmake
[1.922s] -- Up-to-date: /workspaces/depthai-ros/install/depthai_ros_msgs/share/depthai_ros_msgs/cmake/rosidl_cmake_export_typesupport_targets-extras.cmake
[1.923s] -- Up-to-date: /workspaces/depthai-ros/install/depthai_ros_msgs/share/depthai_ros_msgs/cmake/rosidl_cmake_export_typesupport_libraries-extras.cmake
[1.923s] -- Up-to-date: /workspaces/depthai-ros/install/depthai_ros_msgs/share/depthai_ros_msgs/cmake/depthai_ros_msgsConfig.cmake
[1.923s] -- Up-to-date: /workspaces/depthai-ros/install/depthai_ros_msgs/share/depthai_ros_msgs/cmake/depthai_ros_msgsConfig-version.cmake
[1.923s] -- Up-to-date: /workspaces/depthai-ros/install/depthai_ros_msgs/share/depthai_ros_msgs/package.xml
[1.946s] Invoked command in '/workspaces/depthai-ros/build/depthai_ros_msgs' returned '0': CMAKE_PREFIX_PATH=${CMAKE_PREFIX_PATH}:/opt/ros/humble /usr/bin/cmake --install /workspaces/depthai-ros/build/depthai_ros_msgs
