-- The C compiler identification is GNU 11.4.0
-- The CXX compiler identification is GNU 11.4.0
-- Detecting C compiler ABI info
-- Detecting C compiler ABI info - done
-- Check for working C compiler: /usr/bin/cc - skipped
-- Detecting C compile features
-- Detecting C compile features - done
-- Detecting CXX compiler ABI info
-- Detecting CXX compiler ABI info - done
-- Check for working CXX compiler: /usr/bin/c++ - skipped
-- Detecting CXX compile features
-- Detecting CXX compile features - done
-- Found ament_cmake_auto: 1.3.8 (/opt/ros/humble/share/ament_cmake_auto/cmake)
-- Found Python3: /usr/bin/python3 (found version "3.10.12") found components: Interpreter 
-- Found rosidl_generator_c: 3.1.5 (/opt/ros/humble/share/rosidl_generator_c/cmake)
-- Found rosidl_adapter: 3.1.5 (/opt/ros/humble/share/rosidl_adapter/cmake)
-- Found rosidl_generator_cpp: 3.1.5 (/opt/ros/humble/share/rosidl_generator_cpp/cmake)
-- Using all available rosidl_typesupport_c: rosidl_typesupport_fastrtps_c;rosidl_typesupport_introspection_c
-- Using all available rosidl_typesupport_cpp: rosidl_typesupport_fastrtps_cpp;rosidl_typesupport_introspection_cpp
-- Found rmw_implementation_cmake: 6.1.1 (/opt/ros/humble/share/rmw_implementation_cmake/cmake)
-- Found rmw_fastrtps_cpp: 6.2.6 (/opt/ros/humble/share/rmw_fastrtps_cpp/cmake)
-- Found OpenSSL: /usr/lib/aarch64-linux-gnu/libcrypto.so (found version "3.0.2")  
-- Found FastRTPS: /opt/ros/humble/include  
-- Using RMW implementation 'rmw_fastrtps_cpp' as default
-- Looking for pthread.h
-- Looking for pthread.h - found
-- Performing Test CMAKE_HAVE_LIBC_PTHREAD
-- Performing Test CMAKE_HAVE_LIBC_PTHREAD - Success
-- Found Threads: TRUE  
-- Found eigen3_cmake_module: 0.1.1 (/opt/ros/humble/share/eigen3_cmake_module/cmake)
-- Found Eigen3: TRUE (found version "3.4.0") 
-- Ensuring Eigen3 include directory is part of orocos-kdl CMake target
-- Configuring done
-- Generating done
-- Build files have been written to: /workspaces/depthai-ros/build/depthai_ros_driver
[  3%] [32mBuilding CXX object CMakeFiles/depthai_ros_driver_common.dir/src/utils.cpp.o[0m
[  7%] [32mBuilding CXX object CMakeFiles/depthai_ros_driver_common.dir/src/dai_nodes/sys_logger.cpp.o[0m
[ 11%] [32mBuilding CXX object CMakeFiles/depthai_ros_driver_common.dir/src/dai_nodes/sensors/sensor_helpers.cpp.o[0m
[ 15%] [32mBuilding CXX object CMakeFiles/depthai_ros_driver_common.dir/src/param_handlers/camera_param_handler.cpp.o[0m
[ 19%] [32mBuilding CXX object CMakeFiles/depthai_ros_driver_common.dir/src/dai_nodes/base_node.cpp.o[0m
[ 19%] Built target ament_cmake_python_copy_depthai_ros_driver
running egg_info
creating depthai_ros_driver.egg-info
writing depthai_ros_driver.egg-info/PKG-INFO
writing dependency_links to depthai_ros_driver.egg-info/dependency_links.txt
writing top-level names to depthai_ros_driver.egg-info/top_level.txt
writing manifest file 'depthai_ros_driver.egg-info/SOURCES.txt'
reading manifest file 'depthai_ros_driver.egg-info/SOURCES.txt'
writing manifest file 'depthai_ros_driver.egg-info/SOURCES.txt'
[ 19%] Built target ament_cmake_python_build_depthai_ros_driver_egg
[ 23%] [32mBuilding CXX object CMakeFiles/depthai_ros_driver_common.dir/src/param_handlers/imu_param_handler.cpp.o[0m
[ 26%] [32mBuilding CXX object CMakeFiles/depthai_ros_driver_common.dir/src/param_handlers/nn_param_handler.cpp.o[0m
[ 30%] [32mBuilding CXX object CMakeFiles/depthai_ros_driver_common.dir/src/param_handlers/sensor_param_handler.cpp.o[0m
[ 34%] [32mBuilding CXX object CMakeFiles/depthai_ros_driver_common.dir/src/param_handlers/feature_tracker_param_handler.cpp.o[0m
[ 38%] [32mBuilding CXX object CMakeFiles/depthai_ros_driver_common.dir/src/param_handlers/stereo_param_handler.cpp.o[0m
[ 42%] [32m[1mLinking CXX shared library libdepthai_ros_driver_common.so[0m
[ 42%] Built target depthai_ros_driver_common
[ 50%] [32mBuilding CXX object CMakeFiles/depthai_ros_driver_nn_nodes.dir/src/dai_nodes/nn/nn_wrapper.cpp.o[0m
[ 53%] [32mBuilding CXX object CMakeFiles/depthai_ros_driver_nn_nodes.dir/src/dai_nodes/nn/spatial_nn_wrapper.cpp.o[0m
[ 53%] [32mBuilding CXX object CMakeFiles/depthai_ros_driver_sensor_nodes.dir/src/dai_nodes/sensors/rgb.cpp.o[0m
[ 61%] [32mBuilding CXX object CMakeFiles/depthai_ros_driver_nn_nodes.dir/src/dai_nodes/nn/segmentation.cpp.o[0m
[ 61%] [32mBuilding CXX object CMakeFiles/depthai_ros_driver_sensor_nodes.dir/src/dai_nodes/sensors/imu.cpp.o[0m
[ 65%] [32mBuilding CXX object CMakeFiles/depthai_ros_driver_sensor_nodes.dir/src/dai_nodes/sensors/mono.cpp.o[0m
