[35m[1mConsolidate compiler generated dependencies of target rgb_stereo_node[0m
[35m[1mConsolidate compiler generated dependencies of target feature_tracker[0m
[  5%] [32mBuilding CXX object CMakeFiles/stereo_inertial_node.dir/src/stereo_inertial_publisher.cpp.o[0m
[ 15%] Built target rgb_stereo_node
[ 25%] Built target mobilenet_node
[ 40%] Built target stereo_node
[ 45%] Built target crop_control_service
[35m[1mConsolidate compiler generated dependencies of target yolov4_node[0m
[ 55%] Built target feature_tracker
[ 60%] [32mBuilding CXX object CMakeFiles/tracker_yolov4_spatial_node.dir/src/tracker_yolov4_spatial_publisher.cpp.o[0m
[ 65%] [32mBuilding CXX object CMakeFiles/tracker_yolov4_node.dir/src/tracker_yolov4_publisher.cpp.o[0m
[ 75%] Built target yolov4_spatial_node
[ 85%] Built target yolov4_node
[01m[K/workspaces/depthai-ros/depthai_examples/src/stereo_inertial_publisher.cpp:[m[K In function ‘[01m[Kint main(int, char**)[m[K’:
[01m[K/workspaces/depthai-ros/depthai_examples/src/stereo_inertial_publisher.cpp:488:53:[m[K [01;35m[Kwarning: [m[K‘[01m[Kbool dai::DeviceBase::setIrLaserDotProjectorBrightness(float, int)[m[K’ is deprecated: Use setIrLaserDotProjectorIntensity(float intensity) instead. [[01;35m[K]8;;https://gcc.gnu.org/onlinedocs/gcc/Warning-Options.html#index-Wdeprecated-declarations-Wdeprecated-declarations]8;;[m[K]
  488 |             [01;35m[Kdevice->setIrLaserDotProjectorBrightness(dotProjectormA)[m[K;
      |             [01;35m[K~~~~~~~~~~~~~~~~~~~~~~~~~~~~~~~~~~~~~~~~^~~~~~~~~~~~~~~~[m[K
In file included from [01m[K/opt/ros/humble/include/depthai/device/Device.hpp:14[m[K,
                 from [01m[K/workspaces/depthai-ros/depthai_examples/src/stereo_inertial_publisher.cpp:15[m[K:
[01m[K/opt/ros/humble/include/depthai/device/DeviceBase.hpp:498:90:[m[K [01;36m[Knote: [m[Kdeclared here
  498 |     [[deprecated("Use setIrLaserDotProjectorIntensity(float intensity) instead.")]] bool [01;36m[KsetIrLaserDotProjectorBrightness[m[K(float mA, int mask = -1);
      |                                                                                          [01;36m[K^~~~~~~~~~~~~~~~~~~~~~~~~~~~~~~~[m[K
[01m[K/workspaces/depthai-ros/depthai_examples/src/stereo_inertial_publisher.cpp:492:46:[m[K [01;35m[Kwarning: [m[K‘[01m[Kbool dai::DeviceBase::setIrFloodLightBrightness(float, int)[m[K’ is deprecated: Use setIrFloodLightIntensity(float intensity) instead. [[01;35m[K]8;;https://gcc.gnu.org/onlinedocs/gcc/Warning-Options.html#index-Wdeprecated-declarations-Wdeprecated-declarations]8;;[m[K]
  492 |             [01;35m[Kdevice->setIrFloodLightBrightness(floodLightmA)[m[K;
      |             [01;35m[K~~~~~~~~~~~~~~~~~~~~~~~~~~~~~~~~~^~~~~~~~~~~~~~[m[K
In file included from [01m[K/opt/ros/humble/include/depthai/device/Device.hpp:14[m[K,
                 from [01m[K/workspaces/depthai-ros/depthai_examples/src/stereo_inertial_publisher.cpp:15[m[K:
[01m[K/opt/ros/humble/include/depthai/device/DeviceBase.hpp:510:83:[m[K [01;36m[Knote: [m[Kdeclared here
  510 |     [[deprecated("Use setIrFloodLightIntensity(float intensity) instead.")]] bool [01;36m[KsetIrFloodLightBrightness[m[K(float mA, int mask = -1);
      |                                                                                   [01;36m[K^~~~~~~~~~~~~~~~~~~~~~~~~[m[K
[ 90%] [32m[1mLinking CXX executable tracker_yolov4_node[0m
[ 95%] [32m[1mLinking CXX executable tracker_yolov4_spatial_node[0m
[ 95%] Built target tracker_yolov4_node
[ 95%] Built target tracker_yolov4_spatial_node
[100%] [32m[1mLinking CXX executable stereo_inertial_node[0m
[100%] Built target stereo_inertial_node
-- Install configuration: ""
-- Installing: /workspaces/depthai-ros/install/depthai_examples/share/depthai_examples/params
-- Installing: /workspaces/depthai-ros/install/depthai_examples/share/depthai_examples/params/camera
-- Installing: /workspaces/depthai-ros/install/depthai_examples/share/depthai_examples/params/camera/right.yaml
-- Installing: /workspaces/depthai-ros/install/depthai_examples/share/depthai_examples/params/camera/color.yaml
-- Installing: /workspaces/depthai-ros/install/depthai_examples/share/depthai_examples/params/camera/left.yaml
-- Installing: /workspaces/depthai-ros/install/depthai_examples/share/depthai_examples/rviz
-- Installing: /workspaces/depthai-ros/install/depthai_examples/share/depthai_examples/rviz/stereo_nodelet.rviz
-- Installing: /workspaces/depthai-ros/install/depthai_examples/share/depthai_examples/rviz/stereoInertial.rviz
-- Installing: /workspaces/depthai-ros/install/depthai_examples/share/depthai_examples/rviz/stereoInertialDepthAlignROS2.rviz
-- Installing: /workspaces/depthai-ros/install/depthai_examples/share/depthai_examples/rviz/stereoPointCloud.rviz
-- Installing: /workspaces/depthai-ros/install/depthai_examples/share/depthai_examples/rviz/stereo_config.rviz
-- Installing: /workspaces/depthai-ros/install/depthai_examples/share/depthai_examples/rviz/pointCloud.rviz
-- Installing: /workspaces/depthai-ros/install/depthai_examples/share/depthai_examples/rviz/stereoInertialROS1.rviz
-- Installing: /workspaces/depthai-ros/install/depthai_examples/share/depthai_examples/rviz/rgb_camera.rviz
-- Installing: /workspaces/depthai-ros/install/depthai_examples/share/depthai_examples/rviz/stereoPointCloud_v1.rviz
-- Installing: /workspaces/depthai-ros/install/depthai_examples/share/depthai_examples/rviz/stereoInertialDepthAlign.rviz
-- Installing: /workspaces/depthai-ros/install/depthai_examples/share/depthai_examples/resources
-- Installing: /workspaces/depthai-ros/install/depthai_examples/share/depthai_examples/resources/mobilenet-ssd_openvino_2021.2_6shave.blob
-- Installing: /workspaces/depthai-ros/install/depthai_examples/share/depthai_examples/resources/deeplab_v3_plus_mnv2_decoder_256_openvino_2021.4.blob
-- Installing: /workspaces/depthai-ros/install/depthai_examples/share/depthai_examples/resources/yolov4_tiny_coco_416x416_openvino_2021.4_6shave_bgr.blob
-- Installing: /workspaces/depthai-ros/install/depthai_examples/share/depthai_examples/launch
-- Installing: /workspaces/depthai-ros/install/depthai_examples/share/depthai_examples/launch/yolov4_publisher.launch.py
-- Installing: /workspaces/depthai-ros/install/depthai_examples/share/depthai_examples/launch/stereo.launch.py
-- Installing: /workspaces/depthai-ros/install/depthai_examples/share/depthai_examples/launch/mobile_publisher.launch.py
-- Installing: /workspaces/depthai-ros/install/depthai_examples/share/depthai_examples/launch/tracker_yolov4_node.launch.py
-- Installing: /workspaces/depthai-ros/install/depthai_examples/share/depthai_examples/launch/stereo_inertial_node.launch.py
-- Installing: /workspaces/depthai-ros/install/depthai_examples/share/depthai_examples/launch/rgb_stereo_node.launch.py
-- Installing: /workspaces/depthai-ros/install/depthai_examples/share/depthai_examples/launch/tracker_yolov4_spatial_node.launch.py
-- Installing: /workspaces/depthai-ros/install/depthai_examples/lib/depthai_examples/crop_control_service
-- Set runtime path of "/workspaces/depthai-ros/install/depthai_examples/lib/depthai_examples/crop_control_service" to "/workspaces/depthai-ros/install/depthai_bridge/lib:/opt/ros/humble/lib/aarch64-linux-gnu:/opt/ros/humble/lib:/workspaces/depthai-ros/install/depthai_ros_msgs/lib"
-- Installing: /workspaces/depthai-ros/install/depthai_examples/lib/depthai_examples/mobilenet_node
-- Set runtime path of "/workspaces/depthai-ros/install/depthai_examples/lib/depthai_examples/mobilenet_node" to "/workspaces/depthai-ros/install/depthai_bridge/lib:/opt/ros/humble/lib/aarch64-linux-gnu:/opt/ros/humble/lib:/workspaces/depthai-ros/install/depthai_ros_msgs/lib"
-- Installing: /workspaces/depthai-ros/install/depthai_examples/lib/depthai_examples/rgb_stereo_node
-- Set runtime path of "/workspaces/depthai-ros/install/depthai_examples/lib/depthai_examples/rgb_stereo_node" to "/workspaces/depthai-ros/install/depthai_bridge/lib:/opt/ros/humble/lib/aarch64-linux-gnu:/opt/ros/humble/lib:/workspaces/depthai-ros/install/depthai_ros_msgs/lib"
-- Installing: /workspaces/depthai-ros/install/depthai_examples/lib/depthai_examples/stereo_inertial_node
-- Set runtime path of "/workspaces/depthai-ros/install/depthai_examples/lib/depthai_examples/stereo_inertial_node" to "/workspaces/depthai-ros/install/depthai_bridge/lib:/opt/ros/humble/lib/aarch64-linux-gnu:/opt/ros/humble/lib:/workspaces/depthai-ros/install/depthai_ros_msgs/lib"
-- Installing: /workspaces/depthai-ros/install/depthai_examples/lib/depthai_examples/stereo_node
-- Set runtime path of "/workspaces/depthai-ros/install/depthai_examples/lib/depthai_examples/stereo_node" to "/workspaces/depthai-ros/install/depthai_bridge/lib:/opt/ros/humble/lib/aarch64-linux-gnu:/opt/ros/humble/lib:/workspaces/depthai-ros/install/depthai_ros_msgs/lib"
-- Installing: /workspaces/depthai-ros/install/depthai_examples/lib/depthai_examples/yolov4_spatial_node
-- Set runtime path of "/workspaces/depthai-ros/install/depthai_examples/lib/depthai_examples/yolov4_spatial_node" to "/workspaces/depthai-ros/install/depthai_bridge/lib:/opt/ros/humble/lib/aarch64-linux-gnu:/opt/ros/humble/lib:/workspaces/depthai-ros/install/depthai_ros_msgs/lib"
-- Installing: /workspaces/depthai-ros/install/depthai_examples/lib/depthai_examples/yolov4_node
-- Set runtime path of "/workspaces/depthai-ros/install/depthai_examples/lib/depthai_examples/yolov4_node" to "/workspaces/depthai-ros/install/depthai_bridge/lib:/opt/ros/humble/lib/aarch64-linux-gnu:/opt/ros/humble/lib:/workspaces/depthai-ros/install/depthai_ros_msgs/lib"
-- Installing: /workspaces/depthai-ros/install/depthai_examples/lib/depthai_examples/feature_tracker
-- Set runtime path of "/workspaces/depthai-ros/install/depthai_examples/lib/depthai_examples/feature_tracker" to "/workspaces/depthai-ros/install/depthai_bridge/lib:/opt/ros/humble/lib/aarch64-linux-gnu:/opt/ros/humble/lib:/workspaces/depthai-ros/install/depthai_ros_msgs/lib"
-- Installing: /workspaces/depthai-ros/install/depthai_examples/lib/depthai_examples/tracker_yolov4_node
-- Set runtime path of "/workspaces/depthai-ros/install/depthai_examples/lib/depthai_examples/tracker_yolov4_node" to "/workspaces/depthai-ros/install/depthai_bridge/lib:/opt/ros/humble/lib/aarch64-linux-gnu:/opt/ros/humble/lib:/workspaces/depthai-ros/install/depthai_ros_msgs/lib"
-- Installing: /workspaces/depthai-ros/install/depthai_examples/lib/depthai_examples/tracker_yolov4_spatial_node
-- Set runtime path of "/workspaces/depthai-ros/install/depthai_examples/lib/depthai_examples/tracker_yolov4_spatial_node" to "/workspaces/depthai-ros/install/depthai_bridge/lib:/opt/ros/humble/lib/aarch64-linux-gnu:/opt/ros/humble/lib:/workspaces/depthai-ros/install/depthai_ros_msgs/lib"
-- Installing: /workspaces/depthai-ros/install/depthai_examples/share/ament_index/resource_index/package_run_dependencies/depthai_examples
-- Installing: /workspaces/depthai-ros/install/depthai_examples/share/ament_index/resource_index/parent_prefix_path/depthai_examples
-- Installing: /workspaces/depthai-ros/install/depthai_examples/share/depthai_examples/environment/ament_prefix_path.sh
-- Installing: /workspaces/depthai-ros/install/depthai_examples/share/depthai_examples/environment/ament_prefix_path.dsv
-- Installing: /workspaces/depthai-ros/install/depthai_examples/share/depthai_examples/environment/path.sh
-- Installing: /workspaces/depthai-ros/install/depthai_examples/share/depthai_examples/environment/path.dsv
-- Installing: /workspaces/depthai-ros/install/depthai_examples/share/depthai_examples/local_setup.bash
-- Installing: /workspaces/depthai-ros/install/depthai_examples/share/depthai_examples/local_setup.sh
-- Installing: /workspaces/depthai-ros/install/depthai_examples/share/depthai_examples/local_setup.zsh
-- Installing: /workspaces/depthai-ros/install/depthai_examples/share/depthai_examples/local_setup.dsv
-- Installing: /workspaces/depthai-ros/install/depthai_examples/share/depthai_examples/package.dsv
-- Installing: /workspaces/depthai-ros/install/depthai_examples/share/ament_index/resource_index/packages/depthai_examples
-- Installing: /workspaces/depthai-ros/install/depthai_examples/share/depthai_examples/cmake/depthai_examplesConfig.cmake
-- Installing: /workspaces/depthai-ros/install/depthai_examples/share/depthai_examples/cmake/depthai_examplesConfig-version.cmake
-- Installing: /workspaces/depthai-ros/install/depthai_examples/share/depthai_examples/package.xml
