[0.029s] Invoking command in '/workspaces/depthai-ros/build/depthai_ros_msgs': CMAKE_PREFIX_PATH=${CMAKE_PREFIX_PATH}:/opt/ros/humble /usr/bin/cmake --build /workspaces/depthai-ros/build/depthai_ros_msgs -- -j6 -l6
[0.166s] [  0%] Built target depthai_ros_msgs__cpp
[0.258s] [ 12%] Built target depthai_ros_msgs__rosidl_generator_c
[0.269s] [ 12%] Built target ament_cmake_python_copy_depthai_ros_msgs
[0.330s] [ 24%] Built target depthai_ros_msgs__rosidl_typesupport_cpp
[0.340s] [ 35%] Built target depthai_ros_msgs__rosidl_typesupport_fastrtps_cpp
[0.354s] [ 47%] Built target depthai_ros_msgs__rosidl_typesupport_introspection_cpp
[0.380s] [ 71%] Built target depthai_ros_msgs__rosidl_typesupport_introspection_c
[0.382s] [ 71%] Built target depthai_ros_msgs__rosidl_typesupport_fastrtps_c
[0.430s] [ 83%] Built target depthai_ros_msgs__rosidl_typesupport_c
[0.476s] [ 83%] Built target depthai_ros_msgs
[0.524s] [ 84%] Built target depthai_ros_msgs__py
[0.580s] [ 95%] Built target depthai_ros_msgs__rosidl_generator_py
[0.633s] [ 98%] Built target depthai_ros_msgs__rosidl_typesupport_fastrtps_c__pyext
[0.633s] [ 99%] Built target depthai_ros_msgs__rosidl_typesupport_introspection_c__pyext
[0.641s] [100%] Built target depthai_ros_msgs__rosidl_typesupport_c__pyext
[0.791s] running egg_info
[0.795s] writing depthai_ros_msgs.egg-info/PKG-INFO
[0.796s] writing dependency_links to depthai_ros_msgs.egg-info/dependency_links.txt
[0.797s] writing top-level names to depthai_ros_msgs.egg-info/top_level.txt
[0.799s] reading manifest file 'depthai_ros_msgs.egg-info/SOURCES.txt'
[0.804s] writing manifest file 'depthai_ros_msgs.egg-info/SOURCES.txt'
[0.880s] [100%] Built target ament_cmake_python_build_depthai_ros_msgs_egg
[0.915s] Invoked command in '/workspaces/depthai-ros/build/depthai_ros_msgs' returned '0': CMAKE_PREFIX_PATH=${CMAKE_PREFIX_PATH}:/opt/ros/humble /usr/bin/cmake --build /workspaces/depthai-ros/build/depthai_ros_msgs -- -j6 -l6
[1.418s] Invoking command in '/workspaces/depthai-ros/build/depthai_ros_msgs': CMAKE_PREFIX_PATH=${CMAKE_PREFIX_PATH}:/opt/ros/humble /usr/bin/cmake --install /workspaces/depthai-ros/build/depthai_ros_msgs
[1.438s] -- Install configuration: ""
[1.440s] -- Up-to-date: /workspaces/depthai-ros/install/depthai_ros_msgs/share/ament_index/resource_index/rosidl_interfaces/depthai_ros_msgs
[1.442s] -- Up-to-date: /workspaces/depthai-ros/install/depthai_ros_msgs/include/depthai_ros_msgs/depthai_ros_msgs
[1.443s] -- Up-to-date: /workspaces/depthai-ros/install/depthai_ros_msgs/include/depthai_ros_msgs/depthai_ros_msgs/msg
[1.445s] -- Up-to-date: /workspaces/depthai-ros/install/depthai_ros_msgs/include/depthai_ros_msgs/depthai_ros_msgs/msg/rosidl_generator_c__visibility_control.h
[1.446s] -- Up-to-date: /workspaces/depthai-ros/install/depthai_ros_msgs/include/depthai_ros_msgs/depthai_ros_msgs/msg/spatial_detection_array.h
[1.447s] -- Up-to-date: /workspaces/depthai-ros/install/depthai_ros_msgs/include/depthai_ros_msgs/depthai_ros_msgs/msg/auto_focus_ctrl.h
[1.449s] -- Up-to-date: /workspaces/depthai-ros/install/depthai_ros_msgs/include/depthai_ros_msgs/depthai_ros_msgs/msg/tracked_feature.h
[1.449s] -- Up-to-date: /workspaces/depthai-ros/install/depthai_ros_msgs/include/depthai_ros_msgs/depthai_ros_msgs/msg/hand_landmark.h
[1.449s] -- Up-to-date: /workspaces/depthai-ros/install/depthai_ros_msgs/include/depthai_ros_msgs/depthai_ros_msgs/msg/track_detection2_d.h
[1.449s] -- Up-to-date: /workspaces/depthai-ros/install/depthai_ros_msgs/include/depthai_ros_msgs/depthai_ros_msgs/msg/detail
[1.450s] -- Up-to-date: /workspaces/depthai-ros/install/depthai_ros_msgs/include/depthai_ros_msgs/depthai_ros_msgs/msg/detail/tracked_features__functions.c
[1.450s] -- Up-to-date: /workspaces/depthai-ros/install/depthai_ros_msgs/include/depthai_ros_msgs/depthai_ros_msgs/msg/detail/track_detection2_d_array__functions.h
[1.450s] -- Up-to-date: /workspaces/depthai-ros/install/depthai_ros_msgs/include/depthai_ros_msgs/depthai_ros_msgs/msg/detail/spatial_detection_array__functions.h
[1.450s] -- Up-to-date: /workspaces/depthai-ros/install/depthai_ros_msgs/include/depthai_ros_msgs/depthai_ros_msgs/msg/detail/spatial_detection__functions.c
[1.450s] -- Up-to-date: /workspaces/depthai-ros/install/depthai_ros_msgs/include/depthai_ros_msgs/depthai_ros_msgs/msg/detail/spatial_detection__type_support.h
[1.451s] -- Up-to-date: /workspaces/depthai-ros/install/depthai_ros_msgs/include/depthai_ros_msgs/depthai_ros_msgs/msg/detail/tracked_features__functions.h
[1.451s] -- Up-to-date: /workspaces/depthai-ros/install/depthai_ros_msgs/include/depthai_ros_msgs/depthai_ros_msgs/msg/detail/hand_landmark_array__type_support.h
[1.451s] -- Up-to-date: /workspaces/depthai-ros/install/depthai_ros_msgs/include/depthai_ros_msgs/depthai_ros_msgs/msg/detail/hand_landmark__functions.c
[1.451s] -- Up-to-date: /workspaces/depthai-ros/install/depthai_ros_msgs/include/depthai_ros_msgs/depthai_ros_msgs/msg/detail/spatial_detection_array__functions.c
[1.451s] -- Up-to-date: /workspaces/depthai-ros/install/depthai_ros_msgs/include/depthai_ros_msgs/depthai_ros_msgs/msg/detail/track_detection2_d__struct.h
[1.451s] -- Up-to-date: /workspaces/depthai-ros/install/depthai_ros_msgs/include/depthai_ros_msgs/depthai_ros_msgs/msg/detail/tracked_feature__type_support.h
[1.452s] -- Up-to-date: /workspaces/depthai-ros/install/depthai_ros_msgs/include/depthai_ros_msgs/depthai_ros_msgs/msg/detail/track_detection2_d_array__functions.c
[1.452s] -- Up-to-date: /workspaces/depthai-ros/install/depthai_ros_msgs/include/depthai_ros_msgs/depthai_ros_msgs/msg/detail/auto_focus_ctrl__struct.h
[1.452s] -- Up-to-date: /workspaces/depthai-ros/install/depthai_ros_msgs/include/depthai_ros_msgs/depthai_ros_msgs/msg/detail/auto_focus_ctrl__functions.h
[1.452s] -- Up-to-date: /workspaces/depthai-ros/install/depthai_ros_msgs/include/depthai_ros_msgs/depthai_ros_msgs/msg/detail/tracked_feature__struct.h
[1.452s] -- Up-to-date: /workspaces/depthai-ros/install/depthai_ros_msgs/include/depthai_ros_msgs/depthai_ros_msgs/msg/detail/tracked_features__struct.h
[1.452s] -- Up-to-date: /workspaces/depthai-ros/install/depthai_ros_msgs/include/depthai_ros_msgs/depthai_ros_msgs/msg/detail/track_detection2_d_array__struct.h
[1.453s] -- Up-to-date: /workspaces/depthai-ros/install/depthai_ros_msgs/include/depthai_ros_msgs/depthai_ros_msgs/msg/detail/hand_landmark_array__functions.h
[1.453s] -- Up-to-date: /workspaces/depthai-ros/install/depthai_ros_msgs/include/depthai_ros_msgs/depthai_ros_msgs/msg/detail/hand_landmark__type_support.h
[1.453s] -- Up-to-date: /workspaces/depthai-ros/install/depthai_ros_msgs/include/depthai_ros_msgs/depthai_ros_msgs/msg/detail/tracked_feature__functions.h
[1.453s] -- Up-to-date: /workspaces/depthai-ros/install/depthai_ros_msgs/include/depthai_ros_msgs/depthai_ros_msgs/msg/detail/imu_with_magnetic_field__type_support.h
[1.453s] -- Up-to-date: /workspaces/depthai-ros/install/depthai_ros_msgs/include/depthai_ros_msgs/depthai_ros_msgs/msg/detail/imu_with_magnetic_field__struct.h
[1.453s] -- Up-to-date: /workspaces/depthai-ros/install/depthai_ros_msgs/include/depthai_ros_msgs/depthai_ros_msgs/msg/detail/auto_focus_ctrl__functions.c
[1.454s] -- Up-to-date: /workspaces/depthai-ros/install/depthai_ros_msgs/include/depthai_ros_msgs/depthai_ros_msgs/msg/detail/spatial_detection_array__type_support.h
[1.454s] -- Up-to-date: /workspaces/depthai-ros/install/depthai_ros_msgs/include/depthai_ros_msgs/depthai_ros_msgs/msg/detail/imu_with_magnetic_field__functions.c
[1.454s] -- Up-to-date: /workspaces/depthai-ros/install/depthai_ros_msgs/include/depthai_ros_msgs/depthai_ros_msgs/msg/detail/hand_landmark_array__struct.h
[1.454s] -- Up-to-date: /workspaces/depthai-ros/install/depthai_ros_msgs/include/depthai_ros_msgs/depthai_ros_msgs/msg/detail/auto_focus_ctrl__type_support.h
[1.454s] -- Up-to-date: /workspaces/depthai-ros/install/depthai_ros_msgs/include/depthai_ros_msgs/depthai_ros_msgs/msg/detail/tracked_feature__functions.c
[1.455s] -- Up-to-date: /workspaces/depthai-ros/install/depthai_ros_msgs/include/depthai_ros_msgs/depthai_ros_msgs/msg/detail/track_detection2_d_array__type_support.h
[1.455s] -- Up-to-date: /workspaces/depthai-ros/install/depthai_ros_msgs/include/depthai_ros_msgs/depthai_ros_msgs/msg/detail/track_detection2_d__type_support.h
[1.455s] -- Up-to-date: /workspaces/depthai-ros/install/depthai_ros_msgs/include/depthai_ros_msgs/depthai_ros_msgs/msg/detail/track_detection2_d__functions.h
[1.455s] -- Up-to-date: /workspaces/depthai-ros/install/depthai_ros_msgs/include/depthai_ros_msgs/depthai_ros_msgs/msg/detail/spatial_detection_array__struct.h
[1.455s] -- Up-to-date: /workspaces/depthai-ros/install/depthai_ros_msgs/include/depthai_ros_msgs/depthai_ros_msgs/msg/detail/tracked_features__type_support.h
[1.456s] -- Up-to-date: /workspaces/depthai-ros/install/depthai_ros_msgs/include/depthai_ros_msgs/depthai_ros_msgs/msg/detail/imu_with_magnetic_field__functions.h
[1.456s] -- Up-to-date: /workspaces/depthai-ros/install/depthai_ros_msgs/include/depthai_ros_msgs/depthai_ros_msgs/msg/detail/hand_landmark_array__functions.c
[1.456s] -- Up-to-date: /workspaces/depthai-ros/install/depthai_ros_msgs/include/depthai_ros_msgs/depthai_ros_msgs/msg/detail/spatial_detection__functions.h
[1.457s] -- Up-to-date: /workspaces/depthai-ros/install/depthai_ros_msgs/include/depthai_ros_msgs/depthai_ros_msgs/msg/detail/spatial_detection__struct.h
[1.457s] -- Up-to-date: /workspaces/depthai-ros/install/depthai_ros_msgs/include/depthai_ros_msgs/depthai_ros_msgs/msg/detail/hand_landmark__struct.h
[1.457s] -- Up-to-date: /workspaces/depthai-ros/install/depthai_ros_msgs/include/depthai_ros_msgs/depthai_ros_msgs/msg/detail/track_detection2_d__functions.c
[1.457s] -- Up-to-date: /workspaces/depthai-ros/install/depthai_ros_msgs/include/depthai_ros_msgs/depthai_ros_msgs/msg/detail/hand_landmark__functions.h
[1.457s] -- Up-to-date: /workspaces/depthai-ros/install/depthai_ros_msgs/include/depthai_ros_msgs/depthai_ros_msgs/msg/tracked_features.h
[1.458s] -- Up-to-date: /workspaces/depthai-ros/install/depthai_ros_msgs/include/depthai_ros_msgs/depthai_ros_msgs/msg/imu_with_magnetic_field.h
[1.458s] -- Up-to-date: /workspaces/depthai-ros/install/depthai_ros_msgs/include/depthai_ros_msgs/depthai_ros_msgs/msg/track_detection2_d_array.h
[1.458s] -- Up-to-date: /workspaces/depthai-ros/install/depthai_ros_msgs/include/depthai_ros_msgs/depthai_ros_msgs/msg/spatial_detection.h
[1.458s] -- Up-to-date: /workspaces/depthai-ros/install/depthai_ros_msgs/include/depthai_ros_msgs/depthai_ros_msgs/msg/hand_landmark_array.h
[1.458s] -- Up-to-date: /workspaces/depthai-ros/install/depthai_ros_msgs/include/depthai_ros_msgs/depthai_ros_msgs/srv
[1.458s] -- Up-to-date: /workspaces/depthai-ros/install/depthai_ros_msgs/include/depthai_ros_msgs/depthai_ros_msgs/srv/detail
[1.458s] -- Up-to-date: /workspaces/depthai-ros/install/depthai_ros_msgs/include/depthai_ros_msgs/depthai_ros_msgs/srv/detail/normalized_image_crop__functions.h
[1.459s] -- Up-to-date: /workspaces/depthai-ros/install/depthai_ros_msgs/include/depthai_ros_msgs/depthai_ros_msgs/srv/detail/normalized_image_crop__struct.h
[1.459s] -- Up-to-date: /workspaces/depthai-ros/install/depthai_ros_msgs/include/depthai_ros_msgs/depthai_ros_msgs/srv/detail/normalized_image_crop__type_support.h
[1.459s] -- Up-to-date: /workspaces/depthai-ros/install/depthai_ros_msgs/include/depthai_ros_msgs/depthai_ros_msgs/srv/detail/trigger_named__functions.h
[1.459s] -- Up-to-date: /workspaces/depthai-ros/install/depthai_ros_msgs/include/depthai_ros_msgs/depthai_ros_msgs/srv/detail/normalized_image_crop__functions.c
[1.459s] -- Up-to-date: /workspaces/depthai-ros/install/depthai_ros_msgs/include/depthai_ros_msgs/depthai_ros_msgs/srv/detail/trigger_named__functions.c
[1.459s] -- Up-to-date: /workspaces/depthai-ros/install/depthai_ros_msgs/include/depthai_ros_msgs/depthai_ros_msgs/srv/detail/trigger_named__struct.h
[1.460s] -- Up-to-date: /workspaces/depthai-ros/install/depthai_ros_msgs/include/depthai_ros_msgs/depthai_ros_msgs/srv/detail/trigger_named__type_support.h
[1.460s] -- Up-to-date: /workspaces/depthai-ros/install/depthai_ros_msgs/include/depthai_ros_msgs/depthai_ros_msgs/srv/normalized_image_crop.h
[1.460s] -- Up-to-date: /workspaces/depthai-ros/install/depthai_ros_msgs/include/depthai_ros_msgs/depthai_ros_msgs/srv/trigger_named.h
[1.460s] -- Up-to-date: /workspaces/depthai-ros/install/depthai_ros_msgs/share/depthai_ros_msgs/environment/library_path.sh
[1.460s] -- Up-to-date: /workspaces/depthai-ros/install/depthai_ros_msgs/share/depthai_ros_msgs/environment/library_path.dsv
[1.460s] -- Up-to-date: /workspaces/depthai-ros/install/depthai_ros_msgs/lib/libdepthai_ros_msgs__rosidl_generator_c.so
[1.461s] -- Up-to-date: /workspaces/depthai-ros/install/depthai_ros_msgs/include/depthai_ros_msgs/depthai_ros_msgs
[1.461s] -- Up-to-date: /workspaces/depthai-ros/install/depthai_ros_msgs/include/depthai_ros_msgs/depthai_ros_msgs/msg
[1.461s] -- Up-to-date: /workspaces/depthai-ros/install/depthai_ros_msgs/include/depthai_ros_msgs/depthai_ros_msgs/msg/detail
[1.461s] -- Up-to-date: /workspaces/depthai-ros/install/depthai_ros_msgs/include/depthai_ros_msgs/depthai_ros_msgs/msg/detail/hand_landmark__rosidl_typesupport_fastrtps_c.h
[1.461s] -- Up-to-date: /workspaces/depthai-ros/install/depthai_ros_msgs/include/depthai_ros_msgs/depthai_ros_msgs/msg/detail/hand_landmark_array__rosidl_typesupport_fastrtps_c.h
[1.461s] -- Up-to-date: /workspaces/depthai-ros/install/depthai_ros_msgs/include/depthai_ros_msgs/depthai_ros_msgs/msg/detail/spatial_detection_array__rosidl_typesupport_fastrtps_c.h
[1.461s] -- Up-to-date: /workspaces/depthai-ros/install/depthai_ros_msgs/include/depthai_ros_msgs/depthai_ros_msgs/msg/detail/tracked_features__rosidl_typesupport_fastrtps_c.h
[1.462s] -- Up-to-date: /workspaces/depthai-ros/install/depthai_ros_msgs/include/depthai_ros_msgs/depthai_ros_msgs/msg/detail/track_detection2_d__rosidl_typesupport_fastrtps_c.h
[1.462s] -- Up-to-date: /workspaces/depthai-ros/install/depthai_ros_msgs/include/depthai_ros_msgs/depthai_ros_msgs/msg/detail/track_detection2_d_array__rosidl_typesupport_fastrtps_c.h
[1.462s] -- Up-to-date: /workspaces/depthai-ros/install/depthai_ros_msgs/include/depthai_ros_msgs/depthai_ros_msgs/msg/detail/imu_with_magnetic_field__rosidl_typesupport_fastrtps_c.h
[1.462s] -- Up-to-date: /workspaces/depthai-ros/install/depthai_ros_msgs/include/depthai_ros_msgs/depthai_ros_msgs/msg/detail/spatial_detection__rosidl_typesupport_fastrtps_c.h
[1.462s] -- Up-to-date: /workspaces/depthai-ros/install/depthai_ros_msgs/include/depthai_ros_msgs/depthai_ros_msgs/msg/detail/tracked_feature__rosidl_typesupport_fastrtps_c.h
[1.462s] -- Up-to-date: /workspaces/depthai-ros/install/depthai_ros_msgs/include/depthai_ros_msgs/depthai_ros_msgs/msg/detail/auto_focus_ctrl__rosidl_typesupport_fastrtps_c.h
[1.463s] -- Up-to-date: /workspaces/depthai-ros/install/depthai_ros_msgs/include/depthai_ros_msgs/depthai_ros_msgs/msg/rosidl_typesupport_fastrtps_c__visibility_control.h
[1.463s] -- Up-to-date: /workspaces/depthai-ros/install/depthai_ros_msgs/include/depthai_ros_msgs/depthai_ros_msgs/srv
[1.463s] -- Up-to-date: /workspaces/depthai-ros/install/depthai_ros_msgs/include/depthai_ros_msgs/depthai_ros_msgs/srv/detail
[1.463s] -- Up-to-date: /workspaces/depthai-ros/install/depthai_ros_msgs/include/depthai_ros_msgs/depthai_ros_msgs/srv/detail/normalized_image_crop__rosidl_typesupport_fastrtps_c.h
[1.463s] -- Up-to-date: /workspaces/depthai-ros/install/depthai_ros_msgs/include/depthai_ros_msgs/depthai_ros_msgs/srv/detail/trigger_named__rosidl_typesupport_fastrtps_c.h
[1.463s] -- Up-to-date: /workspaces/depthai-ros/install/depthai_ros_msgs/lib/libdepthai_ros_msgs__rosidl_typesupport_fastrtps_c.so
[1.464s] -- Up-to-date: /workspaces/depthai-ros/install/depthai_ros_msgs/include/depthai_ros_msgs/depthai_ros_msgs
[1.464s] -- Up-to-date: /workspaces/depthai-ros/install/depthai_ros_msgs/include/depthai_ros_msgs/depthai_ros_msgs/msg
[1.464s] -- Up-to-date: /workspaces/depthai-ros/install/depthai_ros_msgs/include/depthai_ros_msgs/depthai_ros_msgs/msg/auto_focus_ctrl.hpp
[1.464s] -- Up-to-date: /workspaces/depthai-ros/install/depthai_ros_msgs/include/depthai_ros_msgs/depthai_ros_msgs/msg/track_detection2_d_array.hpp
[1.464s] -- Up-to-date: /workspaces/depthai-ros/install/depthai_ros_msgs/include/depthai_ros_msgs/depthai_ros_msgs/msg/hand_landmark.hpp
[1.464s] -- Up-to-date: /workspaces/depthai-ros/install/depthai_ros_msgs/include/depthai_ros_msgs/depthai_ros_msgs/msg/tracked_feature.hpp
[1.464s] -- Up-to-date: /workspaces/depthai-ros/install/depthai_ros_msgs/include/depthai_ros_msgs/depthai_ros_msgs/msg/track_detection2_d.hpp
[1.465s] -- Up-to-date: /workspaces/depthai-ros/install/depthai_ros_msgs/include/depthai_ros_msgs/depthai_ros_msgs/msg/detail
[1.465s] -- Up-to-date: /workspaces/depthai-ros/install/depthai_ros_msgs/include/depthai_ros_msgs/depthai_ros_msgs/msg/detail/tracked_feature__struct.hpp
[1.465s] -- Up-to-date: /workspaces/depthai-ros/install/depthai_ros_msgs/include/depthai_ros_msgs/depthai_ros_msgs/msg/detail/spatial_detection__traits.hpp
[1.465s] -- Up-to-date: /workspaces/depthai-ros/install/depthai_ros_msgs/include/depthai_ros_msgs/depthai_ros_msgs/msg/detail/tracked_features__builder.hpp
[1.465s] -- Up-to-date: /workspaces/depthai-ros/install/depthai_ros_msgs/include/depthai_ros_msgs/depthai_ros_msgs/msg/detail/tracked_feature__traits.hpp
[1.465s] -- Up-to-date: /workspaces/depthai-ros/install/depthai_ros_msgs/include/depthai_ros_msgs/depthai_ros_msgs/msg/detail/track_detection2_d_array__struct.hpp
[1.466s] -- Up-to-date: /workspaces/depthai-ros/install/depthai_ros_msgs/include/depthai_ros_msgs/depthai_ros_msgs/msg/detail/tracked_features__struct.hpp
[1.466s] -- Up-to-date: /workspaces/depthai-ros/install/depthai_ros_msgs/include/depthai_ros_msgs/depthai_ros_msgs/msg/detail/imu_with_magnetic_field__builder.hpp
[1.466s] -- Up-to-date: /workspaces/depthai-ros/install/depthai_ros_msgs/include/depthai_ros_msgs/depthai_ros_msgs/msg/detail/hand_landmark_array__struct.hpp
[1.466s] -- Up-to-date: /workspaces/depthai-ros/install/depthai_ros_msgs/include/depthai_ros_msgs/depthai_ros_msgs/msg/detail/auto_focus_ctrl__builder.hpp
[1.466s] -- Up-to-date: /workspaces/depthai-ros/install/depthai_ros_msgs/include/depthai_ros_msgs/depthai_ros_msgs/msg/detail/spatial_detection__builder.hpp
[1.466s] -- Up-to-date: /workspaces/depthai-ros/install/depthai_ros_msgs/include/depthai_ros_msgs/depthai_ros_msgs/msg/detail/hand_landmark__traits.hpp
[1.466s] -- Up-to-date: /workspaces/depthai-ros/install/depthai_ros_msgs/include/depthai_ros_msgs/depthai_ros_msgs/msg/detail/hand_landmark_array__builder.hpp
[1.467s] -- Up-to-date: /workspaces/depthai-ros/install/depthai_ros_msgs/include/depthai_ros_msgs/depthai_ros_msgs/msg/detail/hand_landmark__struct.hpp
[1.467s] -- Up-to-date: /workspaces/depthai-ros/install/depthai_ros_msgs/include/depthai_ros_msgs/depthai_ros_msgs/msg/detail/spatial_detection_array__builder.hpp
[1.467s] -- Up-to-date: /workspaces/depthai-ros/install/depthai_ros_msgs/include/depthai_ros_msgs/depthai_ros_msgs/msg/detail/auto_focus_ctrl__struct.hpp
[1.467s] -- Up-to-date: /workspaces/depthai-ros/install/depthai_ros_msgs/include/depthai_ros_msgs/depthai_ros_msgs/msg/detail/track_detection2_d__builder.hpp
[1.467s] -- Up-to-date: /workspaces/depthai-ros/install/depthai_ros_msgs/include/depthai_ros_msgs/depthai_ros_msgs/msg/detail/track_detection2_d_array__builder.hpp
[1.468s] -- Up-to-date: /workspaces/depthai-ros/install/depthai_ros_msgs/include/depthai_ros_msgs/depthai_ros_msgs/msg/detail/spatial_detection_array__traits.hpp
[1.468s] -- Up-to-date: /workspaces/depthai-ros/install/depthai_ros_msgs/include/depthai_ros_msgs/depthai_ros_msgs/msg/detail/track_detection2_d__traits.hpp
[1.468s] -- Up-to-date: /workspaces/depthai-ros/install/depthai_ros_msgs/include/depthai_ros_msgs/depthai_ros_msgs/msg/detail/spatial_detection_array__struct.hpp
[1.468s] -- Up-to-date: /workspaces/depthai-ros/install/depthai_ros_msgs/include/depthai_ros_msgs/depthai_ros_msgs/msg/detail/tracked_features__traits.hpp
[1.468s] -- Up-to-date: /workspaces/depthai-ros/install/depthai_ros_msgs/include/depthai_ros_msgs/depthai_ros_msgs/msg/detail/imu_with_magnetic_field__struct.hpp
[1.468s] -- Up-to-date: /workspaces/depthai-ros/install/depthai_ros_msgs/include/depthai_ros_msgs/depthai_ros_msgs/msg/detail/track_detection2_d__struct.hpp
[1.469s] -- Up-to-date: /workspaces/depthai-ros/install/depthai_ros_msgs/include/depthai_ros_msgs/depthai_ros_msgs/msg/detail/track_detection2_d_array__traits.hpp
[1.469s] -- Up-to-date: /workspaces/depthai-ros/install/depthai_ros_msgs/include/depthai_ros_msgs/depthai_ros_msgs/msg/detail/hand_landmark__builder.hpp
[1.469s] -- Up-to-date: /workspaces/depthai-ros/install/depthai_ros_msgs/include/depthai_ros_msgs/depthai_ros_msgs/msg/detail/hand_landmark_array__traits.hpp
[1.469s] -- Up-to-date: /workspaces/depthai-ros/install/depthai_ros_msgs/include/depthai_ros_msgs/depthai_ros_msgs/msg/detail/tracked_feature__builder.hpp
[1.469s] -- Up-to-date: /workspaces/depthai-ros/install/depthai_ros_msgs/include/depthai_ros_msgs/depthai_ros_msgs/msg/detail/spatial_detection__struct.hpp
[1.469s] -- Up-to-date: /workspaces/depthai-ros/install/depthai_ros_msgs/include/depthai_ros_msgs/depthai_ros_msgs/msg/detail/auto_focus_ctrl__traits.hpp
[1.469s] -- Up-to-date: /workspaces/depthai-ros/install/depthai_ros_msgs/include/depthai_ros_msgs/depthai_ros_msgs/msg/detail/imu_with_magnetic_field__traits.hpp
[1.470s] -- Up-to-date: /workspaces/depthai-ros/install/depthai_ros_msgs/include/depthai_ros_msgs/depthai_ros_msgs/msg/hand_landmark_array.hpp
[1.470s] -- Up-to-date: /workspaces/depthai-ros/install/depthai_ros_msgs/include/depthai_ros_msgs/depthai_ros_msgs/msg/tracked_features.hpp
[1.470s] -- Up-to-date: /workspaces/depthai-ros/install/depthai_ros_msgs/include/depthai_ros_msgs/depthai_ros_msgs/msg/imu_with_magnetic_field.hpp
[1.470s] -- Up-to-date: /workspaces/depthai-ros/install/depthai_ros_msgs/include/depthai_ros_msgs/depthai_ros_msgs/msg/spatial_detection_array.hpp
[1.470s] -- Up-to-date: /workspaces/depthai-ros/install/depthai_ros_msgs/include/depthai_ros_msgs/depthai_ros_msgs/msg/spatial_detection.hpp
[1.470s] -- Up-to-date: /workspaces/depthai-ros/install/depthai_ros_msgs/include/depthai_ros_msgs/depthai_ros_msgs/srv
[1.471s] -- Up-to-date: /workspaces/depthai-ros/install/depthai_ros_msgs/include/depthai_ros_msgs/depthai_ros_msgs/srv/trigger_named.hpp
[1.471s] -- Up-to-date: /workspaces/depthai-ros/install/depthai_ros_msgs/include/depthai_ros_msgs/depthai_ros_msgs/srv/normalized_image_crop.hpp
[1.471s] -- Up-to-date: /workspaces/depthai-ros/install/depthai_ros_msgs/include/depthai_ros_msgs/depthai_ros_msgs/srv/detail
[1.471s] -- Up-to-date: /workspaces/depthai-ros/install/depthai_ros_msgs/include/depthai_ros_msgs/depthai_ros_msgs/srv/detail/trigger_named__traits.hpp
[1.471s] -- Up-to-date: /workspaces/depthai-ros/install/depthai_ros_msgs/include/depthai_ros_msgs/depthai_ros_msgs/srv/detail/normalized_image_crop__traits.hpp
[1.471s] -- Up-to-date: /workspaces/depthai-ros/install/depthai_ros_msgs/include/depthai_ros_msgs/depthai_ros_msgs/srv/detail/trigger_named__builder.hpp
[1.471s] -- Up-to-date: /workspaces/depthai-ros/install/depthai_ros_msgs/include/depthai_ros_msgs/depthai_ros_msgs/srv/detail/normalized_image_crop__struct.hpp
[1.472s] -- Up-to-date: /workspaces/depthai-ros/install/depthai_ros_msgs/include/depthai_ros_msgs/depthai_ros_msgs/srv/detail/trigger_named__struct.hpp
[1.472s] -- Up-to-date: /workspaces/depthai-ros/install/depthai_ros_msgs/include/depthai_ros_msgs/depthai_ros_msgs/srv/detail/normalized_image_crop__builder.hpp
[1.472s] -- Up-to-date: /workspaces/depthai-ros/install/depthai_ros_msgs/include/depthai_ros_msgs/depthai_ros_msgs
[1.472s] -- Up-to-date: /workspaces/depthai-ros/install/depthai_ros_msgs/include/depthai_ros_msgs/depthai_ros_msgs/msg
[1.472s] -- Up-to-date: /workspaces/depthai-ros/install/depthai_ros_msgs/include/depthai_ros_msgs/depthai_ros_msgs/msg/rosidl_typesupport_fastrtps_cpp__visibility_control.h
[1.472s] -- Up-to-date: /workspaces/depthai-ros/install/depthai_ros_msgs/include/depthai_ros_msgs/depthai_ros_msgs/msg/detail
[1.473s] -- Up-to-date: /workspaces/depthai-ros/install/depthai_ros_msgs/include/depthai_ros_msgs/depthai_ros_msgs/msg/detail/hand_landmark_array__rosidl_typesupport_fastrtps_cpp.hpp
[1.473s] -- Up-to-date: /workspaces/depthai-ros/install/depthai_ros_msgs/include/depthai_ros_msgs/depthai_ros_msgs/msg/detail/tracked_features__rosidl_typesupport_fastrtps_cpp.hpp
[1.473s] -- Up-to-date: /workspaces/depthai-ros/install/depthai_ros_msgs/include/depthai_ros_msgs/depthai_ros_msgs/msg/detail/spatial_detection_array__rosidl_typesupport_fastrtps_cpp.hpp
[1.473s] -- Up-to-date: /workspaces/depthai-ros/install/depthai_ros_msgs/include/depthai_ros_msgs/depthai_ros_msgs/msg/detail/track_detection2_d__rosidl_typesupport_fastrtps_cpp.hpp
[1.473s] -- Up-to-date: /workspaces/depthai-ros/install/depthai_ros_msgs/include/depthai_ros_msgs/depthai_ros_msgs/msg/detail/auto_focus_ctrl__rosidl_typesupport_fastrtps_cpp.hpp
[1.473s] -- Up-to-date: /workspaces/depthai-ros/install/depthai_ros_msgs/include/depthai_ros_msgs/depthai_ros_msgs/msg/detail/hand_landmark__rosidl_typesupport_fastrtps_cpp.hpp
[1.473s] -- Up-to-date: /workspaces/depthai-ros/install/depthai_ros_msgs/include/depthai_ros_msgs/depthai_ros_msgs/msg/detail/imu_with_magnetic_field__rosidl_typesupport_fastrtps_cpp.hpp
[1.474s] -- Up-to-date: /workspaces/depthai-ros/install/depthai_ros_msgs/include/depthai_ros_msgs/depthai_ros_msgs/msg/detail/spatial_detection__rosidl_typesupport_fastrtps_cpp.hpp
[1.474s] -- Up-to-date: /workspaces/depthai-ros/install/depthai_ros_msgs/include/depthai_ros_msgs/depthai_ros_msgs/msg/detail/tracked_feature__rosidl_typesupport_fastrtps_cpp.hpp
[1.474s] -- Up-to-date: /workspaces/depthai-ros/install/depthai_ros_msgs/include/depthai_ros_msgs/depthai_ros_msgs/msg/detail/dds_fastrtps
[1.474s] -- Up-to-date: /workspaces/depthai-ros/install/depthai_ros_msgs/include/depthai_ros_msgs/depthai_ros_msgs/msg/detail/track_detection2_d_array__rosidl_typesupport_fastrtps_cpp.hpp
[1.474s] -- Up-to-date: /workspaces/depthai-ros/install/depthai_ros_msgs/include/depthai_ros_msgs/depthai_ros_msgs/srv
[1.474s] -- Up-to-date: /workspaces/depthai-ros/install/depthai_ros_msgs/include/depthai_ros_msgs/depthai_ros_msgs/srv/detail
[1.475s] -- Up-to-date: /workspaces/depthai-ros/install/depthai_ros_msgs/include/depthai_ros_msgs/depthai_ros_msgs/srv/detail/normalized_image_crop__rosidl_typesupport_fastrtps_cpp.hpp
[1.475s] -- Up-to-date: /workspaces/depthai-ros/install/depthai_ros_msgs/include/depthai_ros_msgs/depthai_ros_msgs/srv/detail/dds_fastrtps
[1.475s] -- Up-to-date: /workspaces/depthai-ros/install/depthai_ros_msgs/include/depthai_ros_msgs/depthai_ros_msgs/srv/detail/trigger_named__rosidl_typesupport_fastrtps_cpp.hpp
[1.475s] -- Up-to-date: /workspaces/depthai-ros/install/depthai_ros_msgs/lib/libdepthai_ros_msgs__rosidl_typesupport_fastrtps_cpp.so
[1.475s] -- Up-to-date: /workspaces/depthai-ros/install/depthai_ros_msgs/include/depthai_ros_msgs/depthai_ros_msgs
[1.476s] -- Up-to-date: /workspaces/depthai-ros/install/depthai_ros_msgs/include/depthai_ros_msgs/depthai_ros_msgs/msg
[1.476s] -- Up-to-date: /workspaces/depthai-ros/install/depthai_ros_msgs/include/depthai_ros_msgs/depthai_ros_msgs/msg/detail
[1.476s] -- Up-to-date: /workspaces/depthai-ros/install/depthai_ros_msgs/include/depthai_ros_msgs/depthai_ros_msgs/msg/detail/spatial_detection__type_support.c
[1.476s] -- Up-to-date: /workspaces/depthai-ros/install/depthai_ros_msgs/include/depthai_ros_msgs/depthai_ros_msgs/msg/detail/spatial_detection__rosidl_typesupport_introspection_c.h
[1.477s] -- Up-to-date: /workspaces/depthai-ros/install/depthai_ros_msgs/include/depthai_ros_msgs/depthai_ros_msgs/msg/detail/tracked_features__type_support.c
[1.477s] -- Up-to-date: /workspaces/depthai-ros/install/depthai_ros_msgs/include/depthai_ros_msgs/depthai_ros_msgs/msg/detail/spatial_detection_array__type_support.c
[1.477s] -- Up-to-date: /workspaces/depthai-ros/install/depthai_ros_msgs/include/depthai_ros_msgs/depthai_ros_msgs/msg/detail/hand_landmark_array__type_support.c
[1.477s] -- Up-to-date: /workspaces/depthai-ros/install/depthai_ros_msgs/include/depthai_ros_msgs/depthai_ros_msgs/msg/detail/imu_with_magnetic_field__rosidl_typesupport_introspection_c.h
[1.477s] -- Up-to-date: /workspaces/depthai-ros/install/depthai_ros_msgs/include/depthai_ros_msgs/depthai_ros_msgs/msg/detail/hand_landmark_array__rosidl_typesupport_introspection_c.h
[1.477s] -- Up-to-date: /workspaces/depthai-ros/install/depthai_ros_msgs/include/depthai_ros_msgs/depthai_ros_msgs/msg/detail/track_detection2_d_array__type_support.c
[1.477s] -- Up-to-date: /workspaces/depthai-ros/install/depthai_ros_msgs/include/depthai_ros_msgs/depthai_ros_msgs/msg/detail/hand_landmark__rosidl_typesupport_introspection_c.h
[1.478s] -- Up-to-date: /workspaces/depthai-ros/install/depthai_ros_msgs/include/depthai_ros_msgs/depthai_ros_msgs/msg/detail/spatial_detection_array__rosidl_typesupport_introspection_c.h
[1.478s] -- Up-to-date: /workspaces/depthai-ros/install/depthai_ros_msgs/include/depthai_ros_msgs/depthai_ros_msgs/msg/detail/track_detection2_d__type_support.c
[1.478s] -- Up-to-date: /workspaces/depthai-ros/install/depthai_ros_msgs/include/depthai_ros_msgs/depthai_ros_msgs/msg/detail/auto_focus_ctrl__type_support.c
[1.478s] -- Up-to-date: /workspaces/depthai-ros/install/depthai_ros_msgs/include/depthai_ros_msgs/depthai_ros_msgs/msg/detail/imu_with_magnetic_field__type_support.c
[1.478s] -- Up-to-date: /workspaces/depthai-ros/install/depthai_ros_msgs/include/depthai_ros_msgs/depthai_ros_msgs/msg/detail/tracked_feature__type_support.c
[1.478s] -- Up-to-date: /workspaces/depthai-ros/install/depthai_ros_msgs/include/depthai_ros_msgs/depthai_ros_msgs/msg/detail/hand_landmark__type_support.c
[1.479s] -- Up-to-date: /workspaces/depthai-ros/install/depthai_ros_msgs/include/depthai_ros_msgs/depthai_ros_msgs/msg/detail/tracked_feature__rosidl_typesupport_introspection_c.h
[1.479s] -- Up-to-date: /workspaces/depthai-ros/install/depthai_ros_msgs/include/depthai_ros_msgs/depthai_ros_msgs/msg/detail/track_detection2_d_array__rosidl_typesupport_introspection_c.h
[1.479s] -- Up-to-date: /workspaces/depthai-ros/install/depthai_ros_msgs/include/depthai_ros_msgs/depthai_ros_msgs/msg/detail/tracked_features__rosidl_typesupport_introspection_c.h
[1.479s] -- Up-to-date: /workspaces/depthai-ros/install/depthai_ros_msgs/include/depthai_ros_msgs/depthai_ros_msgs/msg/detail/track_detection2_d__rosidl_typesupport_introspection_c.h
[1.479s] -- Up-to-date: /workspaces/depthai-ros/install/depthai_ros_msgs/include/depthai_ros_msgs/depthai_ros_msgs/msg/detail/auto_focus_ctrl__rosidl_typesupport_introspection_c.h
[1.480s] -- Up-to-date: /workspaces/depthai-ros/install/depthai_ros_msgs/include/depthai_ros_msgs/depthai_ros_msgs/msg/rosidl_typesupport_introspection_c__visibility_control.h
[1.480s] -- Up-to-date: /workspaces/depthai-ros/install/depthai_ros_msgs/include/depthai_ros_msgs/depthai_ros_msgs/srv
[1.480s] -- Up-to-date: /workspaces/depthai-ros/install/depthai_ros_msgs/include/depthai_ros_msgs/depthai_ros_msgs/srv/detail
[1.480s] -- Up-to-date: /workspaces/depthai-ros/install/depthai_ros_msgs/include/depthai_ros_msgs/depthai_ros_msgs/srv/detail/normalized_image_crop__type_support.c
[1.480s] -- Up-to-date: /workspaces/depthai-ros/install/depthai_ros_msgs/include/depthai_ros_msgs/depthai_ros_msgs/srv/detail/trigger_named__rosidl_typesupport_introspection_c.h
[1.480s] -- Up-to-date: /workspaces/depthai-ros/install/depthai_ros_msgs/include/depthai_ros_msgs/depthai_ros_msgs/srv/detail/trigger_named__type_support.c
[1.481s] -- Up-to-date: /workspaces/depthai-ros/install/depthai_ros_msgs/include/depthai_ros_msgs/depthai_ros_msgs/srv/detail/normalized_image_crop__rosidl_typesupport_introspection_c.h
[1.481s] -- Up-to-date: /workspaces/depthai-ros/install/depthai_ros_msgs/lib/libdepthai_ros_msgs__rosidl_typesupport_introspection_c.so
[1.481s] -- Up-to-date: /workspaces/depthai-ros/install/depthai_ros_msgs/lib/libdepthai_ros_msgs__rosidl_typesupport_c.so
[1.481s] -- Up-to-date: /workspaces/depthai-ros/install/depthai_ros_msgs/include/depthai_ros_msgs/depthai_ros_msgs
[1.481s] -- Up-to-date: /workspaces/depthai-ros/install/depthai_ros_msgs/include/depthai_ros_msgs/depthai_ros_msgs/msg
[1.481s] -- Up-to-date: /workspaces/depthai-ros/install/depthai_ros_msgs/include/depthai_ros_msgs/depthai_ros_msgs/msg/detail
[1.482s] -- Up-to-date: /workspaces/depthai-ros/install/depthai_ros_msgs/include/depthai_ros_msgs/depthai_ros_msgs/msg/detail/track_detection2_d__type_support.cpp
[1.482s] -- Up-to-date: /workspaces/depthai-ros/install/depthai_ros_msgs/include/depthai_ros_msgs/depthai_ros_msgs/msg/detail/hand_landmark__type_support.cpp
[1.482s] -- Up-to-date: /workspaces/depthai-ros/install/depthai_ros_msgs/include/depthai_ros_msgs/depthai_ros_msgs/msg/detail/auto_focus_ctrl__type_support.cpp
[1.482s] -- Up-to-date: /workspaces/depthai-ros/install/depthai_ros_msgs/include/depthai_ros_msgs/depthai_ros_msgs/msg/detail/track_detection2_d_array__rosidl_typesupport_introspection_cpp.hpp
[1.482s] -- Up-to-date: /workspaces/depthai-ros/install/depthai_ros_msgs/include/depthai_ros_msgs/depthai_ros_msgs/msg/detail/auto_focus_ctrl__rosidl_typesupport_introspection_cpp.hpp
[1.482s] -- Up-to-date: /workspaces/depthai-ros/install/depthai_ros_msgs/include/depthai_ros_msgs/depthai_ros_msgs/msg/detail/hand_landmark__rosidl_typesupport_introspection_cpp.hpp
[1.482s] -- Up-to-date: /workspaces/depthai-ros/install/depthai_ros_msgs/include/depthai_ros_msgs/depthai_ros_msgs/msg/detail/hand_landmark_array__type_support.cpp
[1.483s] -- Up-to-date: /workspaces/depthai-ros/install/depthai_ros_msgs/include/depthai_ros_msgs/depthai_ros_msgs/msg/detail/imu_with_magnetic_field__type_support.cpp
[1.483s] -- Up-to-date: /workspaces/depthai-ros/install/depthai_ros_msgs/include/depthai_ros_msgs/depthai_ros_msgs/msg/detail/hand_landmark_array__rosidl_typesupport_introspection_cpp.hpp
[1.483s] -- Up-to-date: /workspaces/depthai-ros/install/depthai_ros_msgs/include/depthai_ros_msgs/depthai_ros_msgs/msg/detail/track_detection2_d__rosidl_typesupport_introspection_cpp.hpp
[1.483s] -- Up-to-date: /workspaces/depthai-ros/install/depthai_ros_msgs/include/depthai_ros_msgs/depthai_ros_msgs/msg/detail/spatial_detection__type_support.cpp
[1.483s] -- Up-to-date: /workspaces/depthai-ros/install/depthai_ros_msgs/include/depthai_ros_msgs/depthai_ros_msgs/msg/detail/track_detection2_d_array__type_support.cpp
[1.484s] -- Up-to-date: /workspaces/depthai-ros/install/depthai_ros_msgs/include/depthai_ros_msgs/depthai_ros_msgs/msg/detail/tracked_features__rosidl_typesupport_introspection_cpp.hpp
[1.484s] -- Up-to-date: /workspaces/depthai-ros/install/depthai_ros_msgs/include/depthai_ros_msgs/depthai_ros_msgs/msg/detail/tracked_feature__rosidl_typesupport_introspection_cpp.hpp
[1.484s] -- Up-to-date: /workspaces/depthai-ros/install/depthai_ros_msgs/include/depthai_ros_msgs/depthai_ros_msgs/msg/detail/spatial_detection_array__rosidl_typesupport_introspection_cpp.hpp
[1.484s] -- Up-to-date: /workspaces/depthai-ros/install/depthai_ros_msgs/include/depthai_ros_msgs/depthai_ros_msgs/msg/detail/tracked_feature__type_support.cpp
[1.484s] -- Up-to-date: /workspaces/depthai-ros/install/depthai_ros_msgs/include/depthai_ros_msgs/depthai_ros_msgs/msg/detail/spatial_detection_array__type_support.cpp
[1.484s] -- Up-to-date: /workspaces/depthai-ros/install/depthai_ros_msgs/include/depthai_ros_msgs/depthai_ros_msgs/msg/detail/imu_with_magnetic_field__rosidl_typesupport_introspection_cpp.hpp
[1.485s] -- Up-to-date: /workspaces/depthai-ros/install/depthai_ros_msgs/include/depthai_ros_msgs/depthai_ros_msgs/msg/detail/tracked_features__type_support.cpp
[1.485s] -- Up-to-date: /workspaces/depthai-ros/install/depthai_ros_msgs/include/depthai_ros_msgs/depthai_ros_msgs/msg/detail/spatial_detection__rosidl_typesupport_introspection_cpp.hpp
[1.485s] -- Up-to-date: /workspaces/depthai-ros/install/depthai_ros_msgs/include/depthai_ros_msgs/depthai_ros_msgs/srv
[1.485s] -- Up-to-date: /workspaces/depthai-ros/install/depthai_ros_msgs/include/depthai_ros_msgs/depthai_ros_msgs/srv/detail
[1.485s] -- Up-to-date: /workspaces/depthai-ros/install/depthai_ros_msgs/include/depthai_ros_msgs/depthai_ros_msgs/srv/detail/normalized_image_crop__type_support.cpp
[1.485s] -- Up-to-date: /workspaces/depthai-ros/install/depthai_ros_msgs/include/depthai_ros_msgs/depthai_ros_msgs/srv/detail/trigger_named__type_support.cpp
[1.486s] -- Up-to-date: /workspaces/depthai-ros/install/depthai_ros_msgs/include/depthai_ros_msgs/depthai_ros_msgs/srv/detail/normalized_image_crop__rosidl_typesupport_introspection_cpp.hpp
[1.486s] -- Up-to-date: /workspaces/depthai-ros/install/depthai_ros_msgs/include/depthai_ros_msgs/depthai_ros_msgs/srv/detail/trigger_named__rosidl_typesupport_introspection_cpp.hpp
[1.486s] -- Up-to-date: /workspaces/depthai-ros/install/depthai_ros_msgs/lib/libdepthai_ros_msgs__rosidl_typesupport_introspection_cpp.so
[1.486s] -- Up-to-date: /workspaces/depthai-ros/install/depthai_ros_msgs/lib/libdepthai_ros_msgs__rosidl_typesupport_cpp.so
[1.486s] -- Up-to-date: /workspaces/depthai-ros/install/depthai_ros_msgs/share/depthai_ros_msgs/environment/pythonpath.sh
[1.487s] -- Up-to-date: /workspaces/depthai-ros/install/depthai_ros_msgs/share/depthai_ros_msgs/environment/pythonpath.dsv
[1.487s] -- Up-to-date: /workspaces/depthai-ros/install/depthai_ros_msgs/local/lib/python3.10/dist-packages/depthai_ros_msgs-2.9.0-py3.10.egg-info
[1.487s] -- Installing: /workspaces/depthai-ros/install/depthai_ros_msgs/local/lib/python3.10/dist-packages/depthai_ros_msgs-2.9.0-py3.10.egg-info/SOURCES.txt
[1.488s] -- Installing: /workspaces/depthai-ros/install/depthai_ros_msgs/local/lib/python3.10/dist-packages/depthai_ros_msgs-2.9.0-py3.10.egg-info/dependency_links.txt
[1.488s] -- Installing: /workspaces/depthai-ros/install/depthai_ros_msgs/local/lib/python3.10/dist-packages/depthai_ros_msgs-2.9.0-py3.10.egg-info/top_level.txt
[1.488s] -- Installing: /workspaces/depthai-ros/install/depthai_ros_msgs/local/lib/python3.10/dist-packages/depthai_ros_msgs-2.9.0-py3.10.egg-info/PKG-INFO
[1.488s] -- Up-to-date: /workspaces/depthai-ros/install/depthai_ros_msgs/local/lib/python3.10/dist-packages/depthai_ros_msgs
[1.488s] -- Up-to-date: /workspaces/depthai-ros/install/depthai_ros_msgs/local/lib/python3.10/dist-packages/depthai_ros_msgs/depthai_ros_msgs_s__rosidl_typesupport_c.cpython-310-aarch64-linux-gnu.so
[1.489s] -- Up-to-date: /workspaces/depthai-ros/install/depthai_ros_msgs/local/lib/python3.10/dist-packages/depthai_ros_msgs/__init__.py
[1.489s] -- Up-to-date: /workspaces/depthai-ros/install/depthai_ros_msgs/local/lib/python3.10/dist-packages/depthai_ros_msgs/msg
[1.489s] -- Up-to-date: /workspaces/depthai-ros/install/depthai_ros_msgs/local/lib/python3.10/dist-packages/depthai_ros_msgs/msg/_hand_landmark_array_s.c
[1.489s] -- Up-to-date: /workspaces/depthai-ros/install/depthai_ros_msgs/local/lib/python3.10/dist-packages/depthai_ros_msgs/msg/_tracked_feature_s.c
[1.489s] -- Up-to-date: /workspaces/depthai-ros/install/depthai_ros_msgs/local/lib/python3.10/dist-packages/depthai_ros_msgs/msg/_hand_landmark_s.c
[1.489s] -- Up-to-date: /workspaces/depthai-ros/install/depthai_ros_msgs/local/lib/python3.10/dist-packages/depthai_ros_msgs/msg/_hand_landmark.py
[1.490s] -- Up-to-date: /workspaces/depthai-ros/install/depthai_ros_msgs/local/lib/python3.10/dist-packages/depthai_ros_msgs/msg/__init__.py
[1.490s] -- Up-to-date: /workspaces/depthai-ros/install/depthai_ros_msgs/local/lib/python3.10/dist-packages/depthai_ros_msgs/msg/_track_detection2_d_s.c
[1.490s] -- Up-to-date: /workspaces/depthai-ros/install/depthai_ros_msgs/local/lib/python3.10/dist-packages/depthai_ros_msgs/msg/_tracked_features.py
[1.490s] -- Up-to-date: /workspaces/depthai-ros/install/depthai_ros_msgs/local/lib/python3.10/dist-packages/depthai_ros_msgs/msg/_track_detection2_d_array.py
[1.490s] -- Up-to-date: /workspaces/depthai-ros/install/depthai_ros_msgs/local/lib/python3.10/dist-packages/depthai_ros_msgs/msg/_tracked_features_s.c
[1.490s] -- Up-to-date: /workspaces/depthai-ros/install/depthai_ros_msgs/local/lib/python3.10/dist-packages/depthai_ros_msgs/msg/_tracked_feature.py
[1.490s] -- Up-to-date: /workspaces/depthai-ros/install/depthai_ros_msgs/local/lib/python3.10/dist-packages/depthai_ros_msgs/msg/_spatial_detection_array_s.c
[1.491s] -- Up-to-date: /workspaces/depthai-ros/install/depthai_ros_msgs/local/lib/python3.10/dist-packages/depthai_ros_msgs/msg/_track_detection2_d.py
[1.491s] -- Up-to-date: /workspaces/depthai-ros/install/depthai_ros_msgs/local/lib/python3.10/dist-packages/depthai_ros_msgs/msg/_track_detection2_d_array_s.c
[1.491s] -- Up-to-date: /workspaces/depthai-ros/install/depthai_ros_msgs/local/lib/python3.10/dist-packages/depthai_ros_msgs/msg/_hand_landmark_array.py
[1.491s] -- Up-to-date: /workspaces/depthai-ros/install/depthai_ros_msgs/local/lib/python3.10/dist-packages/depthai_ros_msgs/msg/_spatial_detection.py
[1.492s] -- Up-to-date: /workspaces/depthai-ros/install/depthai_ros_msgs/local/lib/python3.10/dist-packages/depthai_ros_msgs/msg/_imu_with_magnetic_field_s.c
[1.492s] -- Up-to-date: /workspaces/depthai-ros/install/depthai_ros_msgs/local/lib/python3.10/dist-packages/depthai_ros_msgs/msg/_auto_focus_ctrl_s.c
[1.492s] -- Up-to-date: /workspaces/depthai-ros/install/depthai_ros_msgs/local/lib/python3.10/dist-packages/depthai_ros_msgs/msg/_spatial_detection_s.c
[1.492s] -- Up-to-date: /workspaces/depthai-ros/install/depthai_ros_msgs/local/lib/python3.10/dist-packages/depthai_ros_msgs/msg/_auto_focus_ctrl.py
[1.492s] -- Up-to-date: /workspaces/depthai-ros/install/depthai_ros_msgs/local/lib/python3.10/dist-packages/depthai_ros_msgs/msg/_spatial_detection_array.py
[1.493s] -- Up-to-date: /workspaces/depthai-ros/install/depthai_ros_msgs/local/lib/python3.10/dist-packages/depthai_ros_msgs/msg/_imu_with_magnetic_field.py
[1.493s] -- Up-to-date: /workspaces/depthai-ros/install/depthai_ros_msgs/local/lib/python3.10/dist-packages/depthai_ros_msgs/libdepthai_ros_msgs__rosidl_generator_py.so
[1.493s] -- Up-to-date: /workspaces/depthai-ros/install/depthai_ros_msgs/local/lib/python3.10/dist-packages/depthai_ros_msgs/_depthai_ros_msgs_s.ep.rosidl_typesupport_fastrtps_c.c
[1.493s] -- Up-to-date: /workspaces/depthai-ros/install/depthai_ros_msgs/local/lib/python3.10/dist-packages/depthai_ros_msgs/_depthai_ros_msgs_s.ep.rosidl_typesupport_c.c
[1.493s] -- Up-to-date: /workspaces/depthai-ros/install/depthai_ros_msgs/local/lib/python3.10/dist-packages/depthai_ros_msgs/depthai_ros_msgs_s__rosidl_typesupport_fastrtps_c.cpython-310-aarch64-linux-gnu.so
[1.493s] -- Up-to-date: /workspaces/depthai-ros/install/depthai_ros_msgs/local/lib/python3.10/dist-packages/depthai_ros_msgs/srv
[1.493s] -- Up-to-date: /workspaces/depthai-ros/install/depthai_ros_msgs/local/lib/python3.10/dist-packages/depthai_ros_msgs/srv/__init__.py
[1.494s] -- Up-to-date: /workspaces/depthai-ros/install/depthai_ros_msgs/local/lib/python3.10/dist-packages/depthai_ros_msgs/srv/_trigger_named_s.c
[1.494s] -- Up-to-date: /workspaces/depthai-ros/install/depthai_ros_msgs/local/lib/python3.10/dist-packages/depthai_ros_msgs/srv/_normalized_image_crop_s.c
[1.494s] -- Up-to-date: /workspaces/depthai-ros/install/depthai_ros_msgs/local/lib/python3.10/dist-packages/depthai_ros_msgs/srv/_trigger_named.py
[1.494s] -- Up-to-date: /workspaces/depthai-ros/install/depthai_ros_msgs/local/lib/python3.10/dist-packages/depthai_ros_msgs/srv/_normalized_image_crop.py
[1.494s] -- Up-to-date: /workspaces/depthai-ros/install/depthai_ros_msgs/local/lib/python3.10/dist-packages/depthai_ros_msgs/_depthai_ros_msgs_s.ep.rosidl_typesupport_introspection_c.c
[1.494s] -- Up-to-date: /workspaces/depthai-ros/install/depthai_ros_msgs/local/lib/python3.10/dist-packages/depthai_ros_msgs/depthai_ros_msgs_s__rosidl_typesupport_introspection_c.cpython-310-aarch64-linux-gnu.so
[1.528s] Listing '/workspaces/depthai-ros/install/depthai_ros_msgs/local/lib/python3.10/dist-packages/depthai_ros_msgs'...
[1.528s] Listing '/workspaces/depthai-ros/install/depthai_ros_msgs/local/lib/python3.10/dist-packages/depthai_ros_msgs/msg'...
[1.528s] Listing '/workspaces/depthai-ros/install/depthai_ros_msgs/local/lib/python3.10/dist-packages/depthai_ros_msgs/srv'...
[1.536s] -- Up-to-date: /workspaces/depthai-ros/install/depthai_ros_msgs/local/lib/python3.10/dist-packages/depthai_ros_msgs/depthai_ros_msgs_s__rosidl_typesupport_fastrtps_c.cpython-310-aarch64-linux-gnu.so
[1.537s] -- Up-to-date: /workspaces/depthai-ros/install/depthai_ros_msgs/local/lib/python3.10/dist-packages/depthai_ros_msgs/depthai_ros_msgs_s__rosidl_typesupport_introspection_c.cpython-310-aarch64-linux-gnu.so
[1.537s] -- Up-to-date: /workspaces/depthai-ros/install/depthai_ros_msgs/local/lib/python3.10/dist-packages/depthai_ros_msgs/depthai_ros_msgs_s__rosidl_typesupport_c.cpython-310-aarch64-linux-gnu.so
[1.543s] -- Up-to-date: /workspaces/depthai-ros/install/depthai_ros_msgs/lib/libdepthai_ros_msgs__rosidl_generator_py.so
[1.544s] -- Up-to-date: /workspaces/depthai-ros/install/depthai_ros_msgs/share/depthai_ros_msgs/msg/AutoFocusCtrl.idl
[1.544s] -- Up-to-date: /workspaces/depthai-ros/install/depthai_ros_msgs/share/depthai_ros_msgs/msg/HandLandmark.idl
[1.544s] -- Up-to-date: /workspaces/depthai-ros/install/depthai_ros_msgs/share/depthai_ros_msgs/msg/HandLandmarkArray.idl
[1.544s] -- Up-to-date: /workspaces/depthai-ros/install/depthai_ros_msgs/share/depthai_ros_msgs/msg/ImuWithMagneticField.idl
[1.544s] -- Up-to-date: /workspaces/depthai-ros/install/depthai_ros_msgs/share/depthai_ros_msgs/msg/TrackedFeature.idl
[1.544s] -- Up-to-date: /workspaces/depthai-ros/install/depthai_ros_msgs/share/depthai_ros_msgs/msg/TrackedFeatures.idl
[1.545s] -- Up-to-date: /workspaces/depthai-ros/install/depthai_ros_msgs/share/depthai_ros_msgs/msg/SpatialDetection.idl
[1.545s] -- Up-to-date: /workspaces/depthai-ros/install/depthai_ros_msgs/share/depthai_ros_msgs/msg/SpatialDetectionArray.idl
[1.545s] -- Up-to-date: /workspaces/depthai-ros/install/depthai_ros_msgs/share/depthai_ros_msgs/msg/TrackDetection2D.idl
[1.545s] -- Up-to-date: /workspaces/depthai-ros/install/depthai_ros_msgs/share/depthai_ros_msgs/msg/TrackDetection2DArray.idl
[1.545s] -- Up-to-date: /workspaces/depthai-ros/install/depthai_ros_msgs/share/depthai_ros_msgs/srv/TriggerNamed.idl
[1.545s] -- Up-to-date: /workspaces/depthai-ros/install/depthai_ros_msgs/share/depthai_ros_msgs/srv/NormalizedImageCrop.idl
[1.546s] -- Up-to-date: /workspaces/depthai-ros/install/depthai_ros_msgs/share/depthai_ros_msgs/msg/AutoFocusCtrl.msg
[1.546s] -- Up-to-date: /workspaces/depthai-ros/install/depthai_ros_msgs/share/depthai_ros_msgs/msg/HandLandmark.msg
[1.546s] -- Up-to-date: /workspaces/depthai-ros/install/depthai_ros_msgs/share/depthai_ros_msgs/msg/HandLandmarkArray.msg
[1.546s] -- Up-to-date: /workspaces/depthai-ros/install/depthai_ros_msgs/share/depthai_ros_msgs/msg/ImuWithMagneticField.msg
[1.546s] -- Up-to-date: /workspaces/depthai-ros/install/depthai_ros_msgs/share/depthai_ros_msgs/msg/TrackedFeature.msg
[1.547s] -- Up-to-date: /workspaces/depthai-ros/install/depthai_ros_msgs/share/depthai_ros_msgs/msg/TrackedFeatures.msg
[1.547s] -- Up-to-date: /workspaces/depthai-ros/install/depthai_ros_msgs/share/depthai_ros_msgs/msg/SpatialDetection.msg
[1.547s] -- Up-to-date: /workspaces/depthai-ros/install/depthai_ros_msgs/share/depthai_ros_msgs/msg/SpatialDetectionArray.msg
[1.547s] -- Up-to-date: /workspaces/depthai-ros/install/depthai_ros_msgs/share/depthai_ros_msgs/msg/TrackDetection2D.msg
[1.547s] -- Up-to-date: /workspaces/depthai-ros/install/depthai_ros_msgs/share/depthai_ros_msgs/msg/TrackDetection2DArray.msg
[1.551s] -- Up-to-date: /workspaces/depthai-ros/install/depthai_ros_msgs/share/depthai_ros_msgs/srv/TriggerNamed.srv
[1.552s] -- Up-to-date: /workspaces/depthai-ros/install/depthai_ros_msgs/share/depthai_ros_msgs/srv/TriggerNamed_Request.msg
[1.552s] -- Up-to-date: /workspaces/depthai-ros/install/depthai_ros_msgs/share/depthai_ros_msgs/srv/TriggerNamed_Response.msg
[1.552s] -- Up-to-date: /workspaces/depthai-ros/install/depthai_ros_msgs/share/depthai_ros_msgs/srv/NormalizedImageCrop.srv
[1.552s] -- Up-to-date: /workspaces/depthai-ros/install/depthai_ros_msgs/share/depthai_ros_msgs/srv/NormalizedImageCrop_Request.msg
[1.552s] -- Up-to-date: /workspaces/depthai-ros/install/depthai_ros_msgs/share/depthai_ros_msgs/srv/NormalizedImageCrop_Response.msg
[1.552s] -- Up-to-date: /workspaces/depthai-ros/install/depthai_ros_msgs/share/ament_index/resource_index/package_run_dependencies/depthai_ros_msgs
[1.553s] -- Up-to-date: /workspaces/depthai-ros/install/depthai_ros_msgs/share/ament_index/resource_index/parent_prefix_path/depthai_ros_msgs
[1.553s] -- Up-to-date: /workspaces/depthai-ros/install/depthai_ros_msgs/share/depthai_ros_msgs/environment/ament_prefix_path.sh
[1.553s] -- Up-to-date: /workspaces/depthai-ros/install/depthai_ros_msgs/share/depthai_ros_msgs/environment/ament_prefix_path.dsv
[1.553s] -- Up-to-date: /workspaces/depthai-ros/install/depthai_ros_msgs/share/depthai_ros_msgs/environment/path.sh
[1.553s] -- Up-to-date: /workspaces/depthai-ros/install/depthai_ros_msgs/share/depthai_ros_msgs/environment/path.dsv
[1.553s] -- Up-to-date: /workspaces/depthai-ros/install/depthai_ros_msgs/share/depthai_ros_msgs/local_setup.bash
[1.554s] -- Up-to-date: /workspaces/depthai-ros/install/depthai_ros_msgs/share/depthai_ros_msgs/local_setup.sh
[1.554s] -- Up-to-date: /workspaces/depthai-ros/install/depthai_ros_msgs/share/depthai_ros_msgs/local_setup.zsh
[1.554s] -- Up-to-date: /workspaces/depthai-ros/install/depthai_ros_msgs/share/depthai_ros_msgs/local_setup.dsv
[1.554s] -- Installing: /workspaces/depthai-ros/install/depthai_ros_msgs/share/depthai_ros_msgs/package.dsv
[1.554s] -- Up-to-date: /workspaces/depthai-ros/install/depthai_ros_msgs/share/ament_index/resource_index/packages/depthai_ros_msgs
[1.554s] -- Up-to-date: /workspaces/depthai-ros/install/depthai_ros_msgs/share/depthai_ros_msgs/cmake/export_depthai_ros_msgs__rosidl_generator_cExport.cmake
[1.554s] -- Up-to-date: /workspaces/depthai-ros/install/depthai_ros_msgs/share/depthai_ros_msgs/cmake/export_depthai_ros_msgs__rosidl_generator_cExport-noconfig.cmake
[1.555s] -- Up-to-date: /workspaces/depthai-ros/install/depthai_ros_msgs/share/depthai_ros_msgs/cmake/export_depthai_ros_msgs__rosidl_typesupport_fastrtps_cExport.cmake
[1.555s] -- Up-to-date: /workspaces/depthai-ros/install/depthai_ros_msgs/share/depthai_ros_msgs/cmake/export_depthai_ros_msgs__rosidl_typesupport_fastrtps_cExport-noconfig.cmake
[1.555s] -- Up-to-date: /workspaces/depthai-ros/install/depthai_ros_msgs/share/depthai_ros_msgs/cmake/export_depthai_ros_msgs__rosidl_generator_cppExport.cmake
[1.555s] -- Up-to-date: /workspaces/depthai-ros/install/depthai_ros_msgs/share/depthai_ros_msgs/cmake/export_depthai_ros_msgs__rosidl_typesupport_fastrtps_cppExport.cmake
[1.555s] -- Up-to-date: /workspaces/depthai-ros/install/depthai_ros_msgs/share/depthai_ros_msgs/cmake/export_depthai_ros_msgs__rosidl_typesupport_fastrtps_cppExport-noconfig.cmake
[1.555s] -- Up-to-date: /workspaces/depthai-ros/install/depthai_ros_msgs/share/depthai_ros_msgs/cmake/depthai_ros_msgs__rosidl_typesupport_introspection_cExport.cmake
[1.556s] -- Up-to-date: /workspaces/depthai-ros/install/depthai_ros_msgs/share/depthai_ros_msgs/cmake/depthai_ros_msgs__rosidl_typesupport_introspection_cExport-noconfig.cmake
[1.556s] -- Up-to-date: /workspaces/depthai-ros/install/depthai_ros_msgs/share/depthai_ros_msgs/cmake/depthai_ros_msgs__rosidl_typesupport_cExport.cmake
[1.556s] -- Up-to-date: /workspaces/depthai-ros/install/depthai_ros_msgs/share/depthai_ros_msgs/cmake/depthai_ros_msgs__rosidl_typesupport_cExport-noconfig.cmake
[1.556s] -- Up-to-date: /workspaces/depthai-ros/install/depthai_ros_msgs/share/depthai_ros_msgs/cmake/depthai_ros_msgs__rosidl_typesupport_introspection_cppExport.cmake
[1.556s] -- Up-to-date: /workspaces/depthai-ros/install/depthai_ros_msgs/share/depthai_ros_msgs/cmake/depthai_ros_msgs__rosidl_typesupport_introspection_cppExport-noconfig.cmake
[1.556s] -- Up-to-date: /workspaces/depthai-ros/install/depthai_ros_msgs/share/depthai_ros_msgs/cmake/depthai_ros_msgs__rosidl_typesupport_cppExport.cmake
[1.556s] -- Up-to-date: /workspaces/depthai-ros/install/depthai_ros_msgs/share/depthai_ros_msgs/cmake/depthai_ros_msgs__rosidl_typesupport_cppExport-noconfig.cmake
[1.560s] -- Up-to-date: /workspaces/depthai-ros/install/depthai_ros_msgs/share/depthai_ros_msgs/cmake/export_depthai_ros_msgs__rosidl_generator_pyExport.cmake
[1.561s] -- Up-to-date: /workspaces/depthai-ros/install/depthai_ros_msgs/share/depthai_ros_msgs/cmake/export_depthai_ros_msgs__rosidl_generator_pyExport-noconfig.cmake
[1.563s] -- Up-to-date: /workspaces/depthai-ros/install/depthai_ros_msgs/share/depthai_ros_msgs/cmake/rosidl_cmake-extras.cmake
[1.565s] -- Up-to-date: /workspaces/depthai-ros/install/depthai_ros_msgs/share/depthai_ros_msgs/cmake/ament_cmake_export_dependencies-extras.cmake
[1.567s] -- Up-to-date: /workspaces/depthai-ros/install/depthai_ros_msgs/share/depthai_ros_msgs/cmake/ament_cmake_export_include_directories-extras.cmake
[1.571s] -- Up-to-date: /workspaces/depthai-ros/install/depthai_ros_msgs/share/depthai_ros_msgs/cmake/ament_cmake_export_libraries-extras.cmake
[1.572s] -- Up-to-date: /workspaces/depthai-ros/install/depthai_ros_msgs/share/depthai_ros_msgs/cmake/ament_cmake_export_targets-extras.cmake
[1.572s] -- Up-to-date: /workspaces/depthai-ros/install/depthai_ros_msgs/share/depthai_ros_msgs/cmake/rosidl_cmake_export_typesupport_targets-extras.cmake
[1.572s] -- Up-to-date: /workspaces/depthai-ros/install/depthai_ros_msgs/share/depthai_ros_msgs/cmake/rosidl_cmake_export_typesupport_libraries-extras.cmake
[1.572s] -- Up-to-date: /workspaces/depthai-ros/install/depthai_ros_msgs/share/depthai_ros_msgs/cmake/depthai_ros_msgsConfig.cmake
[1.572s] -- Up-to-date: /workspaces/depthai-ros/install/depthai_ros_msgs/share/depthai_ros_msgs/cmake/depthai_ros_msgsConfig-version.cmake
[1.572s] -- Up-to-date: /workspaces/depthai-ros/install/depthai_ros_msgs/share/depthai_ros_msgs/package.xml
[1.573s] Invoked command in '/workspaces/depthai-ros/build/depthai_ros_msgs' returned '0': CMAKE_PREFIX_PATH=${CMAKE_PREFIX_PATH}:/opt/ros/humble /usr/bin/cmake --install /workspaces/depthai-ros/build/depthai_ros_msgs
