[0.023s] Invoking command in '/workspaces/depthai-ros/build/depthai_bridge': AMENT_PREFIX_PATH=/workspaces/depthai-ros/install/depthai_ros_msgs:${AMENT_PREFIX_PATH} CMAKE_PREFIX_PATH=/workspaces/depthai-ros/install/depthai_ros_msgs:/ws/install:/opt/ros/humble LD_LIBRARY_PATH=/workspaces/depthai-ros/install/depthai_ros_msgs/lib:${LD_LIBRARY_PATH} PYTHONPATH=/workspaces/depthai-ros/install/depthai_ros_msgs/local/lib/python3.10/dist-packages:${PYTHONPATH} /usr/bin/cmake /workspaces/depthai-ros/depthai_bridge -DCMAKE_INSTALL_PREFIX=/workspaces/depthai-ros/install/depthai_bridge
[0.141s] -- The CXX compiler identification is GNU 11.4.0
[0.226s] -- The C compiler identification is GNU 11.4.0
[0.241s] -- Detecting CXX compiler ABI info
[0.407s] -- Detecting CXX compiler ABI info - done
[0.416s] -- Check for working CXX compiler: /usr/bin/c++ - skipped
[0.417s] -- Detecting CXX compile features
[0.418s] -- Detecting CXX compile features - done
[0.424s] -- Detecting C compiler ABI info
[0.566s] -- Detecting C compiler ABI info - done
[0.579s] -- Check for working C compiler: /usr/bin/cc - skipped
[0.580s] -- Detecting C compile features
[0.581s] -- Detecting C compile features - done
[0.596s] -- ------------------------------------------
[0.596s] -- Depthai Bridge is being built using AMENT.
[0.596s] -- ------------------------------------------
[0.599s] -- Found camera_info_manager: 3.1.8 (/opt/ros/humble/share/camera_info_manager/cmake)
[0.862s] -- Found Python3: /usr/bin/python3 (found version "3.10.12") found components: Interpreter 
[1.155s] -- Found rosidl_generator_c: 3.1.5 (/opt/ros/humble/share/rosidl_generator_c/cmake)
[1.165s] -- Found rosidl_adapter: 3.1.5 (/opt/ros/humble/share/rosidl_adapter/cmake)
[1.183s] -- Found rosidl_generator_cpp: 3.1.5 (/opt/ros/humble/share/rosidl_generator_cpp/cmake)
[1.210s] -- Using all available rosidl_typesupport_c: rosidl_typesupport_fastrtps_c;rosidl_typesupport_introspection_c
[1.248s] -- Using all available rosidl_typesupport_cpp: rosidl_typesupport_fastrtps_cpp;rosidl_typesupport_introspection_cpp
[1.399s] -- Found rmw_implementation_cmake: 6.1.1 (/opt/ros/humble/share/rmw_implementation_cmake/cmake)
[1.406s] -- Found rmw_fastrtps_cpp: 6.2.6 (/opt/ros/humble/share/rmw_fastrtps_cpp/cmake)
[1.611s] -- Found OpenSSL: /usr/lib/aarch64-linux-gnu/libcrypto.so (found version "3.0.2")  
[1.654s] -- Found FastRTPS: /opt/ros/humble/include  
[1.736s] -- Using RMW implementation 'rmw_fastrtps_cpp' as default
[1.763s] -- Looking for pthread.h
[1.920s] -- Looking for pthread.h - found
[1.920s] -- Performing Test CMAKE_HAVE_LIBC_PTHREAD
[2.060s] -- Performing Test CMAKE_HAVE_LIBC_PTHREAD - Success
[2.060s] -- Found Threads: TRUE  
[2.734s] -- Found cv_bridge: 3.2.1 (/opt/ros/humble/share/cv_bridge/cmake)
[2.743s] -- Found depthai_ros_msgs: 2.9.0 (/workspaces/depthai-ros/install/depthai_ros_msgs/share/depthai_ros_msgs/cmake)
[3.162s] -- Found image_transport: 3.1.8 (/opt/ros/humble/share/image_transport/cmake)
[3.250s] -- Found stereo_msgs: 4.2.3 (/opt/ros/humble/share/stereo_msgs/cmake)
[3.411s] -- Found tf2_ros: 0.25.6 (/opt/ros/humble/share/tf2_ros/cmake)
[4.192s] -- Found tf2_geometry_msgs: 0.25.6 (/opt/ros/humble/share/tf2_geometry_msgs/cmake)
[4.231s] -- Found eigen3_cmake_module: 0.1.1 (/opt/ros/humble/share/eigen3_cmake_module/cmake)
[4.235s] -- Found Eigen3: TRUE (found version "3.4.0") 
[4.236s] -- Ensuring Eigen3 include directory is part of orocos-kdl CMake target
[4.272s] -- --------------------------humble ---
[4.273s] -- humble
[4.666s] -- Configuring done
[4.814s] -- Generating done
[4.817s] -- Build files have been written to: /workspaces/depthai-ros/build/depthai_bridge
[4.881s] Invoked command in '/workspaces/depthai-ros/build/depthai_bridge' returned '0': AMENT_PREFIX_PATH=/workspaces/depthai-ros/install/depthai_ros_msgs:${AMENT_PREFIX_PATH} CMAKE_PREFIX_PATH=/workspaces/depthai-ros/install/depthai_ros_msgs:/ws/install:/opt/ros/humble LD_LIBRARY_PATH=/workspaces/depthai-ros/install/depthai_ros_msgs/lib:${LD_LIBRARY_PATH} PYTHONPATH=/workspaces/depthai-ros/install/depthai_ros_msgs/local/lib/python3.10/dist-packages:${PYTHONPATH} /usr/bin/cmake /workspaces/depthai-ros/depthai_bridge -DCMAKE_INSTALL_PREFIX=/workspaces/depthai-ros/install/depthai_bridge
[4.890s] Invoking command in '/workspaces/depthai-ros/build/depthai_bridge': AMENT_PREFIX_PATH=/workspaces/depthai-ros/install/depthai_ros_msgs:${AMENT_PREFIX_PATH} CMAKE_PREFIX_PATH=/workspaces/depthai-ros/install/depthai_ros_msgs:/ws/install:/opt/ros/humble LD_LIBRARY_PATH=/workspaces/depthai-ros/install/depthai_ros_msgs/lib:${LD_LIBRARY_PATH} PYTHONPATH=/workspaces/depthai-ros/install/depthai_ros_msgs/local/lib/python3.10/dist-packages:${PYTHONPATH} /usr/bin/cmake --build /workspaces/depthai-ros/build/depthai_bridge -- -j6 -l6
[5.130s] [ 10%] [32mBuilding CXX object CMakeFiles/depthai_bridge.dir/src/DisparityConverter.cpp.o[0m
[5.147s] [ 30%] [32mBuilding CXX object CMakeFiles/depthai_bridge.dir/src/ImageConverter.cpp.o[0m
[5.147s] [ 30%] [32mBuilding CXX object CMakeFiles/depthai_bridge.dir/src/ImgDetectionConverter.cpp.o[0m
[5.169s] [ 40%] [32mBuilding CXX object CMakeFiles/depthai_bridge.dir/src/ImuConverter.cpp.o[0m
[5.179s] [ 60%] [32mBuilding CXX object CMakeFiles/depthai_bridge.dir/src/SpatialDetectionConverter.cpp.o[0m
[5.179s] [ 60%] [32mBuilding CXX object CMakeFiles/depthai_bridge.dir/src/TFPublisher.cpp.o[0m
[41.755s] [ 70%] [32mBuilding CXX object CMakeFiles/depthai_bridge.dir/src/TrackedFeaturesConverter.cpp.o[0m
[59.465s] [ 80%] [32mBuilding CXX object CMakeFiles/depthai_bridge.dir/src/TrackSpatialDetectionConverter.cpp.o[0m
[86.823s] [ 90%] [32mBuilding CXX object CMakeFiles/depthai_bridge.dir/src/TrackDetectionConverter.cpp.o[0m
[110.702s] [100%] [32m[1mLinking CXX shared library libdepthai_bridge.so[0m
[111.679s] [100%] Built target depthai_bridge
[111.709s] Invoked command in '/workspaces/depthai-ros/build/depthai_bridge' returned '0': AMENT_PREFIX_PATH=/workspaces/depthai-ros/install/depthai_ros_msgs:${AMENT_PREFIX_PATH} CMAKE_PREFIX_PATH=/workspaces/depthai-ros/install/depthai_ros_msgs:/ws/install:/opt/ros/humble LD_LIBRARY_PATH=/workspaces/depthai-ros/install/depthai_ros_msgs/lib:${LD_LIBRARY_PATH} PYTHONPATH=/workspaces/depthai-ros/install/depthai_ros_msgs/local/lib/python3.10/dist-packages:${PYTHONPATH} /usr/bin/cmake --build /workspaces/depthai-ros/build/depthai_bridge -- -j6 -l6
[111.784s] Invoking command in '/workspaces/depthai-ros/build/depthai_bridge': AMENT_PREFIX_PATH=/workspaces/depthai-ros/install/depthai_ros_msgs:${AMENT_PREFIX_PATH} CMAKE_PREFIX_PATH=/workspaces/depthai-ros/install/depthai_ros_msgs:/ws/install:/opt/ros/humble LD_LIBRARY_PATH=/workspaces/depthai-ros/install/depthai_ros_msgs/lib:${LD_LIBRARY_PATH} PYTHONPATH=/workspaces/depthai-ros/install/depthai_ros_msgs/local/lib/python3.10/dist-packages:${PYTHONPATH} /usr/bin/cmake --install /workspaces/depthai-ros/build/depthai_bridge
[111.798s] -- Install configuration: ""
[111.800s] -- Installing: /workspaces/depthai-ros/install/depthai_bridge/share/depthai_bridge/environment/library_path.sh
[111.801s] -- Installing: /workspaces/depthai-ros/install/depthai_bridge/share/depthai_bridge/environment/library_path.dsv
[111.801s] -- Installing: /workspaces/depthai-ros/install/depthai_bridge/include/
[111.801s] -- Installing: /workspaces/depthai-ros/install/depthai_bridge/include//depthai_bridge
[111.801s] -- Installing: /workspaces/depthai-ros/install/depthai_bridge/include//depthai_bridge/ImageConverter.hpp
[111.802s] -- Installing: /workspaces/depthai-ros/install/depthai_bridge/include//depthai_bridge/ImgDetectionConverter.hpp
[111.802s] -- Installing: /workspaces/depthai-ros/install/depthai_bridge/include//depthai_bridge/TrackSpatialDetectionConverter.hpp
[111.803s] -- Installing: /workspaces/depthai-ros/install/depthai_bridge/include//depthai_bridge/TFPublisher.hpp
[111.803s] -- Installing: /workspaces/depthai-ros/install/depthai_bridge/include//depthai_bridge/DisparityConverter.hpp
[111.803s] -- Installing: /workspaces/depthai-ros/install/depthai_bridge/include//depthai_bridge/BridgePublisher.hpp
[111.804s] -- Installing: /workspaces/depthai-ros/install/depthai_bridge/include//depthai_bridge/TrackedFeaturesConverter.hpp
[111.804s] -- Installing: /workspaces/depthai-ros/install/depthai_bridge/include//depthai_bridge/ImuConverter.hpp
[111.804s] -- Installing: /workspaces/depthai-ros/install/depthai_bridge/include//depthai_bridge/SpatialDetectionConverter.hpp
[111.805s] -- Installing: /workspaces/depthai-ros/install/depthai_bridge/include//depthai_bridge/TrackDetectionConverter.hpp
[111.805s] -- Installing: /workspaces/depthai-ros/install/depthai_bridge/include//depthai_bridge/depthaiUtility.hpp
[111.806s] -- Installing: /workspaces/depthai-ros/install/depthai_bridge/lib/libdepthai_bridge.so
[111.817s] -- Set runtime path of "/workspaces/depthai-ros/install/depthai_bridge/lib/libdepthai_bridge.so" to ""
[111.818s] -- Installing: /workspaces/depthai-ros/install/depthai_bridge/share/depthai_bridge/cmake/depthai_bridgeTargets.cmake
[111.818s] -- Installing: /workspaces/depthai-ros/install/depthai_bridge/share/depthai_bridge/cmake/depthai_bridgeTargets-noconfig.cmake
[111.818s] -- Installing: /workspaces/depthai-ros/install/depthai_bridge/share/depthai_bridge/rviz
[111.819s] -- Installing: /workspaces/depthai-ros/install/depthai_bridge/share/depthai_bridge/rviz/pointCloud.rviz
[111.820s] -- Installing: /workspaces/depthai-ros/install/depthai_bridge/share/ament_index/resource_index/package_run_dependencies/depthai_bridge
[111.820s] -- Installing: /workspaces/depthai-ros/install/depthai_bridge/share/ament_index/resource_index/parent_prefix_path/depthai_bridge
[111.820s] -- Installing: /workspaces/depthai-ros/install/depthai_bridge/share/depthai_bridge/environment/ament_prefix_path.sh
[111.821s] -- Installing: /workspaces/depthai-ros/install/depthai_bridge/share/depthai_bridge/environment/ament_prefix_path.dsv
[111.821s] -- Installing: /workspaces/depthai-ros/install/depthai_bridge/share/depthai_bridge/environment/path.sh
[111.821s] -- Installing: /workspaces/depthai-ros/install/depthai_bridge/share/depthai_bridge/environment/path.dsv
[111.822s] -- Installing: /workspaces/depthai-ros/install/depthai_bridge/share/depthai_bridge/local_setup.bash
[111.822s] -- Installing: /workspaces/depthai-ros/install/depthai_bridge/share/depthai_bridge/local_setup.sh
[111.822s] -- Installing: /workspaces/depthai-ros/install/depthai_bridge/share/depthai_bridge/local_setup.zsh
[111.823s] -- Installing: /workspaces/depthai-ros/install/depthai_bridge/share/depthai_bridge/local_setup.dsv
[111.823s] -- Installing: /workspaces/depthai-ros/install/depthai_bridge/share/depthai_bridge/package.dsv
[111.824s] -- Installing: /workspaces/depthai-ros/install/depthai_bridge/share/ament_index/resource_index/packages/depthai_bridge
[111.824s] -- Installing: /workspaces/depthai-ros/install/depthai_bridge/share/depthai_bridge/cmake/depthai_bridgeTargetsExport.cmake
[111.825s] -- Installing: /workspaces/depthai-ros/install/depthai_bridge/share/depthai_bridge/cmake/depthai_bridgeTargetsExport-noconfig.cmake
[111.825s] -- Installing: /workspaces/depthai-ros/install/depthai_bridge/share/depthai_bridge/cmake/ament_cmake_export_targets-extras.cmake
[111.825s] -- Installing: /workspaces/depthai-ros/install/depthai_bridge/share/depthai_bridge/cmake/ament_cmake_export_include_directories-extras.cmake
[111.826s] -- Installing: /workspaces/depthai-ros/install/depthai_bridge/share/depthai_bridge/cmake/ament_cmake_export_libraries-extras.cmake
[111.826s] -- Installing: /workspaces/depthai-ros/install/depthai_bridge/share/depthai_bridge/cmake/ament_cmake_export_dependencies-extras.cmake
[111.827s] -- Installing: /workspaces/depthai-ros/install/depthai_bridge/share/depthai_bridge/cmake/depthai_bridgeConfig.cmake
[111.827s] -- Installing: /workspaces/depthai-ros/install/depthai_bridge/share/depthai_bridge/cmake/depthai_bridgeConfig-version.cmake
[111.827s] -- Installing: /workspaces/depthai-ros/install/depthai_bridge/share/depthai_bridge/package.xml
[111.834s] Invoked command in '/workspaces/depthai-ros/build/depthai_bridge' returned '0': AMENT_PREFIX_PATH=/workspaces/depthai-ros/install/depthai_ros_msgs:${AMENT_PREFIX_PATH} CMAKE_PREFIX_PATH=/workspaces/depthai-ros/install/depthai_ros_msgs:/ws/install:/opt/ros/humble LD_LIBRARY_PATH=/workspaces/depthai-ros/install/depthai_ros_msgs/lib:${LD_LIBRARY_PATH} PYTHONPATH=/workspaces/depthai-ros/install/depthai_ros_msgs/local/lib/python3.10/dist-packages:${PYTHONPATH} /usr/bin/cmake --install /workspaces/depthai-ros/build/depthai_bridge
