[0.348s] DEBUG:colcon:Command line arguments: ['/usr/bin/colcon', 'build', '--parallel-workers', '1']
[0.349s] DEBUG:colcon:Parsed command line arguments: Namespace(log_base=None, log_level=None, verb_name='build', build_base='build', install_base='install', merge_install=False, symlink_install=False, test_result_base=None, continue_on_error=False, executor='parallel', parallel_workers=1, event_handlers=None, ignore_user_meta=False, metas=['./colcon.meta'], base_paths=['.'], packages_ignore=None, packages_ignore_regex=None, paths=None, packages_up_to=None, packages_up_to_regex=None, packages_above=None, packages_above_and_dependencies=None, packages_above_depth=None, packages_select_by_dep=None, packages_skip_by_dep=None, packages_skip_up_to=None, packages_select_build_failed=False, packages_skip_build_finished=False, packages_select_test_failures=False, packages_skip_test_passed=False, packages_select=None, packages_skip=None, packages_select_regex=None, packages_skip_regex=None, packages_start=None, packages_end=None, cmake_args=None, cmake_target=None, cmake_target_skip_unavailable=False, cmake_clean_cache=False, cmake_clean_first=False, cmake_force_configure=False, ament_cmake_args=None, catkin_cmake_args=None, catkin_skip_building_tests=False, mixin_files=None, mixin=None, verb_parser=<colcon_mixin.mixin.mixin_argument.MixinArgumentDecorator object at 0xffff9feead40>, verb_extension=<colcon_core.verb.build.BuildVerb object at 0xffffa0023490>, main=<bound method BuildVerb.main of <colcon_core.verb.build.BuildVerb object at 0xffffa0023490>>, mixin_verb=('build',))
[0.659s] Level 1:colcon.colcon_core.package_discovery:discover_packages(colcon_meta) check parameters
[0.661s] INFO:colcon.colcon_metadata.package_discovery.colcon_meta:Using configuration from '/root/.colcon/metadata/default/Gazebo.meta'
[0.663s] INFO:colcon.colcon_metadata.package_discovery.colcon_meta:Using configuration from '/root/.colcon/metadata/default/fastrtps.meta'
[0.663s] Level 1:colcon.colcon_core.package_discovery:discover_packages(recursive) check parameters
[0.663s] Level 1:colcon.colcon_core.package_discovery:discover_packages(ignore) check parameters
[0.663s] Level 1:colcon.colcon_core.package_discovery:discover_packages(path) check parameters
[0.663s] Level 1:colcon.colcon_core.package_discovery:discover_packages(colcon_meta) discover
[0.663s] Level 1:colcon.colcon_core.package_discovery:discover_packages(recursive) discover
[0.663s] INFO:colcon.colcon_core.package_discovery:Crawling recursively for packages in '/workspaces/depthai-ros'
[0.664s] Level 1:colcon.colcon_core.package_identification:_identify(.) by extensions ['ignore', 'ignore_ament_install']
[0.664s] Level 1:colcon.colcon_core.package_identification:_identify(.) by extension 'ignore'
[0.664s] Level 1:colcon.colcon_core.package_identification:_identify(.) by extension 'ignore_ament_install'
[0.664s] Level 1:colcon.colcon_core.package_identification:_identify(.) by extensions ['colcon_pkg']
[0.665s] Level 1:colcon.colcon_core.package_identification:_identify(.) by extension 'colcon_pkg'
[0.665s] Level 1:colcon.colcon_core.package_identification:_identify(.) by extensions ['colcon_meta']
[0.665s] Level 1:colcon.colcon_core.package_identification:_identify(.) by extension 'colcon_meta'
[0.665s] Level 1:colcon.colcon_core.package_identification:_identify(.) by extensions ['ros']
[0.665s] Level 1:colcon.colcon_core.package_identification:_identify(.) by extension 'ros'
[0.692s] Level 1:colcon.colcon_core.package_identification:_identify(.) by extensions ['cmake', 'python']
[0.692s] Level 1:colcon.colcon_core.package_identification:_identify(.) by extension 'cmake'
[0.692s] Level 1:colcon.colcon_core.package_identification:_identify(.) by extension 'python'
[0.692s] Level 1:colcon.colcon_core.package_identification:_identify(.) by extensions ['python_setup_py']
[0.692s] Level 1:colcon.colcon_core.package_identification:_identify(.) by extension 'python_setup_py'
[0.693s] Level 1:colcon.colcon_core.package_identification:_identify(build) by extensions ['ignore', 'ignore_ament_install']
[0.693s] Level 1:colcon.colcon_core.package_identification:_identify(build) by extension 'ignore'
[0.693s] Level 1:colcon.colcon_core.package_identification:_identify(build) ignored
[0.694s] Level 1:colcon.colcon_core.package_identification:_identify(depthai-ros) by extensions ['ignore', 'ignore_ament_install']
[0.694s] Level 1:colcon.colcon_core.package_identification:_identify(depthai-ros) by extension 'ignore'
[0.694s] Level 1:colcon.colcon_core.package_identification:_identify(depthai-ros) by extension 'ignore_ament_install'
[0.694s] Level 1:colcon.colcon_core.package_identification:_identify(depthai-ros) by extensions ['colcon_pkg']
[0.695s] Level 1:colcon.colcon_core.package_identification:_identify(depthai-ros) by extension 'colcon_pkg'
[0.695s] Level 1:colcon.colcon_core.package_identification:_identify(depthai-ros) by extensions ['colcon_meta']
[0.695s] Level 1:colcon.colcon_core.package_identification:_identify(depthai-ros) by extension 'colcon_meta'
[0.695s] Level 1:colcon.colcon_core.package_identification:_identify(depthai-ros) by extensions ['ros']
[0.695s] Level 1:colcon.colcon_core.package_identification:_identify(depthai-ros) by extension 'ros'
[0.702s] DEBUG:colcon.colcon_core.package_identification:Package 'depthai-ros' with type 'ros.ament_cmake' and name 'depthai-ros'
[0.702s] Level 1:colcon.colcon_core.package_identification:_identify(depthai_bridge) by extensions ['ignore', 'ignore_ament_install']
[0.703s] Level 1:colcon.colcon_core.package_identification:_identify(depthai_bridge) by extension 'ignore'
[0.703s] Level 1:colcon.colcon_core.package_identification:_identify(depthai_bridge) by extension 'ignore_ament_install'
[0.703s] Level 1:colcon.colcon_core.package_identification:_identify(depthai_bridge) by extensions ['colcon_pkg']
[0.703s] Level 1:colcon.colcon_core.package_identification:_identify(depthai_bridge) by extension 'colcon_pkg'
[0.703s] Level 1:colcon.colcon_core.package_identification:_identify(depthai_bridge) by extensions ['colcon_meta']
[0.703s] Level 1:colcon.colcon_core.package_identification:_identify(depthai_bridge) by extension 'colcon_meta'
[0.704s] Level 1:colcon.colcon_core.package_identification:_identify(depthai_bridge) by extensions ['ros']
[0.704s] Level 1:colcon.colcon_core.package_identification:_identify(depthai_bridge) by extension 'ros'
[0.708s] DEBUG:colcon.colcon_core.package_identification:Package 'depthai_bridge' with type 'ros.ament_cmake' and name 'depthai_bridge'
[0.708s] Level 1:colcon.colcon_core.package_identification:_identify(depthai_descriptions) by extensions ['ignore', 'ignore_ament_install']
[0.709s] Level 1:colcon.colcon_core.package_identification:_identify(depthai_descriptions) by extension 'ignore'
[0.709s] Level 1:colcon.colcon_core.package_identification:_identify(depthai_descriptions) by extension 'ignore_ament_install'
[0.709s] Level 1:colcon.colcon_core.package_identification:_identify(depthai_descriptions) by extensions ['colcon_pkg']
[0.709s] Level 1:colcon.colcon_core.package_identification:_identify(depthai_descriptions) by extension 'colcon_pkg'
[0.709s] Level 1:colcon.colcon_core.package_identification:_identify(depthai_descriptions) by extensions ['colcon_meta']
[0.709s] Level 1:colcon.colcon_core.package_identification:_identify(depthai_descriptions) by extension 'colcon_meta'
[0.709s] Level 1:colcon.colcon_core.package_identification:_identify(depthai_descriptions) by extensions ['ros']
[0.709s] Level 1:colcon.colcon_core.package_identification:_identify(depthai_descriptions) by extension 'ros'
[0.711s] DEBUG:colcon.colcon_core.package_identification:Package 'depthai_descriptions' with type 'ros.ament_cmake' and name 'depthai_descriptions'
[0.711s] Level 1:colcon.colcon_core.package_identification:_identify(depthai_examples) by extensions ['ignore', 'ignore_ament_install']
[0.712s] Level 1:colcon.colcon_core.package_identification:_identify(depthai_examples) by extension 'ignore'
[0.712s] Level 1:colcon.colcon_core.package_identification:_identify(depthai_examples) by extension 'ignore_ament_install'
[0.712s] Level 1:colcon.colcon_core.package_identification:_identify(depthai_examples) by extensions ['colcon_pkg']
[0.712s] Level 1:colcon.colcon_core.package_identification:_identify(depthai_examples) by extension 'colcon_pkg'
[0.712s] Level 1:colcon.colcon_core.package_identification:_identify(depthai_examples) by extensions ['colcon_meta']
[0.712s] Level 1:colcon.colcon_core.package_identification:_identify(depthai_examples) by extension 'colcon_meta'
[0.712s] Level 1:colcon.colcon_core.package_identification:_identify(depthai_examples) by extensions ['ros']
[0.712s] Level 1:colcon.colcon_core.package_identification:_identify(depthai_examples) by extension 'ros'
[0.716s] DEBUG:colcon.colcon_core.package_identification:Package 'depthai_examples' with type 'ros.ament_cmake' and name 'depthai_examples'
[0.716s] Level 1:colcon.colcon_core.package_identification:_identify(depthai_filters) by extensions ['ignore', 'ignore_ament_install']
[0.717s] Level 1:colcon.colcon_core.package_identification:_identify(depthai_filters) by extension 'ignore'
[0.717s] Level 1:colcon.colcon_core.package_identification:_identify(depthai_filters) by extension 'ignore_ament_install'
[0.717s] Level 1:colcon.colcon_core.package_identification:_identify(depthai_filters) by extensions ['colcon_pkg']
[0.717s] Level 1:colcon.colcon_core.package_identification:_identify(depthai_filters) by extension 'colcon_pkg'
[0.717s] Level 1:colcon.colcon_core.package_identification:_identify(depthai_filters) by extensions ['colcon_meta']
[0.717s] Level 1:colcon.colcon_core.package_identification:_identify(depthai_filters) by extension 'colcon_meta'
[0.717s] Level 1:colcon.colcon_core.package_identification:_identify(depthai_filters) by extensions ['ros']
[0.717s] Level 1:colcon.colcon_core.package_identification:_identify(depthai_filters) by extension 'ros'
[0.720s] DEBUG:colcon.colcon_core.package_identification:Package 'depthai_filters' with type 'ros.ament_cmake' and name 'depthai_filters'
[0.720s] Level 1:colcon.colcon_core.package_identification:_identify(depthai_ros_driver) by extensions ['ignore', 'ignore_ament_install']
[0.720s] Level 1:colcon.colcon_core.package_identification:_identify(depthai_ros_driver) by extension 'ignore'
[0.721s] Level 1:colcon.colcon_core.package_identification:_identify(depthai_ros_driver) by extension 'ignore_ament_install'
[0.721s] Level 1:colcon.colcon_core.package_identification:_identify(depthai_ros_driver) by extensions ['colcon_pkg']
[0.721s] Level 1:colcon.colcon_core.package_identification:_identify(depthai_ros_driver) by extension 'colcon_pkg'
[0.721s] Level 1:colcon.colcon_core.package_identification:_identify(depthai_ros_driver) by extensions ['colcon_meta']
[0.721s] Level 1:colcon.colcon_core.package_identification:_identify(depthai_ros_driver) by extension 'colcon_meta'
[0.721s] Level 1:colcon.colcon_core.package_identification:_identify(depthai_ros_driver) by extensions ['ros']
[0.721s] Level 1:colcon.colcon_core.package_identification:_identify(depthai_ros_driver) by extension 'ros'
[0.725s] DEBUG:colcon.colcon_core.package_identification:Package 'depthai_ros_driver' with type 'ros.ament_cmake' and name 'depthai_ros_driver'
[0.726s] Level 1:colcon.colcon_core.package_identification:_identify(depthai_ros_msgs) by extensions ['ignore', 'ignore_ament_install']
[0.726s] Level 1:colcon.colcon_core.package_identification:_identify(depthai_ros_msgs) by extension 'ignore'
[0.726s] Level 1:colcon.colcon_core.package_identification:_identify(depthai_ros_msgs) by extension 'ignore_ament_install'
[0.726s] Level 1:colcon.colcon_core.package_identification:_identify(depthai_ros_msgs) by extensions ['colcon_pkg']
[0.726s] Level 1:colcon.colcon_core.package_identification:_identify(depthai_ros_msgs) by extension 'colcon_pkg'
[0.726s] Level 1:colcon.colcon_core.package_identification:_identify(depthai_ros_msgs) by extensions ['colcon_meta']
[0.726s] Level 1:colcon.colcon_core.package_identification:_identify(depthai_ros_msgs) by extension 'colcon_meta'
[0.727s] Level 1:colcon.colcon_core.package_identification:_identify(depthai_ros_msgs) by extensions ['ros']
[0.727s] Level 1:colcon.colcon_core.package_identification:_identify(depthai_ros_msgs) by extension 'ros'
[0.729s] DEBUG:colcon.colcon_core.package_identification:Package 'depthai_ros_msgs' with type 'ros.ament_cmake' and name 'depthai_ros_msgs'
[0.729s] Level 1:colcon.colcon_core.package_identification:_identify(docs) by extensions ['ignore', 'ignore_ament_install']
[0.729s] Level 1:colcon.colcon_core.package_identification:_identify(docs) by extension 'ignore'
[0.729s] Level 1:colcon.colcon_core.package_identification:_identify(docs) by extension 'ignore_ament_install'
[0.729s] Level 1:colcon.colcon_core.package_identification:_identify(docs) by extensions ['colcon_pkg']
[0.730s] Level 1:colcon.colcon_core.package_identification:_identify(docs) by extension 'colcon_pkg'
[0.730s] Level 1:colcon.colcon_core.package_identification:_identify(docs) by extensions ['colcon_meta']
[0.730s] Level 1:colcon.colcon_core.package_identification:_identify(docs) by extension 'colcon_meta'
[0.730s] Level 1:colcon.colcon_core.package_identification:_identify(docs) by extensions ['ros']
[0.730s] Level 1:colcon.colcon_core.package_identification:_identify(docs) by extension 'ros'
[0.730s] Level 1:colcon.colcon_core.package_identification:_identify(docs) by extensions ['cmake', 'python']
[0.730s] Level 1:colcon.colcon_core.package_identification:_identify(docs) by extension 'cmake'
[0.730s] Level 1:colcon.colcon_core.package_identification:_identify(docs) by extension 'python'
[0.731s] Level 1:colcon.colcon_core.package_identification:_identify(docs) by extensions ['python_setup_py']
[0.731s] Level 1:colcon.colcon_core.package_identification:_identify(docs) by extension 'python_setup_py'
[0.731s] Level 1:colcon.colcon_core.package_identification:_identify(install) by extensions ['ignore', 'ignore_ament_install']
[0.731s] Level 1:colcon.colcon_core.package_identification:_identify(install) by extension 'ignore'
[0.731s] Level 1:colcon.colcon_core.package_identification:_identify(install) ignored
[0.731s] Level 1:colcon.colcon_core.package_identification:_identify(log) by extensions ['ignore', 'ignore_ament_install']
[0.732s] Level 1:colcon.colcon_core.package_identification:_identify(log) by extension 'ignore'
[0.732s] Level 1:colcon.colcon_core.package_identification:_identify(log) ignored
[0.732s] Level 1:colcon.colcon_core.package_discovery:discover_packages(recursive) using defaults
[0.732s] Level 1:colcon.colcon_core.package_discovery:discover_packages(ignore) discover
[0.732s] Level 1:colcon.colcon_core.package_discovery:discover_packages(ignore) using defaults
[0.732s] Level 1:colcon.colcon_core.package_discovery:discover_packages(path) discover
[0.732s] Level 1:colcon.colcon_core.package_discovery:discover_packages(path) using defaults
[0.793s] Level 5:colcon.colcon_core.verb:set package 'depthai_descriptions' build argument 'cmake_args' from command line to 'None'
[0.793s] Level 5:colcon.colcon_core.verb:set package 'depthai_descriptions' build argument 'cmake_target' from command line to 'None'
[0.793s] Level 5:colcon.colcon_core.verb:set package 'depthai_descriptions' build argument 'cmake_target_skip_unavailable' from command line to 'False'
[0.793s] Level 5:colcon.colcon_core.verb:set package 'depthai_descriptions' build argument 'cmake_clean_cache' from command line to 'False'
[0.793s] Level 5:colcon.colcon_core.verb:set package 'depthai_descriptions' build argument 'cmake_clean_first' from command line to 'False'
[0.793s] Level 5:colcon.colcon_core.verb:set package 'depthai_descriptions' build argument 'cmake_force_configure' from command line to 'False'
[0.793s] Level 5:colcon.colcon_core.verb:set package 'depthai_descriptions' build argument 'ament_cmake_args' from command line to 'None'
[0.793s] Level 5:colcon.colcon_core.verb:set package 'depthai_descriptions' build argument 'catkin_cmake_args' from command line to 'None'
[0.793s] Level 5:colcon.colcon_core.verb:set package 'depthai_descriptions' build argument 'catkin_skip_building_tests' from command line to 'False'
[0.794s] DEBUG:colcon.colcon_core.verb:Building package 'depthai_descriptions' with the following arguments: {'ament_cmake_args': None, 'build_base': '/workspaces/depthai-ros/build/depthai_descriptions', 'catkin_cmake_args': None, 'catkin_skip_building_tests': False, 'cmake_args': None, 'cmake_clean_cache': False, 'cmake_clean_first': False, 'cmake_force_configure': False, 'cmake_target': None, 'cmake_target_skip_unavailable': False, 'install_base': '/workspaces/depthai-ros/install/depthai_descriptions', 'merge_install': False, 'path': '/workspaces/depthai-ros/depthai_descriptions', 'symlink_install': False, 'test_result_base': None}
[0.794s] Level 5:colcon.colcon_core.verb:set package 'depthai_ros_msgs' build argument 'cmake_args' from command line to 'None'
[0.794s] Level 5:colcon.colcon_core.verb:set package 'depthai_ros_msgs' build argument 'cmake_target' from command line to 'None'
[0.795s] Level 5:colcon.colcon_core.verb:set package 'depthai_ros_msgs' build argument 'cmake_target_skip_unavailable' from command line to 'False'
[0.795s] Level 5:colcon.colcon_core.verb:set package 'depthai_ros_msgs' build argument 'cmake_clean_cache' from command line to 'False'
[0.795s] Level 5:colcon.colcon_core.verb:set package 'depthai_ros_msgs' build argument 'cmake_clean_first' from command line to 'False'
[0.795s] Level 5:colcon.colcon_core.verb:set package 'depthai_ros_msgs' build argument 'cmake_force_configure' from command line to 'False'
[0.795s] Level 5:colcon.colcon_core.verb:set package 'depthai_ros_msgs' build argument 'ament_cmake_args' from command line to 'None'
[0.795s] Level 5:colcon.colcon_core.verb:set package 'depthai_ros_msgs' build argument 'catkin_cmake_args' from command line to 'None'
[0.795s] Level 5:colcon.colcon_core.verb:set package 'depthai_ros_msgs' build argument 'catkin_skip_building_tests' from command line to 'False'
[0.795s] DEBUG:colcon.colcon_core.verb:Building package 'depthai_ros_msgs' with the following arguments: {'ament_cmake_args': None, 'build_base': '/workspaces/depthai-ros/build/depthai_ros_msgs', 'catkin_cmake_args': None, 'catkin_skip_building_tests': False, 'cmake_args': None, 'cmake_clean_cache': False, 'cmake_clean_first': False, 'cmake_force_configure': False, 'cmake_target': None, 'cmake_target_skip_unavailable': False, 'install_base': '/workspaces/depthai-ros/install/depthai_ros_msgs', 'merge_install': False, 'path': '/workspaces/depthai-ros/depthai_ros_msgs', 'symlink_install': False, 'test_result_base': None}
[0.796s] Level 5:colcon.colcon_core.verb:set package 'depthai_bridge' build argument 'cmake_args' from command line to 'None'
[0.796s] Level 5:colcon.colcon_core.verb:set package 'depthai_bridge' build argument 'cmake_target' from command line to 'None'
[0.796s] Level 5:colcon.colcon_core.verb:set package 'depthai_bridge' build argument 'cmake_target_skip_unavailable' from command line to 'False'
[0.796s] Level 5:colcon.colcon_core.verb:set package 'depthai_bridge' build argument 'cmake_clean_cache' from command line to 'False'
[0.796s] Level 5:colcon.colcon_core.verb:set package 'depthai_bridge' build argument 'cmake_clean_first' from command line to 'False'
[0.796s] Level 5:colcon.colcon_core.verb:set package 'depthai_bridge' build argument 'cmake_force_configure' from command line to 'False'
[0.796s] Level 5:colcon.colcon_core.verb:set package 'depthai_bridge' build argument 'ament_cmake_args' from command line to 'None'
[0.796s] Level 5:colcon.colcon_core.verb:set package 'depthai_bridge' build argument 'catkin_cmake_args' from command line to 'None'
[0.796s] Level 5:colcon.colcon_core.verb:set package 'depthai_bridge' build argument 'catkin_skip_building_tests' from command line to 'False'
[0.796s] DEBUG:colcon.colcon_core.verb:Building package 'depthai_bridge' with the following arguments: {'ament_cmake_args': None, 'build_base': '/workspaces/depthai-ros/build/depthai_bridge', 'catkin_cmake_args': None, 'catkin_skip_building_tests': False, 'cmake_args': None, 'cmake_clean_cache': False, 'cmake_clean_first': False, 'cmake_force_configure': False, 'cmake_target': None, 'cmake_target_skip_unavailable': False, 'install_base': '/workspaces/depthai-ros/install/depthai_bridge', 'merge_install': False, 'path': '/workspaces/depthai-ros/depthai_bridge', 'symlink_install': False, 'test_result_base': None}
[0.797s] Level 5:colcon.colcon_core.verb:set package 'depthai_filters' build argument 'cmake_args' from command line to 'None'
[0.797s] Level 5:colcon.colcon_core.verb:set package 'depthai_filters' build argument 'cmake_target' from command line to 'None'
[0.797s] Level 5:colcon.colcon_core.verb:set package 'depthai_filters' build argument 'cmake_target_skip_unavailable' from command line to 'False'
[0.798s] Level 5:colcon.colcon_core.verb:set package 'depthai_filters' build argument 'cmake_clean_cache' from command line to 'False'
[0.798s] Level 5:colcon.colcon_core.verb:set package 'depthai_filters' build argument 'cmake_clean_first' from command line to 'False'
[0.798s] Level 5:colcon.colcon_core.verb:set package 'depthai_filters' build argument 'cmake_force_configure' from command line to 'False'
[0.798s] Level 5:colcon.colcon_core.verb:set package 'depthai_filters' build argument 'ament_cmake_args' from command line to 'None'
[0.798s] Level 5:colcon.colcon_core.verb:set package 'depthai_filters' build argument 'catkin_cmake_args' from command line to 'None'
[0.798s] Level 5:colcon.colcon_core.verb:set package 'depthai_filters' build argument 'catkin_skip_building_tests' from command line to 'False'
[0.798s] DEBUG:colcon.colcon_core.verb:Building package 'depthai_filters' with the following arguments: {'ament_cmake_args': None, 'build_base': '/workspaces/depthai-ros/build/depthai_filters', 'catkin_cmake_args': None, 'catkin_skip_building_tests': False, 'cmake_args': None, 'cmake_clean_cache': False, 'cmake_clean_first': False, 'cmake_force_configure': False, 'cmake_target': None, 'cmake_target_skip_unavailable': False, 'install_base': '/workspaces/depthai-ros/install/depthai_filters', 'merge_install': False, 'path': '/workspaces/depthai-ros/depthai_filters', 'symlink_install': False, 'test_result_base': None}
[0.799s] Level 5:colcon.colcon_core.verb:set package 'depthai_examples' build argument 'cmake_args' from command line to 'None'
[0.799s] Level 5:colcon.colcon_core.verb:set package 'depthai_examples' build argument 'cmake_target' from command line to 'None'
[0.799s] Level 5:colcon.colcon_core.verb:set package 'depthai_examples' build argument 'cmake_target_skip_unavailable' from command line to 'False'
[0.799s] Level 5:colcon.colcon_core.verb:set package 'depthai_examples' build argument 'cmake_clean_cache' from command line to 'False'
[0.799s] Level 5:colcon.colcon_core.verb:set package 'depthai_examples' build argument 'cmake_clean_first' from command line to 'False'
[0.799s] Level 5:colcon.colcon_core.verb:set package 'depthai_examples' build argument 'cmake_force_configure' from command line to 'False'
[0.799s] Level 5:colcon.colcon_core.verb:set package 'depthai_examples' build argument 'ament_cmake_args' from command line to 'None'
[0.799s] Level 5:colcon.colcon_core.verb:set package 'depthai_examples' build argument 'catkin_cmake_args' from command line to 'None'
[0.799s] Level 5:colcon.colcon_core.verb:set package 'depthai_examples' build argument 'catkin_skip_building_tests' from command line to 'False'
[0.799s] DEBUG:colcon.colcon_core.verb:Building package 'depthai_examples' with the following arguments: {'ament_cmake_args': None, 'build_base': '/workspaces/depthai-ros/build/depthai_examples', 'catkin_cmake_args': None, 'catkin_skip_building_tests': False, 'cmake_args': None, 'cmake_clean_cache': False, 'cmake_clean_first': False, 'cmake_force_configure': False, 'cmake_target': None, 'cmake_target_skip_unavailable': False, 'install_base': '/workspaces/depthai-ros/install/depthai_examples', 'merge_install': False, 'path': '/workspaces/depthai-ros/depthai_examples', 'symlink_install': False, 'test_result_base': None}
[0.800s] Level 5:colcon.colcon_core.verb:set package 'depthai_ros_driver' build argument 'cmake_args' from command line to 'None'
[0.800s] Level 5:colcon.colcon_core.verb:set package 'depthai_ros_driver' build argument 'cmake_target' from command line to 'None'
[0.800s] Level 5:colcon.colcon_core.verb:set package 'depthai_ros_driver' build argument 'cmake_target_skip_unavailable' from command line to 'False'
[0.800s] Level 5:colcon.colcon_core.verb:set package 'depthai_ros_driver' build argument 'cmake_clean_cache' from command line to 'False'
[0.800s] Level 5:colcon.colcon_core.verb:set package 'depthai_ros_driver' build argument 'cmake_clean_first' from command line to 'False'
[0.800s] Level 5:colcon.colcon_core.verb:set package 'depthai_ros_driver' build argument 'cmake_force_configure' from command line to 'False'
[0.800s] Level 5:colcon.colcon_core.verb:set package 'depthai_ros_driver' build argument 'ament_cmake_args' from command line to 'None'
[0.801s] Level 5:colcon.colcon_core.verb:set package 'depthai_ros_driver' build argument 'catkin_cmake_args' from command line to 'None'
[0.801s] Level 5:colcon.colcon_core.verb:set package 'depthai_ros_driver' build argument 'catkin_skip_building_tests' from command line to 'False'
[0.801s] DEBUG:colcon.colcon_core.verb:Building package 'depthai_ros_driver' with the following arguments: {'ament_cmake_args': None, 'build_base': '/workspaces/depthai-ros/build/depthai_ros_driver', 'catkin_cmake_args': None, 'catkin_skip_building_tests': False, 'cmake_args': None, 'cmake_clean_cache': False, 'cmake_clean_first': False, 'cmake_force_configure': False, 'cmake_target': None, 'cmake_target_skip_unavailable': False, 'install_base': '/workspaces/depthai-ros/install/depthai_ros_driver', 'merge_install': False, 'path': '/workspaces/depthai-ros/depthai_ros_driver', 'symlink_install': False, 'test_result_base': None}
[0.801s] Level 5:colcon.colcon_core.verb:set package 'depthai-ros' build argument 'cmake_args' from command line to 'None'
[0.802s] Level 5:colcon.colcon_core.verb:set package 'depthai-ros' build argument 'cmake_target' from command line to 'None'
[0.802s] Level 5:colcon.colcon_core.verb:set package 'depthai-ros' build argument 'cmake_target_skip_unavailable' from command line to 'False'
[0.802s] Level 5:colcon.colcon_core.verb:set package 'depthai-ros' build argument 'cmake_clean_cache' from command line to 'False'
[0.802s] Level 5:colcon.colcon_core.verb:set package 'depthai-ros' build argument 'cmake_clean_first' from command line to 'False'
[0.802s] Level 5:colcon.colcon_core.verb:set package 'depthai-ros' build argument 'cmake_force_configure' from command line to 'False'
[0.802s] Level 5:colcon.colcon_core.verb:set package 'depthai-ros' build argument 'ament_cmake_args' from command line to 'None'
[0.802s] Level 5:colcon.colcon_core.verb:set package 'depthai-ros' build argument 'catkin_cmake_args' from command line to 'None'
[0.802s] Level 5:colcon.colcon_core.verb:set package 'depthai-ros' build argument 'catkin_skip_building_tests' from command line to 'False'
[0.802s] DEBUG:colcon.colcon_core.verb:Building package 'depthai-ros' with the following arguments: {'ament_cmake_args': None, 'build_base': '/workspaces/depthai-ros/build/depthai-ros', 'catkin_cmake_args': None, 'catkin_skip_building_tests': False, 'cmake_args': None, 'cmake_clean_cache': False, 'cmake_clean_first': False, 'cmake_force_configure': False, 'cmake_target': None, 'cmake_target_skip_unavailable': False, 'install_base': '/workspaces/depthai-ros/install/depthai-ros', 'merge_install': False, 'path': '/workspaces/depthai-ros/depthai-ros', 'symlink_install': False, 'test_result_base': None}
[0.802s] INFO:colcon.colcon_core.executor:Executing jobs using 'parallel' executor
[0.805s] DEBUG:colcon.colcon_parallel_executor.executor.parallel:run_until_complete
[0.805s] INFO:colcon.colcon_ros.task.ament_cmake.build:Building ROS package in '/workspaces/depthai-ros/depthai_ros_msgs' with build type 'ament_cmake'
[0.806s] INFO:colcon.colcon_cmake.task.cmake.build:Building CMake package in '/workspaces/depthai-ros/depthai_ros_msgs'
[0.815s] INFO:colcon.colcon_core.plugin_system:Skipping extension 'colcon_core.shell.bat': Not used on non-Windows systems
[0.816s] INFO:colcon.colcon_core.shell:Skip shell extension 'powershell' for command environment: Not usable outside of PowerShell
[0.816s] DEBUG:colcon.colcon_core.shell:Skip shell extension 'dsv' for command environment
[0.840s] DEBUG:colcon.colcon_core.event_handler.log_command:Invoking command in '/workspaces/depthai-ros/build/depthai_ros_msgs': CMAKE_PREFIX_PATH=${CMAKE_PREFIX_PATH}:/opt/ros/humble /usr/bin/cmake --build /workspaces/depthai-ros/build/depthai_ros_msgs -- -j6 -l6
[1.726s] DEBUG:colcon.colcon_core.event_handler.log_command:Invoked command in '/workspaces/depthai-ros/build/depthai_ros_msgs' returned '0': CMAKE_PREFIX_PATH=${CMAKE_PREFIX_PATH}:/opt/ros/humble /usr/bin/cmake --build /workspaces/depthai-ros/build/depthai_ros_msgs -- -j6 -l6
[2.230s] DEBUG:colcon.colcon_core.event_handler.log_command:Invoking command in '/workspaces/depthai-ros/build/depthai_ros_msgs': CMAKE_PREFIX_PATH=${CMAKE_PREFIX_PATH}:/opt/ros/humble /usr/bin/cmake --install /workspaces/depthai-ros/build/depthai_ros_msgs
[2.369s] Level 1:colcon.colcon_core.environment:create_environment_scripts_only(depthai_ros_msgs)
[2.380s] Level 1:colcon.colcon_core.environment:checking '/workspaces/depthai-ros/install/depthai_ros_msgs' for CMake module files
[2.381s] Level 1:colcon.colcon_core.environment:checking '/workspaces/depthai-ros/install/depthai_ros_msgs' for CMake config files
[2.382s] Level 1:colcon.colcon_core.shell:create_environment_hook('depthai_ros_msgs', 'cmake_prefix_path')
[2.382s] INFO:colcon.colcon_core.shell:Creating environment hook '/workspaces/depthai-ros/install/depthai_ros_msgs/share/depthai_ros_msgs/hook/cmake_prefix_path.ps1'
[2.384s] DEBUG:colcon.colcon_core.event_handler.log_command:Invoked command in '/workspaces/depthai-ros/build/depthai_ros_msgs' returned '0': CMAKE_PREFIX_PATH=${CMAKE_PREFIX_PATH}:/opt/ros/humble /usr/bin/cmake --install /workspaces/depthai-ros/build/depthai_ros_msgs
[2.386s] INFO:colcon.colcon_core.shell:Creating environment descriptor '/workspaces/depthai-ros/install/depthai_ros_msgs/share/depthai_ros_msgs/hook/cmake_prefix_path.dsv'
[2.387s] INFO:colcon.colcon_core.shell:Creating environment hook '/workspaces/depthai-ros/install/depthai_ros_msgs/share/depthai_ros_msgs/hook/cmake_prefix_path.sh'
[2.389s] Level 1:colcon.colcon_core.environment:checking '/workspaces/depthai-ros/install/depthai_ros_msgs/lib'
[2.390s] Level 1:colcon.colcon_core.shell:create_environment_hook('depthai_ros_msgs', 'ld_library_path_lib')
[2.390s] INFO:colcon.colcon_core.shell:Creating environment hook '/workspaces/depthai-ros/install/depthai_ros_msgs/share/depthai_ros_msgs/hook/ld_library_path_lib.ps1'
[2.391s] INFO:colcon.colcon_core.shell:Creating environment descriptor '/workspaces/depthai-ros/install/depthai_ros_msgs/share/depthai_ros_msgs/hook/ld_library_path_lib.dsv'
[2.392s] INFO:colcon.colcon_core.shell:Creating environment hook '/workspaces/depthai-ros/install/depthai_ros_msgs/share/depthai_ros_msgs/hook/ld_library_path_lib.sh'
[2.393s] Level 1:colcon.colcon_core.environment:checking '/workspaces/depthai-ros/install/depthai_ros_msgs/bin'
[2.393s] Level 1:colcon.colcon_core.environment:checking '/workspaces/depthai-ros/install/depthai_ros_msgs/lib/pkgconfig/depthai_ros_msgs.pc'
[2.397s] Level 1:colcon.colcon_core.environment:checking '/workspaces/depthai-ros/install/depthai_ros_msgs/lib/python3.10/site-packages'
[2.397s] Level 1:colcon.colcon_core.environment:checking '/workspaces/depthai-ros/install/depthai_ros_msgs/bin'
[2.398s] INFO:colcon.colcon_core.shell:Creating package script '/workspaces/depthai-ros/install/depthai_ros_msgs/share/depthai_ros_msgs/package.ps1'
[2.400s] INFO:colcon.colcon_core.shell:Creating package descriptor '/workspaces/depthai-ros/install/depthai_ros_msgs/share/depthai_ros_msgs/package.dsv'
[2.402s] INFO:colcon.colcon_core.shell:Creating package script '/workspaces/depthai-ros/install/depthai_ros_msgs/share/depthai_ros_msgs/package.sh'
[2.403s] INFO:colcon.colcon_core.shell:Creating package script '/workspaces/depthai-ros/install/depthai_ros_msgs/share/depthai_ros_msgs/package.bash'
[2.405s] INFO:colcon.colcon_core.shell:Creating package script '/workspaces/depthai-ros/install/depthai_ros_msgs/share/depthai_ros_msgs/package.zsh'
[2.406s] Level 1:colcon.colcon_core.environment:create_file_with_runtime_dependencies(/workspaces/depthai-ros/install/depthai_ros_msgs/share/colcon-core/packages/depthai_ros_msgs)
[2.841s] Level 1:colcon.colcon_core.environment:create_environment_scripts_only(depthai_ros_msgs)
[2.841s] Level 1:colcon.colcon_core.environment:checking '/workspaces/depthai-ros/install/depthai_ros_msgs' for CMake module files
[2.843s] Level 1:colcon.colcon_core.environment:checking '/workspaces/depthai-ros/install/depthai_ros_msgs' for CMake config files
[2.844s] Level 1:colcon.colcon_core.shell:create_environment_hook('depthai_ros_msgs', 'cmake_prefix_path')
[2.844s] INFO:colcon.colcon_core.shell:Creating environment hook '/workspaces/depthai-ros/install/depthai_ros_msgs/share/depthai_ros_msgs/hook/cmake_prefix_path.ps1'
[2.846s] INFO:colcon.colcon_core.shell:Creating environment descriptor '/workspaces/depthai-ros/install/depthai_ros_msgs/share/depthai_ros_msgs/hook/cmake_prefix_path.dsv'
[2.847s] INFO:colcon.colcon_core.shell:Creating environment hook '/workspaces/depthai-ros/install/depthai_ros_msgs/share/depthai_ros_msgs/hook/cmake_prefix_path.sh'
[2.849s] Level 1:colcon.colcon_core.environment:checking '/workspaces/depthai-ros/install/depthai_ros_msgs/lib'
[2.849s] Level 1:colcon.colcon_core.shell:create_environment_hook('depthai_ros_msgs', 'ld_library_path_lib')
[2.849s] INFO:colcon.colcon_core.shell:Creating environment hook '/workspaces/depthai-ros/install/depthai_ros_msgs/share/depthai_ros_msgs/hook/ld_library_path_lib.ps1'
[2.851s] INFO:colcon.colcon_core.shell:Creating environment descriptor '/workspaces/depthai-ros/install/depthai_ros_msgs/share/depthai_ros_msgs/hook/ld_library_path_lib.dsv'
[2.852s] INFO:colcon.colcon_core.shell:Creating environment hook '/workspaces/depthai-ros/install/depthai_ros_msgs/share/depthai_ros_msgs/hook/ld_library_path_lib.sh'
[2.853s] Level 1:colcon.colcon_core.environment:checking '/workspaces/depthai-ros/install/depthai_ros_msgs/bin'
[2.854s] Level 1:colcon.colcon_core.environment:checking '/workspaces/depthai-ros/install/depthai_ros_msgs/lib/pkgconfig/depthai_ros_msgs.pc'
[2.854s] Level 1:colcon.colcon_core.environment:checking '/workspaces/depthai-ros/install/depthai_ros_msgs/lib/python3.10/site-packages'
[2.855s] Level 1:colcon.colcon_core.environment:checking '/workspaces/depthai-ros/install/depthai_ros_msgs/bin'
[2.855s] INFO:colcon.colcon_core.shell:Creating package script '/workspaces/depthai-ros/install/depthai_ros_msgs/share/depthai_ros_msgs/package.ps1'
[2.857s] INFO:colcon.colcon_core.shell:Creating package descriptor '/workspaces/depthai-ros/install/depthai_ros_msgs/share/depthai_ros_msgs/package.dsv'
[2.858s] INFO:colcon.colcon_core.shell:Creating package script '/workspaces/depthai-ros/install/depthai_ros_msgs/share/depthai_ros_msgs/package.sh'
[2.859s] INFO:colcon.colcon_core.shell:Creating package script '/workspaces/depthai-ros/install/depthai_ros_msgs/share/depthai_ros_msgs/package.bash'
[2.860s] INFO:colcon.colcon_core.shell:Creating package script '/workspaces/depthai-ros/install/depthai_ros_msgs/share/depthai_ros_msgs/package.zsh'
[2.860s] Level 1:colcon.colcon_core.environment:create_file_with_runtime_dependencies(/workspaces/depthai-ros/install/depthai_ros_msgs/share/colcon-core/packages/depthai_ros_msgs)
[2.861s] INFO:colcon.colcon_ros.task.ament_cmake.build:Building ROS package in '/workspaces/depthai-ros/depthai_descriptions' with build type 'ament_cmake'
[2.862s] INFO:colcon.colcon_cmake.task.cmake.build:Building CMake package in '/workspaces/depthai-ros/depthai_descriptions'
[2.862s] INFO:colcon.colcon_core.shell:Skip shell extension 'powershell' for command environment: Not usable outside of PowerShell
[2.862s] DEBUG:colcon.colcon_core.shell:Skip shell extension 'dsv' for command environment
[2.878s] DEBUG:colcon.colcon_core.event_handler.log_command:Invoking command in '/workspaces/depthai-ros/build/depthai_descriptions': CMAKE_PREFIX_PATH=${CMAKE_PREFIX_PATH}:/opt/ros/humble /usr/bin/cmake --build /workspaces/depthai-ros/build/depthai_descriptions -- -j6 -l6
[2.951s] DEBUG:colcon.colcon_core.event_handler.log_command:Invoked command in '/workspaces/depthai-ros/build/depthai_descriptions' returned '0': CMAKE_PREFIX_PATH=${CMAKE_PREFIX_PATH}:/opt/ros/humble /usr/bin/cmake --build /workspaces/depthai-ros/build/depthai_descriptions -- -j6 -l6
[2.990s] DEBUG:colcon.colcon_core.event_handler.log_command:Invoking command in '/workspaces/depthai-ros/build/depthai_descriptions': CMAKE_PREFIX_PATH=${CMAKE_PREFIX_PATH}:/opt/ros/humble /usr/bin/cmake --install /workspaces/depthai-ros/build/depthai_descriptions
[3.021s] Level 1:colcon.colcon_core.environment:create_environment_scripts_only(depthai_descriptions)
[3.021s] Level 1:colcon.colcon_core.environment:checking '/workspaces/depthai-ros/install/depthai_descriptions' for CMake module files
[3.022s] DEBUG:colcon.colcon_core.event_handler.log_command:Invoked command in '/workspaces/depthai-ros/build/depthai_descriptions' returned '0': CMAKE_PREFIX_PATH=${CMAKE_PREFIX_PATH}:/opt/ros/humble /usr/bin/cmake --install /workspaces/depthai-ros/build/depthai_descriptions
[3.023s] Level 1:colcon.colcon_core.environment:checking '/workspaces/depthai-ros/install/depthai_descriptions' for CMake config files
[3.024s] Level 1:colcon.colcon_core.shell:create_environment_hook('depthai_descriptions', 'cmake_prefix_path')
[3.025s] INFO:colcon.colcon_core.shell:Creating environment hook '/workspaces/depthai-ros/install/depthai_descriptions/share/depthai_descriptions/hook/cmake_prefix_path.ps1'
[3.026s] INFO:colcon.colcon_core.shell:Creating environment descriptor '/workspaces/depthai-ros/install/depthai_descriptions/share/depthai_descriptions/hook/cmake_prefix_path.dsv'
[3.027s] INFO:colcon.colcon_core.shell:Creating environment hook '/workspaces/depthai-ros/install/depthai_descriptions/share/depthai_descriptions/hook/cmake_prefix_path.sh'
[3.028s] Level 1:colcon.colcon_core.environment:checking '/workspaces/depthai-ros/install/depthai_descriptions/bin'
[3.028s] Level 1:colcon.colcon_core.environment:checking '/workspaces/depthai-ros/install/depthai_descriptions/lib/pkgconfig/depthai_descriptions.pc'
[3.029s] Level 1:colcon.colcon_core.environment:checking '/workspaces/depthai-ros/install/depthai_descriptions/lib/python3.10/site-packages'
[3.029s] Level 1:colcon.colcon_core.environment:checking '/workspaces/depthai-ros/install/depthai_descriptions/bin'
[3.030s] INFO:colcon.colcon_core.shell:Creating package script '/workspaces/depthai-ros/install/depthai_descriptions/share/depthai_descriptions/package.ps1'
[3.031s] INFO:colcon.colcon_core.shell:Creating package descriptor '/workspaces/depthai-ros/install/depthai_descriptions/share/depthai_descriptions/package.dsv'
[3.032s] INFO:colcon.colcon_core.shell:Creating package script '/workspaces/depthai-ros/install/depthai_descriptions/share/depthai_descriptions/package.sh'
[3.033s] INFO:colcon.colcon_core.shell:Creating package script '/workspaces/depthai-ros/install/depthai_descriptions/share/depthai_descriptions/package.bash'
[3.034s] INFO:colcon.colcon_core.shell:Creating package script '/workspaces/depthai-ros/install/depthai_descriptions/share/depthai_descriptions/package.zsh'
[3.034s] Level 1:colcon.colcon_core.environment:create_file_with_runtime_dependencies(/workspaces/depthai-ros/install/depthai_descriptions/share/colcon-core/packages/depthai_descriptions)
[3.073s] Level 1:colcon.colcon_core.environment:create_environment_scripts_only(depthai_descriptions)
[3.074s] Level 1:colcon.colcon_core.environment:checking '/workspaces/depthai-ros/install/depthai_descriptions' for CMake module files
[3.075s] Level 1:colcon.colcon_core.environment:checking '/workspaces/depthai-ros/install/depthai_descriptions' for CMake config files
[3.076s] Level 1:colcon.colcon_core.shell:create_environment_hook('depthai_descriptions', 'cmake_prefix_path')
[3.077s] INFO:colcon.colcon_core.shell:Creating environment hook '/workspaces/depthai-ros/install/depthai_descriptions/share/depthai_descriptions/hook/cmake_prefix_path.ps1'
[3.079s] INFO:colcon.colcon_core.shell:Creating environment descriptor '/workspaces/depthai-ros/install/depthai_descriptions/share/depthai_descriptions/hook/cmake_prefix_path.dsv'
[3.080s] INFO:colcon.colcon_core.shell:Creating environment hook '/workspaces/depthai-ros/install/depthai_descriptions/share/depthai_descriptions/hook/cmake_prefix_path.sh'
[3.082s] Level 1:colcon.colcon_core.environment:checking '/workspaces/depthai-ros/install/depthai_descriptions/bin'
[3.082s] Level 1:colcon.colcon_core.environment:checking '/workspaces/depthai-ros/install/depthai_descriptions/lib/pkgconfig/depthai_descriptions.pc'
[3.083s] Level 1:colcon.colcon_core.environment:checking '/workspaces/depthai-ros/install/depthai_descriptions/lib/python3.10/site-packages'
[3.084s] Level 1:colcon.colcon_core.environment:checking '/workspaces/depthai-ros/install/depthai_descriptions/bin'
[3.085s] INFO:colcon.colcon_core.shell:Creating package script '/workspaces/depthai-ros/install/depthai_descriptions/share/depthai_descriptions/package.ps1'
[3.086s] INFO:colcon.colcon_core.shell:Creating package descriptor '/workspaces/depthai-ros/install/depthai_descriptions/share/depthai_descriptions/package.dsv'
[3.087s] INFO:colcon.colcon_core.shell:Creating package script '/workspaces/depthai-ros/install/depthai_descriptions/share/depthai_descriptions/package.sh'
[3.088s] INFO:colcon.colcon_core.shell:Creating package script '/workspaces/depthai-ros/install/depthai_descriptions/share/depthai_descriptions/package.bash'
[3.089s] INFO:colcon.colcon_core.shell:Creating package script '/workspaces/depthai-ros/install/depthai_descriptions/share/depthai_descriptions/package.zsh'
[3.091s] Level 1:colcon.colcon_core.environment:create_file_with_runtime_dependencies(/workspaces/depthai-ros/install/depthai_descriptions/share/colcon-core/packages/depthai_descriptions)
[3.092s] INFO:colcon.colcon_ros.task.ament_cmake.build:Building ROS package in '/workspaces/depthai-ros/depthai_bridge' with build type 'ament_cmake'
[3.092s] INFO:colcon.colcon_cmake.task.cmake.build:Building CMake package in '/workspaces/depthai-ros/depthai_bridge'
[3.093s] INFO:colcon.colcon_core.shell:Skip shell extension 'powershell' for command environment: Not usable outside of PowerShell
[3.093s] DEBUG:colcon.colcon_core.shell:Skip shell extension 'dsv' for command environment
[3.119s] DEBUG:colcon.colcon_core.event_handler.log_command:Invoking command in '/workspaces/depthai-ros/build/depthai_bridge': AMENT_PREFIX_PATH=/workspaces/depthai-ros/install/depthai_ros_msgs:${AMENT_PREFIX_PATH} CMAKE_PREFIX_PATH=/workspaces/depthai-ros/install/depthai_ros_msgs:/ws/install:/opt/ros/humble LD_LIBRARY_PATH=/workspaces/depthai-ros/install/depthai_ros_msgs/lib:${LD_LIBRARY_PATH} PYTHONPATH=/workspaces/depthai-ros/install/depthai_ros_msgs/local/lib/python3.10/dist-packages:${PYTHONPATH} /usr/bin/cmake --build /workspaces/depthai-ros/build/depthai_bridge -- -j6 -l6
[3.341s] DEBUG:colcon.colcon_core.event_handler.log_command:Invoked command in '/workspaces/depthai-ros/build/depthai_bridge' returned '0': AMENT_PREFIX_PATH=/workspaces/depthai-ros/install/depthai_ros_msgs:${AMENT_PREFIX_PATH} CMAKE_PREFIX_PATH=/workspaces/depthai-ros/install/depthai_ros_msgs:/ws/install:/opt/ros/humble LD_LIBRARY_PATH=/workspaces/depthai-ros/install/depthai_ros_msgs/lib:${LD_LIBRARY_PATH} PYTHONPATH=/workspaces/depthai-ros/install/depthai_ros_msgs/local/lib/python3.10/dist-packages:${PYTHONPATH} /usr/bin/cmake --build /workspaces/depthai-ros/build/depthai_bridge -- -j6 -l6
[3.419s] DEBUG:colcon.colcon_core.event_handler.log_command:Invoking command in '/workspaces/depthai-ros/build/depthai_bridge': AMENT_PREFIX_PATH=/workspaces/depthai-ros/install/depthai_ros_msgs:${AMENT_PREFIX_PATH} CMAKE_PREFIX_PATH=/workspaces/depthai-ros/install/depthai_ros_msgs:/ws/install:/opt/ros/humble LD_LIBRARY_PATH=/workspaces/depthai-ros/install/depthai_ros_msgs/lib:${LD_LIBRARY_PATH} PYTHONPATH=/workspaces/depthai-ros/install/depthai_ros_msgs/local/lib/python3.10/dist-packages:${PYTHONPATH} /usr/bin/cmake --install /workspaces/depthai-ros/build/depthai_bridge
[3.458s] Level 1:colcon.colcon_core.environment:create_environment_scripts_only(depthai_bridge)
[3.458s] Level 1:colcon.colcon_core.environment:checking '/workspaces/depthai-ros/install/depthai_bridge' for CMake module files
[3.459s] DEBUG:colcon.colcon_core.event_handler.log_command:Invoked command in '/workspaces/depthai-ros/build/depthai_bridge' returned '0': AMENT_PREFIX_PATH=/workspaces/depthai-ros/install/depthai_ros_msgs:${AMENT_PREFIX_PATH} CMAKE_PREFIX_PATH=/workspaces/depthai-ros/install/depthai_ros_msgs:/ws/install:/opt/ros/humble LD_LIBRARY_PATH=/workspaces/depthai-ros/install/depthai_ros_msgs/lib:${LD_LIBRARY_PATH} PYTHONPATH=/workspaces/depthai-ros/install/depthai_ros_msgs/local/lib/python3.10/dist-packages:${PYTHONPATH} /usr/bin/cmake --install /workspaces/depthai-ros/build/depthai_bridge
[3.461s] Level 1:colcon.colcon_core.environment:checking '/workspaces/depthai-ros/install/depthai_bridge' for CMake config files
[3.461s] Level 1:colcon.colcon_core.shell:create_environment_hook('depthai_bridge', 'cmake_prefix_path')
[3.462s] INFO:colcon.colcon_core.shell:Creating environment hook '/workspaces/depthai-ros/install/depthai_bridge/share/depthai_bridge/hook/cmake_prefix_path.ps1'
[3.463s] INFO:colcon.colcon_core.shell:Creating environment descriptor '/workspaces/depthai-ros/install/depthai_bridge/share/depthai_bridge/hook/cmake_prefix_path.dsv'
[3.465s] INFO:colcon.colcon_core.shell:Creating environment hook '/workspaces/depthai-ros/install/depthai_bridge/share/depthai_bridge/hook/cmake_prefix_path.sh'
[3.466s] Level 1:colcon.colcon_core.environment:checking '/workspaces/depthai-ros/install/depthai_bridge/lib'
[3.467s] Level 1:colcon.colcon_core.shell:create_environment_hook('depthai_bridge', 'ld_library_path_lib')
[3.468s] INFO:colcon.colcon_core.shell:Creating environment hook '/workspaces/depthai-ros/install/depthai_bridge/share/depthai_bridge/hook/ld_library_path_lib.ps1'
[3.469s] INFO:colcon.colcon_core.shell:Creating environment descriptor '/workspaces/depthai-ros/install/depthai_bridge/share/depthai_bridge/hook/ld_library_path_lib.dsv'
[3.470s] INFO:colcon.colcon_core.shell:Creating environment hook '/workspaces/depthai-ros/install/depthai_bridge/share/depthai_bridge/hook/ld_library_path_lib.sh'
[3.471s] Level 1:colcon.colcon_core.environment:checking '/workspaces/depthai-ros/install/depthai_bridge/bin'
[3.472s] Level 1:colcon.colcon_core.environment:checking '/workspaces/depthai-ros/install/depthai_bridge/lib/pkgconfig/depthai_bridge.pc'
[3.472s] Level 1:colcon.colcon_core.environment:checking '/workspaces/depthai-ros/install/depthai_bridge/lib/python3.10/site-packages'
[3.473s] Level 1:colcon.colcon_core.environment:checking '/workspaces/depthai-ros/install/depthai_bridge/bin'
[3.474s] INFO:colcon.colcon_core.shell:Creating package script '/workspaces/depthai-ros/install/depthai_bridge/share/depthai_bridge/package.ps1'
[3.475s] INFO:colcon.colcon_core.shell:Creating package descriptor '/workspaces/depthai-ros/install/depthai_bridge/share/depthai_bridge/package.dsv'
[3.476s] INFO:colcon.colcon_core.shell:Creating package script '/workspaces/depthai-ros/install/depthai_bridge/share/depthai_bridge/package.sh'
[3.477s] INFO:colcon.colcon_core.shell:Creating package script '/workspaces/depthai-ros/install/depthai_bridge/share/depthai_bridge/package.bash'
[3.478s] INFO:colcon.colcon_core.shell:Creating package script '/workspaces/depthai-ros/install/depthai_bridge/share/depthai_bridge/package.zsh'
[3.479s] Level 1:colcon.colcon_core.environment:create_file_with_runtime_dependencies(/workspaces/depthai-ros/install/depthai_bridge/share/colcon-core/packages/depthai_bridge)
[3.561s] Level 1:colcon.colcon_core.environment:create_environment_scripts_only(depthai_bridge)
[3.562s] Level 1:colcon.colcon_core.environment:checking '/workspaces/depthai-ros/install/depthai_bridge' for CMake module files
[3.563s] Level 1:colcon.colcon_core.environment:checking '/workspaces/depthai-ros/install/depthai_bridge' for CMake config files
[3.564s] Level 1:colcon.colcon_core.shell:create_environment_hook('depthai_bridge', 'cmake_prefix_path')
[3.564s] INFO:colcon.colcon_core.shell:Creating environment hook '/workspaces/depthai-ros/install/depthai_bridge/share/depthai_bridge/hook/cmake_prefix_path.ps1'
[3.566s] INFO:colcon.colcon_core.shell:Creating environment descriptor '/workspaces/depthai-ros/install/depthai_bridge/share/depthai_bridge/hook/cmake_prefix_path.dsv'
[3.566s] INFO:colcon.colcon_core.shell:Creating environment hook '/workspaces/depthai-ros/install/depthai_bridge/share/depthai_bridge/hook/cmake_prefix_path.sh'
[3.568s] Level 1:colcon.colcon_core.environment:checking '/workspaces/depthai-ros/install/depthai_bridge/lib'
[3.568s] Level 1:colcon.colcon_core.shell:create_environment_hook('depthai_bridge', 'ld_library_path_lib')
[3.569s] INFO:colcon.colcon_core.shell:Creating environment hook '/workspaces/depthai-ros/install/depthai_bridge/share/depthai_bridge/hook/ld_library_path_lib.ps1'
[3.569s] INFO:colcon.colcon_core.shell:Creating environment descriptor '/workspaces/depthai-ros/install/depthai_bridge/share/depthai_bridge/hook/ld_library_path_lib.dsv'
[3.570s] INFO:colcon.colcon_core.shell:Creating environment hook '/workspaces/depthai-ros/install/depthai_bridge/share/depthai_bridge/hook/ld_library_path_lib.sh'
[3.571s] Level 1:colcon.colcon_core.environment:checking '/workspaces/depthai-ros/install/depthai_bridge/bin'
[3.571s] Level 1:colcon.colcon_core.environment:checking '/workspaces/depthai-ros/install/depthai_bridge/lib/pkgconfig/depthai_bridge.pc'
[3.572s] Level 1:colcon.colcon_core.environment:checking '/workspaces/depthai-ros/install/depthai_bridge/lib/python3.10/site-packages'
[3.572s] Level 1:colcon.colcon_core.environment:checking '/workspaces/depthai-ros/install/depthai_bridge/bin'
[3.573s] INFO:colcon.colcon_core.shell:Creating package script '/workspaces/depthai-ros/install/depthai_bridge/share/depthai_bridge/package.ps1'
[3.574s] INFO:colcon.colcon_core.shell:Creating package descriptor '/workspaces/depthai-ros/install/depthai_bridge/share/depthai_bridge/package.dsv'
[3.575s] INFO:colcon.colcon_core.shell:Creating package script '/workspaces/depthai-ros/install/depthai_bridge/share/depthai_bridge/package.sh'
[3.577s] INFO:colcon.colcon_core.shell:Creating package script '/workspaces/depthai-ros/install/depthai_bridge/share/depthai_bridge/package.bash'
[3.578s] INFO:colcon.colcon_core.shell:Creating package script '/workspaces/depthai-ros/install/depthai_bridge/share/depthai_bridge/package.zsh'
[3.579s] Level 1:colcon.colcon_core.environment:create_file_with_runtime_dependencies(/workspaces/depthai-ros/install/depthai_bridge/share/colcon-core/packages/depthai_bridge)
[3.580s] INFO:colcon.colcon_ros.task.ament_cmake.build:Building ROS package in '/workspaces/depthai-ros/depthai_examples' with build type 'ament_cmake'
[3.580s] INFO:colcon.colcon_cmake.task.cmake.build:Building CMake package in '/workspaces/depthai-ros/depthai_examples'
[3.581s] INFO:colcon.colcon_core.shell:Skip shell extension 'powershell' for command environment: Not usable outside of PowerShell
[3.582s] DEBUG:colcon.colcon_core.shell:Skip shell extension 'dsv' for command environment
[3.618s] DEBUG:colcon.colcon_core.event_handler.log_command:Invoking command in '/workspaces/depthai-ros/build/depthai_examples': AMENT_PREFIX_PATH=/workspaces/depthai-ros/install/depthai_bridge:/workspaces/depthai-ros/install/depthai_ros_msgs:/workspaces/depthai-ros/install/depthai_descriptions:${AMENT_PREFIX_PATH} CMAKE_PREFIX_PATH=/workspaces/depthai-ros/install/depthai_bridge:/workspaces/depthai-ros/install/depthai_ros_msgs:/workspaces/depthai-ros/install/depthai_descriptions:/ws/install:/opt/ros/humble GAZEBO_MODEL_PATH=/workspaces/depthai-ros/install/depthai_descriptions:${GAZEBO_MODEL_PATH} GAZEBO_RESOURCE_PATH=/workspaces/depthai-ros/install/depthai_descriptions:${GAZEBO_RESOURCE_PATH} IGN_GAZEBO_MODEL_PATH=/workspaces/depthai-ros/install/depthai_descriptions:${IGN_GAZEBO_MODEL_PATH} IGN_GAZEBO_RESOURCE_PATH=/workspaces/depthai-ros/install/depthai_descriptions:${IGN_GAZEBO_RESOURCE_PATH} LD_LIBRARY_PATH=/workspaces/depthai-ros/install/depthai_bridge/lib:/workspaces/depthai-ros/install/depthai_ros_msgs/lib:${LD_LIBRARY_PATH} PYTHONPATH=/workspaces/depthai-ros/install/depthai_ros_msgs/local/lib/python3.10/dist-packages:${PYTHONPATH} /usr/bin/cmake --build /workspaces/depthai-ros/build/depthai_examples -- -j6 -l6
[43.213s] DEBUG:colcon.colcon_core.event_handler.log_command:Invoked command in '/workspaces/depthai-ros/build/depthai_examples' returned '0': AMENT_PREFIX_PATH=/workspaces/depthai-ros/install/depthai_bridge:/workspaces/depthai-ros/install/depthai_ros_msgs:/workspaces/depthai-ros/install/depthai_descriptions:${AMENT_PREFIX_PATH} CMAKE_PREFIX_PATH=/workspaces/depthai-ros/install/depthai_bridge:/workspaces/depthai-ros/install/depthai_ros_msgs:/workspaces/depthai-ros/install/depthai_descriptions:/ws/install:/opt/ros/humble GAZEBO_MODEL_PATH=/workspaces/depthai-ros/install/depthai_descriptions:${GAZEBO_MODEL_PATH} GAZEBO_RESOURCE_PATH=/workspaces/depthai-ros/install/depthai_descriptions:${GAZEBO_RESOURCE_PATH} IGN_GAZEBO_MODEL_PATH=/workspaces/depthai-ros/install/depthai_descriptions:${IGN_GAZEBO_MODEL_PATH} IGN_GAZEBO_RESOURCE_PATH=/workspaces/depthai-ros/install/depthai_descriptions:${IGN_GAZEBO_RESOURCE_PATH} LD_LIBRARY_PATH=/workspaces/depthai-ros/install/depthai_bridge/lib:/workspaces/depthai-ros/install/depthai_ros_msgs/lib:${LD_LIBRARY_PATH} PYTHONPATH=/workspaces/depthai-ros/install/depthai_ros_msgs/local/lib/python3.10/dist-packages:${PYTHONPATH} /usr/bin/cmake --build /workspaces/depthai-ros/build/depthai_examples -- -j6 -l6
[43.322s] DEBUG:colcon.colcon_core.event_handler.log_command:Invoking command in '/workspaces/depthai-ros/build/depthai_examples': AMENT_PREFIX_PATH=/workspaces/depthai-ros/install/depthai_bridge:/workspaces/depthai-ros/install/depthai_ros_msgs:/workspaces/depthai-ros/install/depthai_descriptions:${AMENT_PREFIX_PATH} CMAKE_PREFIX_PATH=/workspaces/depthai-ros/install/depthai_bridge:/workspaces/depthai-ros/install/depthai_ros_msgs:/workspaces/depthai-ros/install/depthai_descriptions:/ws/install:/opt/ros/humble GAZEBO_MODEL_PATH=/workspaces/depthai-ros/install/depthai_descriptions:${GAZEBO_MODEL_PATH} GAZEBO_RESOURCE_PATH=/workspaces/depthai-ros/install/depthai_descriptions:${GAZEBO_RESOURCE_PATH} IGN_GAZEBO_MODEL_PATH=/workspaces/depthai-ros/install/depthai_descriptions:${IGN_GAZEBO_MODEL_PATH} IGN_GAZEBO_RESOURCE_PATH=/workspaces/depthai-ros/install/depthai_descriptions:${IGN_GAZEBO_RESOURCE_PATH} LD_LIBRARY_PATH=/workspaces/depthai-ros/install/depthai_bridge/lib:/workspaces/depthai-ros/install/depthai_ros_msgs/lib:${LD_LIBRARY_PATH} PYTHONPATH=/workspaces/depthai-ros/install/depthai_ros_msgs/local/lib/python3.10/dist-packages:${PYTHONPATH} /usr/bin/cmake --install /workspaces/depthai-ros/build/depthai_examples
[43.626s] Level 1:colcon.colcon_core.environment:create_environment_scripts_only(depthai_examples)
[43.627s] DEBUG:colcon.colcon_core.event_handler.log_command:Invoked command in '/workspaces/depthai-ros/build/depthai_examples' returned '0': AMENT_PREFIX_PATH=/workspaces/depthai-ros/install/depthai_bridge:/workspaces/depthai-ros/install/depthai_ros_msgs:/workspaces/depthai-ros/install/depthai_descriptions:${AMENT_PREFIX_PATH} CMAKE_PREFIX_PATH=/workspaces/depthai-ros/install/depthai_bridge:/workspaces/depthai-ros/install/depthai_ros_msgs:/workspaces/depthai-ros/install/depthai_descriptions:/ws/install:/opt/ros/humble GAZEBO_MODEL_PATH=/workspaces/depthai-ros/install/depthai_descriptions:${GAZEBO_MODEL_PATH} GAZEBO_RESOURCE_PATH=/workspaces/depthai-ros/install/depthai_descriptions:${GAZEBO_RESOURCE_PATH} IGN_GAZEBO_MODEL_PATH=/workspaces/depthai-ros/install/depthai_descriptions:${IGN_GAZEBO_MODEL_PATH} IGN_GAZEBO_RESOURCE_PATH=/workspaces/depthai-ros/install/depthai_descriptions:${IGN_GAZEBO_RESOURCE_PATH} LD_LIBRARY_PATH=/workspaces/depthai-ros/install/depthai_bridge/lib:/workspaces/depthai-ros/install/depthai_ros_msgs/lib:${LD_LIBRARY_PATH} PYTHONPATH=/workspaces/depthai-ros/install/depthai_ros_msgs/local/lib/python3.10/dist-packages:${PYTHONPATH} /usr/bin/cmake --install /workspaces/depthai-ros/build/depthai_examples
[43.630s] Level 1:colcon.colcon_core.environment:checking '/workspaces/depthai-ros/install/depthai_examples' for CMake module files
[43.632s] Level 1:colcon.colcon_core.environment:checking '/workspaces/depthai-ros/install/depthai_examples' for CMake config files
[43.633s] Level 1:colcon.colcon_core.shell:create_environment_hook('depthai_examples', 'cmake_prefix_path')
[43.634s] INFO:colcon.colcon_core.shell:Creating environment hook '/workspaces/depthai-ros/install/depthai_examples/share/depthai_examples/hook/cmake_prefix_path.ps1'
[43.638s] INFO:colcon.colcon_core.shell:Creating environment descriptor '/workspaces/depthai-ros/install/depthai_examples/share/depthai_examples/hook/cmake_prefix_path.dsv'
[43.639s] INFO:colcon.colcon_core.shell:Creating environment hook '/workspaces/depthai-ros/install/depthai_examples/share/depthai_examples/hook/cmake_prefix_path.sh'
[43.642s] Level 1:colcon.colcon_core.environment:checking '/workspaces/depthai-ros/install/depthai_examples/lib'
[43.642s] Level 1:colcon.colcon_core.environment:checking '/workspaces/depthai-ros/install/depthai_examples/bin'
[43.642s] Level 1:colcon.colcon_core.environment:checking '/workspaces/depthai-ros/install/depthai_examples/lib/pkgconfig/depthai_examples.pc'
[43.644s] Level 1:colcon.colcon_core.environment:checking '/workspaces/depthai-ros/install/depthai_examples/lib/python3.10/site-packages'
[43.644s] Level 1:colcon.colcon_core.environment:checking '/workspaces/depthai-ros/install/depthai_examples/bin'
[43.645s] INFO:colcon.colcon_core.shell:Creating package script '/workspaces/depthai-ros/install/depthai_examples/share/depthai_examples/package.ps1'
[43.647s] INFO:colcon.colcon_core.shell:Creating package descriptor '/workspaces/depthai-ros/install/depthai_examples/share/depthai_examples/package.dsv'
[43.649s] INFO:colcon.colcon_core.shell:Creating package script '/workspaces/depthai-ros/install/depthai_examples/share/depthai_examples/package.sh'
[43.650s] INFO:colcon.colcon_core.shell:Creating package script '/workspaces/depthai-ros/install/depthai_examples/share/depthai_examples/package.bash'
[43.653s] INFO:colcon.colcon_core.shell:Creating package script '/workspaces/depthai-ros/install/depthai_examples/share/depthai_examples/package.zsh'
[43.654s] Level 1:colcon.colcon_core.environment:create_file_with_runtime_dependencies(/workspaces/depthai-ros/install/depthai_examples/share/colcon-core/packages/depthai_examples)
[43.743s] Level 1:colcon.colcon_core.environment:create_environment_scripts_only(depthai_examples)
[43.744s] Level 1:colcon.colcon_core.environment:checking '/workspaces/depthai-ros/install/depthai_examples' for CMake module files
[43.745s] Level 1:colcon.colcon_core.environment:checking '/workspaces/depthai-ros/install/depthai_examples' for CMake config files
[43.745s] Level 1:colcon.colcon_core.shell:create_environment_hook('depthai_examples', 'cmake_prefix_path')
[43.746s] INFO:colcon.colcon_core.shell:Creating environment hook '/workspaces/depthai-ros/install/depthai_examples/share/depthai_examples/hook/cmake_prefix_path.ps1'
[43.747s] INFO:colcon.colcon_core.shell:Creating environment descriptor '/workspaces/depthai-ros/install/depthai_examples/share/depthai_examples/hook/cmake_prefix_path.dsv'
[43.748s] INFO:colcon.colcon_core.shell:Creating environment hook '/workspaces/depthai-ros/install/depthai_examples/share/depthai_examples/hook/cmake_prefix_path.sh'
[43.749s] Level 1:colcon.colcon_core.environment:checking '/workspaces/depthai-ros/install/depthai_examples/lib'
[43.749s] Level 1:colcon.colcon_core.environment:checking '/workspaces/depthai-ros/install/depthai_examples/bin'
[43.749s] Level 1:colcon.colcon_core.environment:checking '/workspaces/depthai-ros/install/depthai_examples/lib/pkgconfig/depthai_examples.pc'
[43.750s] Level 1:colcon.colcon_core.environment:checking '/workspaces/depthai-ros/install/depthai_examples/lib/python3.10/site-packages'
[43.750s] Level 1:colcon.colcon_core.environment:checking '/workspaces/depthai-ros/install/depthai_examples/bin'
[43.751s] INFO:colcon.colcon_core.shell:Creating package script '/workspaces/depthai-ros/install/depthai_examples/share/depthai_examples/package.ps1'
[43.754s] INFO:colcon.colcon_core.shell:Creating package descriptor '/workspaces/depthai-ros/install/depthai_examples/share/depthai_examples/package.dsv'
[43.755s] INFO:colcon.colcon_core.shell:Creating package script '/workspaces/depthai-ros/install/depthai_examples/share/depthai_examples/package.sh'
[43.756s] INFO:colcon.colcon_core.shell:Creating package script '/workspaces/depthai-ros/install/depthai_examples/share/depthai_examples/package.bash'
[43.757s] INFO:colcon.colcon_core.shell:Creating package script '/workspaces/depthai-ros/install/depthai_examples/share/depthai_examples/package.zsh'
[43.758s] Level 1:colcon.colcon_core.environment:create_file_with_runtime_dependencies(/workspaces/depthai-ros/install/depthai_examples/share/colcon-core/packages/depthai_examples)
[43.759s] INFO:colcon.colcon_ros.task.ament_cmake.build:Building ROS package in '/workspaces/depthai-ros/depthai_filters' with build type 'ament_cmake'
[43.760s] INFO:colcon.colcon_cmake.task.cmake.build:Building CMake package in '/workspaces/depthai-ros/depthai_filters'
[43.760s] INFO:colcon.colcon_core.shell:Skip shell extension 'powershell' for command environment: Not usable outside of PowerShell
[43.761s] DEBUG:colcon.colcon_core.shell:Skip shell extension 'dsv' for command environment
[43.792s] DEBUG:colcon.colcon_core.event_handler.log_command:Invoking command in '/workspaces/depthai-ros/build/depthai_filters': AMENT_PREFIX_PATH=/workspaces/depthai-ros/install/depthai_ros_msgs:${AMENT_PREFIX_PATH} CMAKE_PREFIX_PATH=/workspaces/depthai-ros/install/depthai_ros_msgs:/ws/install:/opt/ros/humble LD_LIBRARY_PATH=/workspaces/depthai-ros/install/depthai_ros_msgs/lib:${LD_LIBRARY_PATH} PYTHONPATH=/workspaces/depthai-ros/install/depthai_ros_msgs/local/lib/python3.10/dist-packages:${PYTHONPATH} /usr/bin/cmake --build /workspaces/depthai-ros/build/depthai_filters -- -j6 -l6
[44.007s] DEBUG:colcon.colcon_core.event_handler.log_command:Invoked command in '/workspaces/depthai-ros/build/depthai_filters' returned '0': AMENT_PREFIX_PATH=/workspaces/depthai-ros/install/depthai_ros_msgs:${AMENT_PREFIX_PATH} CMAKE_PREFIX_PATH=/workspaces/depthai-ros/install/depthai_ros_msgs:/ws/install:/opt/ros/humble LD_LIBRARY_PATH=/workspaces/depthai-ros/install/depthai_ros_msgs/lib:${LD_LIBRARY_PATH} PYTHONPATH=/workspaces/depthai-ros/install/depthai_ros_msgs/local/lib/python3.10/dist-packages:${PYTHONPATH} /usr/bin/cmake --build /workspaces/depthai-ros/build/depthai_filters -- -j6 -l6
[44.078s] DEBUG:colcon.colcon_core.event_handler.log_command:Invoking command in '/workspaces/depthai-ros/build/depthai_filters': AMENT_PREFIX_PATH=/workspaces/depthai-ros/install/depthai_ros_msgs:${AMENT_PREFIX_PATH} CMAKE_PREFIX_PATH=/workspaces/depthai-ros/install/depthai_ros_msgs:/ws/install:/opt/ros/humble LD_LIBRARY_PATH=/workspaces/depthai-ros/install/depthai_ros_msgs/lib:${LD_LIBRARY_PATH} PYTHONPATH=/workspaces/depthai-ros/install/depthai_ros_msgs/local/lib/python3.10/dist-packages:${PYTHONPATH} /usr/bin/cmake --install /workspaces/depthai-ros/build/depthai_filters
[44.116s] Level 1:colcon.colcon_core.environment:create_environment_scripts_only(depthai_filters)
[44.116s] Level 1:colcon.colcon_core.environment:checking '/workspaces/depthai-ros/install/depthai_filters' for CMake module files
[44.117s] DEBUG:colcon.colcon_core.event_handler.log_command:Invoked command in '/workspaces/depthai-ros/build/depthai_filters' returned '0': AMENT_PREFIX_PATH=/workspaces/depthai-ros/install/depthai_ros_msgs:${AMENT_PREFIX_PATH} CMAKE_PREFIX_PATH=/workspaces/depthai-ros/install/depthai_ros_msgs:/ws/install:/opt/ros/humble LD_LIBRARY_PATH=/workspaces/depthai-ros/install/depthai_ros_msgs/lib:${LD_LIBRARY_PATH} PYTHONPATH=/workspaces/depthai-ros/install/depthai_ros_msgs/local/lib/python3.10/dist-packages:${PYTHONPATH} /usr/bin/cmake --install /workspaces/depthai-ros/build/depthai_filters
[44.118s] Level 1:colcon.colcon_core.environment:checking '/workspaces/depthai-ros/install/depthai_filters' for CMake config files
[44.119s] Level 1:colcon.colcon_core.shell:create_environment_hook('depthai_filters', 'cmake_prefix_path')
[44.120s] INFO:colcon.colcon_core.shell:Creating environment hook '/workspaces/depthai-ros/install/depthai_filters/share/depthai_filters/hook/cmake_prefix_path.ps1'
[44.121s] INFO:colcon.colcon_core.shell:Creating environment descriptor '/workspaces/depthai-ros/install/depthai_filters/share/depthai_filters/hook/cmake_prefix_path.dsv'
[44.122s] INFO:colcon.colcon_core.shell:Creating environment hook '/workspaces/depthai-ros/install/depthai_filters/share/depthai_filters/hook/cmake_prefix_path.sh'
[44.123s] Level 1:colcon.colcon_core.environment:checking '/workspaces/depthai-ros/install/depthai_filters/lib'
[44.123s] Level 1:colcon.colcon_core.shell:create_environment_hook('depthai_filters', 'ld_library_path_lib')
[44.124s] INFO:colcon.colcon_core.shell:Creating environment hook '/workspaces/depthai-ros/install/depthai_filters/share/depthai_filters/hook/ld_library_path_lib.ps1'
[44.124s] INFO:colcon.colcon_core.shell:Creating environment descriptor '/workspaces/depthai-ros/install/depthai_filters/share/depthai_filters/hook/ld_library_path_lib.dsv'
[44.125s] INFO:colcon.colcon_core.shell:Creating environment hook '/workspaces/depthai-ros/install/depthai_filters/share/depthai_filters/hook/ld_library_path_lib.sh'
[44.126s] Level 1:colcon.colcon_core.environment:checking '/workspaces/depthai-ros/install/depthai_filters/bin'
[44.126s] Level 1:colcon.colcon_core.environment:checking '/workspaces/depthai-ros/install/depthai_filters/lib/pkgconfig/depthai_filters.pc'
[44.127s] Level 1:colcon.colcon_core.environment:checking '/workspaces/depthai-ros/install/depthai_filters/lib/python3.10/site-packages'
[44.127s] Level 1:colcon.colcon_core.environment:checking '/workspaces/depthai-ros/install/depthai_filters/bin'
[44.128s] INFO:colcon.colcon_core.shell:Creating package script '/workspaces/depthai-ros/install/depthai_filters/share/depthai_filters/package.ps1'
[44.129s] INFO:colcon.colcon_core.shell:Creating package descriptor '/workspaces/depthai-ros/install/depthai_filters/share/depthai_filters/package.dsv'
[44.130s] INFO:colcon.colcon_core.shell:Creating package script '/workspaces/depthai-ros/install/depthai_filters/share/depthai_filters/package.sh'
[44.131s] INFO:colcon.colcon_core.shell:Creating package script '/workspaces/depthai-ros/install/depthai_filters/share/depthai_filters/package.bash'
[44.132s] INFO:colcon.colcon_core.shell:Creating package script '/workspaces/depthai-ros/install/depthai_filters/share/depthai_filters/package.zsh'
[44.132s] Level 1:colcon.colcon_core.environment:create_file_with_runtime_dependencies(/workspaces/depthai-ros/install/depthai_filters/share/colcon-core/packages/depthai_filters)
[44.197s] Level 1:colcon.colcon_core.environment:create_environment_scripts_only(depthai_filters)
[44.198s] Level 1:colcon.colcon_core.environment:checking '/workspaces/depthai-ros/install/depthai_filters' for CMake module files
[44.199s] Level 1:colcon.colcon_core.environment:checking '/workspaces/depthai-ros/install/depthai_filters' for CMake config files
[44.200s] Level 1:colcon.colcon_core.shell:create_environment_hook('depthai_filters', 'cmake_prefix_path')
[44.200s] INFO:colcon.colcon_core.shell:Creating environment hook '/workspaces/depthai-ros/install/depthai_filters/share/depthai_filters/hook/cmake_prefix_path.ps1'
[44.201s] INFO:colcon.colcon_core.shell:Creating environment descriptor '/workspaces/depthai-ros/install/depthai_filters/share/depthai_filters/hook/cmake_prefix_path.dsv'
[44.202s] INFO:colcon.colcon_core.shell:Creating environment hook '/workspaces/depthai-ros/install/depthai_filters/share/depthai_filters/hook/cmake_prefix_path.sh'
[44.203s] Level 1:colcon.colcon_core.environment:checking '/workspaces/depthai-ros/install/depthai_filters/lib'
[44.203s] Level 1:colcon.colcon_core.shell:create_environment_hook('depthai_filters', 'ld_library_path_lib')
[44.204s] INFO:colcon.colcon_core.shell:Creating environment hook '/workspaces/depthai-ros/install/depthai_filters/share/depthai_filters/hook/ld_library_path_lib.ps1'
[44.204s] INFO:colcon.colcon_core.shell:Creating environment descriptor '/workspaces/depthai-ros/install/depthai_filters/share/depthai_filters/hook/ld_library_path_lib.dsv'
[44.205s] INFO:colcon.colcon_core.shell:Creating environment hook '/workspaces/depthai-ros/install/depthai_filters/share/depthai_filters/hook/ld_library_path_lib.sh'
[44.206s] Level 1:colcon.colcon_core.environment:checking '/workspaces/depthai-ros/install/depthai_filters/bin'
[44.206s] Level 1:colcon.colcon_core.environment:checking '/workspaces/depthai-ros/install/depthai_filters/lib/pkgconfig/depthai_filters.pc'
[44.206s] Level 1:colcon.colcon_core.environment:checking '/workspaces/depthai-ros/install/depthai_filters/lib/python3.10/site-packages'
[44.207s] Level 1:colcon.colcon_core.environment:checking '/workspaces/depthai-ros/install/depthai_filters/bin'
[44.208s] INFO:colcon.colcon_core.shell:Creating package script '/workspaces/depthai-ros/install/depthai_filters/share/depthai_filters/package.ps1'
[44.209s] INFO:colcon.colcon_core.shell:Creating package descriptor '/workspaces/depthai-ros/install/depthai_filters/share/depthai_filters/package.dsv'
[44.210s] INFO:colcon.colcon_core.shell:Creating package script '/workspaces/depthai-ros/install/depthai_filters/share/depthai_filters/package.sh'
[44.211s] INFO:colcon.colcon_core.shell:Creating package script '/workspaces/depthai-ros/install/depthai_filters/share/depthai_filters/package.bash'
[44.211s] INFO:colcon.colcon_core.shell:Creating package script '/workspaces/depthai-ros/install/depthai_filters/share/depthai_filters/package.zsh'
[44.212s] Level 1:colcon.colcon_core.environment:create_file_with_runtime_dependencies(/workspaces/depthai-ros/install/depthai_filters/share/colcon-core/packages/depthai_filters)
[44.213s] INFO:colcon.colcon_ros.task.ament_cmake.build:Building ROS package in '/workspaces/depthai-ros/depthai_ros_driver' with build type 'ament_cmake'
[44.213s] INFO:colcon.colcon_cmake.task.cmake.build:Building CMake package in '/workspaces/depthai-ros/depthai_ros_driver'
[44.214s] INFO:colcon.colcon_core.shell:Skip shell extension 'powershell' for command environment: Not usable outside of PowerShell
[44.214s] DEBUG:colcon.colcon_core.shell:Skip shell extension 'dsv' for command environment
[44.240s] DEBUG:colcon.colcon_core.event_handler.log_command:Invoking command in '/workspaces/depthai-ros/build/depthai_ros_driver': AMENT_PREFIX_PATH=/workspaces/depthai-ros/install/depthai_examples:/workspaces/depthai-ros/install/depthai_bridge:/workspaces/depthai-ros/install/depthai_ros_msgs:/workspaces/depthai-ros/install/depthai_descriptions:${AMENT_PREFIX_PATH} CMAKE_PREFIX_PATH=/workspaces/depthai-ros/install/depthai_examples:/workspaces/depthai-ros/install/depthai_bridge:/workspaces/depthai-ros/install/depthai_ros_msgs:/workspaces/depthai-ros/install/depthai_descriptions:/ws/install:/opt/ros/humble GAZEBO_MODEL_PATH=/workspaces/depthai-ros/install/depthai_descriptions:${GAZEBO_MODEL_PATH} GAZEBO_RESOURCE_PATH=/workspaces/depthai-ros/install/depthai_descriptions:${GAZEBO_RESOURCE_PATH} IGN_GAZEBO_MODEL_PATH=/workspaces/depthai-ros/install/depthai_descriptions:${IGN_GAZEBO_MODEL_PATH} IGN_GAZEBO_RESOURCE_PATH=/workspaces/depthai-ros/install/depthai_descriptions:${IGN_GAZEBO_RESOURCE_PATH} LD_LIBRARY_PATH=/workspaces/depthai-ros/install/depthai_bridge/lib:/workspaces/depthai-ros/install/depthai_ros_msgs/lib:${LD_LIBRARY_PATH} PYTHONPATH=/workspaces/depthai-ros/install/depthai_ros_msgs/local/lib/python3.10/dist-packages:${PYTHONPATH} /usr/bin/cmake /workspaces/depthai-ros/depthai_ros_driver -DCMAKE_INSTALL_PREFIX=/workspaces/depthai-ros/install/depthai_ros_driver
[49.337s] DEBUG:colcon.colcon_core.event_handler.log_command:Invoked command in '/workspaces/depthai-ros/build/depthai_ros_driver' returned '0': AMENT_PREFIX_PATH=/workspaces/depthai-ros/install/depthai_examples:/workspaces/depthai-ros/install/depthai_bridge:/workspaces/depthai-ros/install/depthai_ros_msgs:/workspaces/depthai-ros/install/depthai_descriptions:${AMENT_PREFIX_PATH} CMAKE_PREFIX_PATH=/workspaces/depthai-ros/install/depthai_examples:/workspaces/depthai-ros/install/depthai_bridge:/workspaces/depthai-ros/install/depthai_ros_msgs:/workspaces/depthai-ros/install/depthai_descriptions:/ws/install:/opt/ros/humble GAZEBO_MODEL_PATH=/workspaces/depthai-ros/install/depthai_descriptions:${GAZEBO_MODEL_PATH} GAZEBO_RESOURCE_PATH=/workspaces/depthai-ros/install/depthai_descriptions:${GAZEBO_RESOURCE_PATH} IGN_GAZEBO_MODEL_PATH=/workspaces/depthai-ros/install/depthai_descriptions:${IGN_GAZEBO_MODEL_PATH} IGN_GAZEBO_RESOURCE_PATH=/workspaces/depthai-ros/install/depthai_descriptions:${IGN_GAZEBO_RESOURCE_PATH} LD_LIBRARY_PATH=/workspaces/depthai-ros/install/depthai_bridge/lib:/workspaces/depthai-ros/install/depthai_ros_msgs/lib:${LD_LIBRARY_PATH} PYTHONPATH=/workspaces/depthai-ros/install/depthai_ros_msgs/local/lib/python3.10/dist-packages:${PYTHONPATH} /usr/bin/cmake /workspaces/depthai-ros/depthai_ros_driver -DCMAKE_INSTALL_PREFIX=/workspaces/depthai-ros/install/depthai_ros_driver
[49.338s] DEBUG:colcon.colcon_core.event_handler.log_command:Invoking command in '/workspaces/depthai-ros/build/depthai_ros_driver': AMENT_PREFIX_PATH=/workspaces/depthai-ros/install/depthai_examples:/workspaces/depthai-ros/install/depthai_bridge:/workspaces/depthai-ros/install/depthai_ros_msgs:/workspaces/depthai-ros/install/depthai_descriptions:${AMENT_PREFIX_PATH} CMAKE_PREFIX_PATH=/workspaces/depthai-ros/install/depthai_examples:/workspaces/depthai-ros/install/depthai_bridge:/workspaces/depthai-ros/install/depthai_ros_msgs:/workspaces/depthai-ros/install/depthai_descriptions:/ws/install:/opt/ros/humble GAZEBO_MODEL_PATH=/workspaces/depthai-ros/install/depthai_descriptions:${GAZEBO_MODEL_PATH} GAZEBO_RESOURCE_PATH=/workspaces/depthai-ros/install/depthai_descriptions:${GAZEBO_RESOURCE_PATH} IGN_GAZEBO_MODEL_PATH=/workspaces/depthai-ros/install/depthai_descriptions:${IGN_GAZEBO_MODEL_PATH} IGN_GAZEBO_RESOURCE_PATH=/workspaces/depthai-ros/install/depthai_descriptions:${IGN_GAZEBO_RESOURCE_PATH} LD_LIBRARY_PATH=/workspaces/depthai-ros/install/depthai_bridge/lib:/workspaces/depthai-ros/install/depthai_ros_msgs/lib:${LD_LIBRARY_PATH} PYTHONPATH=/workspaces/depthai-ros/install/depthai_ros_msgs/local/lib/python3.10/dist-packages:${PYTHONPATH} /usr/bin/cmake --build /workspaces/depthai-ros/build/depthai_ros_driver -- -j6 -l6
